2022-12-07 11:31:47,555 INFO The server IP list of Nacos is [10.11.0.101:8848, 10.11.0.102:8848, 10.11.0.103:8848]

2022-12-07 11:31:47,561 INFO Starting Nacos v2.0.0 on b8556abe9313 with PID 32 (/home/nacos/target/nacos-server.jar started by root in /home/nacos)

2022-12-07 11:31:47,562 INFO No active profile set, falling back to default profiles: default

2022-12-07 11:31:48,556 INFO Nacos is starting...

2022-12-07 11:31:49,558 INFO Nacos is starting...

2022-12-07 11:31:50,641 INFO Nacos is starting...

2022-12-07 11:31:51,673 INFO Nacos is starting...

2022-12-07 11:31:52,190 INFO Bean 'org.springframework.security.access.expression.method.DefaultMethodSecurityExpressionHandler@36b6964d' of type [org.springframework.security.access.expression.method.DefaultMethodSecurityExpressionHandler] is not eligible for getting processed by all BeanPostProcessors (for example: not eligible for auto-proxying)

2022-12-07 11:31:52,197 INFO Bean 'methodSecurityMetadataSource' of type [org.springframework.security.access.method.DelegatingMethodSecurityMetadataSource] is not eligible for getting processed by all BeanPostProcessors (for example: not eligible for auto-proxying)

2022-12-07 11:31:52,552 INFO Tomcat initialized with port(s): 8848 (http)

2022-12-07 11:31:52,578 INFO Initializing ProtocolHandler ["http-nio-8848"]

2022-12-07 11:31:52,597 INFO Starting service [Tomcat]

2022-12-07 11:31:52,597 INFO Starting Servlet engine: [Apache Tomcat/9.0.38]

2022-12-07 11:31:52,674 INFO Nacos is starting...

2022-12-07 11:31:52,855 INFO At least one JAR was scanned for TLDs yet contained no TLDs. Enable debug logging for this logger for a complete list of JARs that were scanned but no TLDs were found in them. Skipping unneeded JARs during scanning can improve startup time and JSP compilation time.

2022-12-07 11:31:52,896 INFO Initializing Spring embedded WebApplicationContext

2022-12-07 11:31:52,897 INFO Root WebApplicationContext: initialization completed in 5235 ms

2022-12-07 11:31:53,215 INFO HikariPool-1 - Starting...

2022-12-07 11:31:53,611 INFO HikariPool-1 - Start completed.

2022-12-07 11:31:53,674 INFO Nacos is starting...

2022-12-07 11:31:53,839 INFO Nacos-related cluster resource initialization

2022-12-07 11:31:53,857 INFO The cluster resource is initialized

2022-12-07 11:31:54,675 INFO Nacos is starting...

2022-12-07 11:31:55,447 INFO Reflections took 37 ms to scan 1 urls, producing 5 keys and 10 values 

2022-12-07 11:31:55,480 INFO Reflections took 4 ms to scan 1 urls, producing 4 keys and 21 values 

2022-12-07 11:31:55,496 INFO Reflections took 4 ms to scan 1 urls, producing 5 keys and 19 values 

2022-12-07 11:31:55,507 INFO Reflections took 2 ms to scan 1 urls, producing 2 keys and 12 values 

2022-12-07 11:31:55,676 INFO Nacos is starting...

2022-12-07 11:31:56,054 INFO Reflections took 23 ms to scan 2 urls, producing 3 keys and 6 values 

2022-12-07 11:31:56,078 INFO Reflections took 21 ms to scan 2 urls, producing 4 keys and 9 values 

2022-12-07 11:31:56,100 INFO Reflections took 19 ms to scan 2 urls, producing 3 keys and 10 values 

2022-12-07 11:31:56,103 INFO Reflections took 2 ms to scan 1 urls, producing 2 keys and 2 values 

2022-12-07 11:31:56,124 INFO Reflections took 19 ms to scan 2 urls, producing 1 keys and 5 values 

2022-12-07 11:31:56,150 INFO Reflections took 23 ms to scan 2 urls, producing 1 keys and 7 values 

2022-12-07 11:31:56,171 INFO Reflections took 19 ms to scan 2 urls, producing 2 keys and 8 values 

2022-12-07 11:31:56,174 INFO Reflections took 1 ms to scan 1 urls, producing 1 keys and 1 values 

2022-12-07 11:31:56,677 INFO Nacos is starting...

2022-12-07 11:31:57,195 INFO Initializing ExecutorService 'applicationTaskExecutor'

2022-12-07 11:31:57,382 INFO Adding welcome page: class path resource [static/index.html]

2022-12-07 11:31:57,678 INFO Nacos is starting...

2022-12-07 11:31:57,857 INFO Creating filter chain: Ant [pattern='/**'], []

2022-12-07 11:31:57,896 INFO Creating filter chain: any request, [org.springframework.security.web.context.request.async.WebAsyncManagerIntegrationFilter@56913163, org.springframework.security.web.context.SecurityContextPersistenceFilter@34b27915, org.springframework.security.web.header.HeaderWriterFilter@3419e23b, org.springframework.security.web.csrf.CsrfFilter@43d38654, org.springframework.security.web.authentication.logout.LogoutFilter@67a3bd51, org.springframework.security.web.savedrequest.RequestCacheAwareFilter@1b9776f5, org.springframework.security.web.servletapi.SecurityContextHolderAwareRequestFilter@3d5790ea, org.springframework.security.web.authentication.AnonymousAuthenticationFilter@702b06fb, org.springframework.security.web.session.SessionManagementFilter@1d75e7af, org.springframework.security.web.access.ExceptionTranslationFilter@6d303498]

2022-12-07 11:31:58,002 INFO Initializing ExecutorService 'taskScheduler'

2022-12-07 11:31:58,030 INFO Exposing 16 endpoint(s) beneath base path '/actuator'

2022-12-07 11:31:58,140 INFO Starting ProtocolHandler ["http-nio-8848"]

2022-12-07 11:31:58,171 INFO Tomcat started on port(s): 8848 (http) with context path '/nacos'

2022-12-07 11:31:58,179 INFO Started Nacos in 12.598 seconds (JVM running for 13.151)

2022-12-07 11:31:58,180 INFO Nacos started successfully in cluster mode. use external storage

2022-12-07 11:31:58,295 INFO Initializing Spring DispatcherServlet 'dispatcherServlet'

2022-12-07 11:31:58,296 INFO Initializing Servlet 'dispatcherServlet'

2022-12-07 11:31:58,314 INFO Completed initialization in 18 ms

2022-12-07 11:31:58,396 INFO [Cluster-10.11.0.101:8848]RpcClient init label, labels={source=cluster}

2022-12-07 11:31:58,399 INFO [Cluster-10.11.0.101:8848]RpcClient init, ServerListFactory =com.alibaba.nacos.core.cluster.remote.ClusterRpcClientProxy$1

2022-12-07 11:31:58,401 INFO [Cluster-10.11.0.101:8848] Try to connect to server on start up, server: {serverIp='10.11.0.101', server main port=8848}

2022-12-07 11:31:58,569 INFO [Cluster-10.11.0.101:8848] Success to connect to server [10.11.0.101:8848] on start up,connectionId=1670412718443_10.11.0.103_36544

2022-12-07 11:31:58,571 INFO [Cluster-10.11.0.101:8848]Register server push request handler:com.alibaba.nacos.common.remote.client.RpcClient$ConnectResetRequestHandler

2022-12-07 11:31:58,572 INFO [Cluster-10.11.0.101:8848]Register server push request handler:com.alibaba.nacos.common.remote.client.RpcClient$4

2022-12-07 11:31:58,750 INFO [Cluster-10.11.0.102:8848]RpcClient init label, labels={source=cluster}

2022-12-07 11:31:58,752 INFO [Cluster-10.11.0.102:8848]RpcClient init, ServerListFactory =com.alibaba.nacos.core.cluster.remote.ClusterRpcClientProxy$1

2022-12-07 11:31:58,753 INFO [Cluster-10.11.0.102:8848] Try to connect to server on start up, server: {serverIp='10.11.0.102', server main port=8848}

2022-12-07 11:31:58,874 INFO [Cluster-10.11.0.102:8848] Success to connect to server [10.11.0.102:8848] on start up,connectionId=1670412718766_10.11.0.103_41678

2022-12-07 11:31:58,874 INFO [Cluster-10.11.0.102:8848]Register server push request handler:com.alibaba.nacos.common.remote.client.RpcClient$ConnectResetRequestHandler

2022-12-07 11:31:58,875 INFO [Cluster-10.11.0.102:8848]Register server push request handler:com.alibaba.nacos.common.remote.client.RpcClient$4

2022-12-07 11:32:00,742 ERROR CONSOLE

java.lang.IllegalStateException: unable to find local peer: 10.11.0.103:8848, all peers: []
	at com.alibaba.nacos.naming.consistency.persistent.raft.RaftPeerSet.local(RaftPeerSet.java:286)
	at com.alibaba.nacos.naming.core.ServiceManager.getMySelfClusterState(ServiceManager.java:307)
	at com.alibaba.nacos.naming.controllers.OperatorController.getClusterStates(OperatorController.java:256)
	at sun.reflect.NativeMethodAccessorImpl.invoke0(Native Method)
	at sun.reflect.NativeMethodAccessorImpl.invoke(NativeMethodAccessorImpl.java:62)
	at sun.reflect.DelegatingMethodAccessorImpl.invoke(DelegatingMethodAccessorImpl.java:43)
	at java.lang.reflect.Method.invoke(Method.java:498)
	at org.springframework.web.method.support.InvocableHandlerMethod.doInvoke(InvocableHandlerMethod.java:190)
	at org.springframework.web.method.support.InvocableHandlerMethod.invokeForRequest(InvocableHandlerMethod.java:138)
	at org.springframework.web.servlet.mvc.method.annotation.ServletInvocableHandlerMethod.invokeAndHandle(ServletInvocableHandlerMethod.java:105)
	at org.springframework.web.servlet.mvc.method.annotation.RequestMappingHandlerAdapter.invokeHandlerMethod(RequestMappingHandlerAdapter.java:892)
	at org.springframework.web.servlet.mvc.method.annotation.RequestMappingHandlerAdapter.handleInternal(RequestMappingHandlerAdapter.java:797)
	at org.springframework.web.servlet.mvc.method.AbstractHandlerMethodAdapter.handle(AbstractHandlerMethodAdapter.java:87)
	at org.springframework.web.servlet.DispatcherServlet.doDispatch(DispatcherServlet.java:1040)
	at org.springframework.web.servlet.DispatcherServlet.doService(DispatcherServlet.java:943)
	at org.springframework.web.servlet.FrameworkServlet.processRequest(FrameworkServlet.java:1006)
	at org.springframework.web.servlet.FrameworkServlet.doGet(FrameworkServlet.java:898)
	at javax.servlet.http.HttpServlet.service(HttpServlet.java:626)
	at org.springframework.web.servlet.FrameworkServlet.service(FrameworkServlet.java:883)
	at javax.servlet.http.HttpServlet.service(HttpServlet.java:733)
	at org.apache.catalina.core.ApplicationFilterChain.internalDoFilter(ApplicationFilterChain.java:231)
	at org.apache.catalina.core.ApplicationFilterChain.doFilter(ApplicationFilterChain.java:166)
	at org.apache.tomcat.websocket.server.WsFilter.doFilter(WsFilter.java:53)
	at org.apache.catalina.core.ApplicationFilterChain.internalDoFilter(ApplicationFilterChain.java:193)
	at org.apache.catalina.core.ApplicationFilterChain.doFilter(ApplicationFilterChain.java:166)
	at org.springframework.web.filter.CorsFilter.doFilterInternal(CorsFilter.java:97)
	at org.springframework.web.filter.OncePerRequestFilter.doFilter(OncePerRequestFilter.java:119)
	at org.apache.catalina.core.ApplicationFilterChain.internalDoFilter(ApplicationFilterChain.java:193)
	at org.apache.catalina.core.ApplicationFilterChain.doFilter(ApplicationFilterChain.java:166)
	at org.springframework.boot.actuate.web.trace.servlet.HttpTraceFilter.doFilterInternal(HttpTraceFilter.java:88)
	at org.springframework.web.filter.OncePerRequestFilter.doFilter(OncePerRequestFilter.java:119)
	at org.apache.catalina.core.ApplicationFilterChain.internalDoFilter(ApplicationFilterChain.java:193)
	at org.apache.catalina.core.ApplicationFilterChain.doFilter(ApplicationFilterChain.java:166)
	at com.alibaba.nacos.naming.web.DistroFilter.doFilter(DistroFilter.java:96)
	at org.apache.catalina.core.ApplicationFilterChain.internalDoFilter(ApplicationFilterChain.java:193)
	at org.apache.catalina.core.ApplicationFilterChain.doFilter(ApplicationFilterChain.java:166)
	at com.alibaba.nacos.core.auth.AuthFilter.doFilter(AuthFilter.java:69)
	at org.apache.catalina.core.ApplicationFilterChain.internalDoFilter(ApplicationFilterChain.java:193)
	at org.apache.catalina.core.ApplicationFilterChain.doFilter(ApplicationFilterChain.java:166)
	at com.alibaba.nacos.naming.web.ServiceNameFilter.doFilter(ServiceNameFilter.java:68)
	at org.apache.catalina.core.ApplicationFilterChain.internalDoFilter(ApplicationFilterChain.java:193)
	at org.apache.catalina.core.ApplicationFilterChain.doFilter(ApplicationFilterChain.java:166)
	at com.alibaba.nacos.naming.web.TrafficReviseFilter.doFilter(TrafficReviseFilter.java:83)
	at org.apache.catalina.core.ApplicationFilterChain.internalDoFilter(ApplicationFilterChain.java:193)
	at org.apache.catalina.core.ApplicationFilterChain.doFilter(ApplicationFilterChain.java:166)
	at org.springframework.security.web.FilterChainProxy.doFilterInternal(FilterChainProxy.java:209)
	at org.springframework.security.web.FilterChainProxy.doFilter(FilterChainProxy.java:178)
	at org.springframework.web.filter.DelegatingFilterProxy.invokeDelegate(DelegatingFilterProxy.java:358)
	at org.springframework.web.filter.DelegatingFilterProxy.doFilter(DelegatingFilterProxy.java:271)
	at org.apache.catalina.core.ApplicationFilterChain.internalDoFilter(ApplicationFilterChain.java:193)
	at org.apache.catalina.core.ApplicationFilterChain.doFilter(ApplicationFilterChain.java:166)
	at org.springframework.web.filter.RequestContextFilter.doFilterInternal(RequestContextFilter.java:100)
	at org.springframework.web.filter.OncePerRequestFilter.doFilter(OncePerRequestFilter.java:119)
	at org.apache.catalina.core.ApplicationFilterChain.internalDoFilter(ApplicationFilterChain.java:193)
	at org.apache.catalina.core.ApplicationFilterChain.doFilter(ApplicationFilterChain.java:166)
	at org.springframework.web.filter.FormContentFilter.doFilterInternal(FormContentFilter.java:93)
	at org.springframework.web.filter.OncePerRequestFilter.doFilter(OncePerRequestFilter.java:119)
	at org.apache.catalina.core.ApplicationFilterChain.internalDoFilter(ApplicationFilterChain.java:193)
	at org.apache.catalina.core.ApplicationFilterChain.doFilter(ApplicationFilterChain.java:166)
	at org.springframework.web.filter.HiddenHttpMethodFilter.doFilterInternal(HiddenHttpMethodFilter.java:94)
	at org.springframework.web.filter.OncePerRequestFilter.doFilter(OncePerRequestFilter.java:119)
	at org.apache.catalina.core.ApplicationFilterChain.internalDoFilter(ApplicationFilterChain.java:193)
	at org.apache.catalina.core.ApplicationFilterChain.doFilter(ApplicationFilterChain.java:166)
	at org.springframework.boot.actuate.metrics.web.servlet.WebMvcMetricsFilter.filterAndRecordMetrics(WebMvcMetricsFilter.java:114)
	at org.springframework.boot.actuate.metrics.web.servlet.WebMvcMetricsFilter.doFilterInternal(WebMvcMetricsFilter.java:104)
	at org.springframework.web.filter.OncePerRequestFilter.doFilter(OncePerRequestFilter.java:119)
	at org.apache.catalina.core.ApplicationFilterChain.internalDoFilter(ApplicationFilterChain.java:193)
	at org.apache.catalina.core.ApplicationFilterChain.doFilter(ApplicationFilterChain.java:166)
	at org.springframework.web.filter.CharacterEncodingFilter.doFilterInternal(CharacterEncodingFilter.java:201)
	at org.springframework.web.filter.OncePerRequestFilter.doFilter(OncePerRequestFilter.java:119)
	at org.apache.catalina.core.ApplicationFilterChain.internalDoFilter(ApplicationFilterChain.java:193)
	at org.apache.catalina.core.ApplicationFilterChain.doFilter(ApplicationFilterChain.java:166)
	at org.apache.catalina.core.StandardWrapperValve.invoke(StandardWrapperValve.java:202)
	at org.apache.catalina.core.StandardContextValve.invoke(StandardContextValve.java:97)
	at org.apache.catalina.authenticator.AuthenticatorBase.invoke(AuthenticatorBase.java:541)
	at org.apache.catalina.core.StandardHostValve.invoke(StandardHostValve.java:143)
	at org.apache.catalina.valves.ErrorReportValve.invoke(ErrorReportValve.java:92)
	at org.apache.catalina.core.StandardEngineValve.invoke(StandardEngineValve.java:78)
	at org.apache.catalina.connector.CoyoteAdapter.service(CoyoteAdapter.java:343)
	at org.apache.coyote.http11.Http11Processor.service(Http11Processor.java:374)
	at org.apache.coyote.AbstractProcessorLight.process(AbstractProcessorLight.java:65)
	at org.apache.coyote.AbstractProtocol$ConnectionHandler.process(AbstractProtocol.java:868)
	at org.apache.tomcat.util.net.NioEndpoint$SocketProcessor.doRun(NioEndpoint.java:1590)
	at org.apache.tomcat.util.net.SocketProcessorBase.run(SocketProcessorBase.java:49)
	at java.util.concurrent.ThreadPoolExecutor.runWorker(ThreadPoolExecutor.java:1149)
	at java.util.concurrent.ThreadPoolExecutor$Worker.run(ThreadPoolExecutor.java:624)
	at org.apache.tomcat.util.threads.TaskThread$WrappingRunnable.run(TaskThread.java:61)
	at java.lang.Thread.run(Thread.java:748)
2022-12-07 11:32:01,152 ERROR CONSOLE

java.lang.IllegalStateException: unable to find local peer: 10.11.0.103:8848, all peers: []
	at com.alibaba.nacos.naming.consistency.persistent.raft.RaftPeerSet.local(RaftPeerSet.java:286)
	at com.alibaba.nacos.naming.core.ServiceManager.getMySelfClusterState(ServiceManager.java:307)
	at com.alibaba.nacos.naming.controllers.OperatorController.getClusterStates(OperatorController.java:256)
	at sun.reflect.NativeMethodAccessorImpl.invoke0(Native Method)
	at sun.reflect.NativeMethodAccessorImpl.invoke(NativeMethodAccessorImpl.java:62)
	at sun.reflect.DelegatingMethodAccessorImpl.invoke(DelegatingMethodAccessorImpl.java:43)
	at java.lang.reflect.Method.invoke(Method.java:498)
	at org.springframework.web.method.support.InvocableHandlerMethod.doInvoke(InvocableHandlerMethod.java:190)
	at org.springframework.web.method.support.InvocableHandlerMethod.invokeForRequest(InvocableHandlerMethod.java:138)
	at org.springframework.web.servlet.mvc.method.annotation.ServletInvocableHandlerMethod.invokeAndHandle(ServletInvocableHandlerMethod.java:105)
	at org.springframework.web.servlet.mvc.method.annotation.RequestMappingHandlerAdapter.invokeHandlerMethod(RequestMappingHandlerAdapter.java:892)
	at org.springframework.web.servlet.mvc.method.annotation.RequestMappingHandlerAdapter.handleInternal(RequestMappingHandlerAdapter.java:797)
	at org.springframework.web.servlet.mvc.method.AbstractHandlerMethodAdapter.handle(AbstractHandlerMethodAdapter.java:87)
	at org.springframework.web.servlet.DispatcherServlet.doDispatch(DispatcherServlet.java:1040)
	at org.springframework.web.servlet.DispatcherServlet.doService(DispatcherServlet.java:943)
	at org.springframework.web.servlet.FrameworkServlet.processRequest(FrameworkServlet.java:1006)
	at org.springframework.web.servlet.FrameworkServlet.doGet(FrameworkServlet.java:898)
	at javax.servlet.http.HttpServlet.service(HttpServlet.java:626)
	at org.springframework.web.servlet.FrameworkServlet.service(FrameworkServlet.java:883)
	at javax.servlet.http.HttpServlet.service(HttpServlet.java:733)
	at org.apache.catalina.core.ApplicationFilterChain.internalDoFilter(ApplicationFilterChain.java:231)
	at org.apache.catalina.core.ApplicationFilterChain.doFilter(ApplicationFilterChain.java:166)
	at org.apache.tomcat.websocket.server.WsFilter.doFilter(WsFilter.java:53)
	at org.apache.catalina.core.ApplicationFilterChain.internalDoFilter(ApplicationFilterChain.java:193)
	at org.apache.catalina.core.ApplicationFilterChain.doFilter(ApplicationFilterChain.java:166)
	at org.springframework.web.filter.CorsFilter.doFilterInternal(CorsFilter.java:97)
	at org.springframework.web.filter.OncePerRequestFilter.doFilter(OncePerRequestFilter.java:119)
	at org.apache.catalina.core.ApplicationFilterChain.internalDoFilter(ApplicationFilterChain.java:193)
	at org.apache.catalina.core.ApplicationFilterChain.doFilter(ApplicationFilterChain.java:166)
	at org.springframework.boot.actuate.web.trace.servlet.HttpTraceFilter.doFilterInternal(HttpTraceFilter.java:88)
	at org.springframework.web.filter.OncePerRequestFilter.doFilter(OncePerRequestFilter.java:119)
	at org.apache.catalina.core.ApplicationFilterChain.internalDoFilter(ApplicationFilterChain.java:193)
	at org.apache.catalina.core.ApplicationFilterChain.doFilter(ApplicationFilterChain.java:166)
	at com.alibaba.nacos.naming.web.DistroFilter.doFilter(DistroFilter.java:96)
	at org.apache.catalina.core.ApplicationFilterChain.internalDoFilter(ApplicationFilterChain.java:193)
	at org.apache.catalina.core.ApplicationFilterChain.doFilter(ApplicationFilterChain.java:166)
	at com.alibaba.nacos.core.auth.AuthFilter.doFilter(AuthFilter.java:69)
	at org.apache.catalina.core.ApplicationFilterChain.internalDoFilter(ApplicationFilterChain.java:193)
	at org.apache.catalina.core.ApplicationFilterChain.doFilter(ApplicationFilterChain.java:166)
	at com.alibaba.nacos.naming.web.ServiceNameFilter.doFilter(ServiceNameFilter.java:68)
	at org.apache.catalina.core.ApplicationFilterChain.internalDoFilter(ApplicationFilterChain.java:193)
	at org.apache.catalina.core.ApplicationFilterChain.doFilter(ApplicationFilterChain.java:166)
	at com.alibaba.nacos.naming.web.TrafficReviseFilter.doFilter(TrafficReviseFilter.java:83)
	at org.apache.catalina.core.ApplicationFilterChain.internalDoFilter(ApplicationFilterChain.java:193)
	at org.apache.catalina.core.ApplicationFilterChain.doFilter(ApplicationFilterChain.java:166)
	at org.springframework.security.web.FilterChainProxy.doFilterInternal(FilterChainProxy.java:209)
	at org.springframework.security.web.FilterChainProxy.doFilter(FilterChainProxy.java:178)
	at org.springframework.web.filter.DelegatingFilterProxy.invokeDelegate(DelegatingFilterProxy.java:358)
	at org.springframework.web.filter.DelegatingFilterProxy.doFilter(DelegatingFilterProxy.java:271)
	at org.apache.catalina.core.ApplicationFilterChain.internalDoFilter(ApplicationFilterChain.java:193)
	at org.apache.catalina.core.ApplicationFilterChain.doFilter(ApplicationFilterChain.java:166)
	at org.springframework.web.filter.RequestContextFilter.doFilterInternal(RequestContextFilter.java:100)
	at org.springframework.web.filter.OncePerRequestFilter.doFilter(OncePerRequestFilter.java:119)
	at org.apache.catalina.core.ApplicationFilterChain.internalDoFilter(ApplicationFilterChain.java:193)
	at org.apache.catalina.core.ApplicationFilterChain.doFilter(ApplicationFilterChain.java:166)
	at org.springframework.web.filter.FormContentFilter.doFilterInternal(FormContentFilter.java:93)
	at org.springframework.web.filter.OncePerRequestFilter.doFilter(OncePerRequestFilter.java:119)
	at org.apache.catalina.core.ApplicationFilterChain.internalDoFilter(ApplicationFilterChain.java:193)
	at org.apache.catalina.core.ApplicationFilterChain.doFilter(ApplicationFilterChain.java:166)
	at org.springframework.web.filter.HiddenHttpMethodFilter.doFilterInternal(HiddenHttpMethodFilter.java:94)
	at org.springframework.web.filter.OncePerRequestFilter.doFilter(OncePerRequestFilter.java:119)
	at org.apache.catalina.core.ApplicationFilterChain.internalDoFilter(ApplicationFilterChain.java:193)
	at org.apache.catalina.core.ApplicationFilterChain.doFilter(ApplicationFilterChain.java:166)
	at org.springframework.boot.actuate.metrics.web.servlet.WebMvcMetricsFilter.filterAndRecordMetrics(WebMvcMetricsFilter.java:114)
	at org.springframework.boot.actuate.metrics.web.servlet.WebMvcMetricsFilter.doFilterInternal(WebMvcMetricsFilter.java:104)
	at org.springframework.web.filter.OncePerRequestFilter.doFilter(OncePerRequestFilter.java:119)
	at org.apache.catalina.core.ApplicationFilterChain.internalDoFilter(ApplicationFilterChain.java:193)
	at org.apache.catalina.core.ApplicationFilterChain.doFilter(ApplicationFilterChain.java:166)
	at org.springframework.web.filter.CharacterEncodingFilter.doFilterInternal(CharacterEncodingFilter.java:201)
	at org.springframework.web.filter.OncePerRequestFilter.doFilter(OncePerRequestFilter.java:119)
	at org.apache.catalina.core.ApplicationFilterChain.internalDoFilter(ApplicationFilterChain.java:193)
	at org.apache.catalina.core.ApplicationFilterChain.doFilter(ApplicationFilterChain.java:166)
	at org.apache.catalina.core.StandardWrapperValve.invoke(StandardWrapperValve.java:202)
	at org.apache.catalina.core.StandardContextValve.invoke(StandardContextValve.java:97)
	at org.apache.catalina.authenticator.AuthenticatorBase.invoke(AuthenticatorBase.java:541)
	at org.apache.catalina.core.StandardHostValve.invoke(StandardHostValve.java:143)
	at org.apache.catalina.valves.ErrorReportValve.invoke(ErrorReportValve.java:92)
	at org.apache.catalina.core.StandardEngineValve.invoke(StandardEngineValve.java:78)
	at org.apache.catalina.connector.CoyoteAdapter.service(CoyoteAdapter.java:343)
	at org.apache.coyote.http11.Http11Processor.service(Http11Processor.java:374)
	at org.apache.coyote.AbstractProcessorLight.process(AbstractProcessorLight.java:65)
	at org.apache.coyote.AbstractProtocol$ConnectionHandler.process(AbstractProtocol.java:868)
	at org.apache.tomcat.util.net.NioEndpoint$SocketProcessor.doRun(NioEndpoint.java:1590)
	at org.apache.tomcat.util.net.SocketProcessorBase.run(SocketProcessorBase.java:49)
	at java.util.concurrent.ThreadPoolExecutor.runWorker(ThreadPoolExecutor.java:1149)
	at java.util.concurrent.ThreadPoolExecutor$Worker.run(ThreadPoolExecutor.java:624)
	at org.apache.tomcat.util.threads.TaskThread$WrappingRunnable.run(TaskThread.java:61)
	at java.lang.Thread.run(Thread.java:748)
2022-12-07 11:32:01,242 ERROR CONSOLE

java.lang.IllegalStateException: old raft protocol already stop
	at com.alibaba.nacos.naming.controllers.RaftController.beat(RaftController.java:115)
	at sun.reflect.NativeMethodAccessorImpl.invoke0(Native Method)
	at sun.reflect.NativeMethodAccessorImpl.invoke(NativeMethodAccessorImpl.java:62)
	at sun.reflect.DelegatingMethodAccessorImpl.invoke(DelegatingMethodAccessorImpl.java:43)
	at java.lang.reflect.Method.invoke(Method.java:498)
	at org.springframework.web.method.support.InvocableHandlerMethod.doInvoke(InvocableHandlerMethod.java:190)
	at org.springframework.web.method.support.InvocableHandlerMethod.invokeForRequest(InvocableHandlerMethod.java:138)
	at org.springframework.web.servlet.mvc.method.annotation.ServletInvocableHandlerMethod.invokeAndHandle(ServletInvocableHandlerMethod.java:105)
	at org.springframework.web.servlet.mvc.method.annotation.RequestMappingHandlerAdapter.invokeHandlerMethod(RequestMappingHandlerAdapter.java:892)
	at org.springframework.web.servlet.mvc.method.annotation.RequestMappingHandlerAdapter.handleInternal(RequestMappingHandlerAdapter.java:797)
	at org.springframework.web.servlet.mvc.method.AbstractHandlerMethodAdapter.handle(AbstractHandlerMethodAdapter.java:87)
	at org.springframework.web.servlet.DispatcherServlet.doDispatch(DispatcherServlet.java:1040)
	at org.springframework.web.servlet.DispatcherServlet.doService(DispatcherServlet.java:943)
	at org.springframework.web.servlet.FrameworkServlet.processRequest(FrameworkServlet.java:1006)
	at org.springframework.web.servlet.FrameworkServlet.doPost(FrameworkServlet.java:909)
	at javax.servlet.http.HttpServlet.service(HttpServlet.java:652)
	at org.springframework.web.servlet.FrameworkServlet.service(FrameworkServlet.java:883)
	at javax.servlet.http.HttpServlet.service(HttpServlet.java:733)
	at org.apache.catalina.core.ApplicationFilterChain.internalDoFilter(ApplicationFilterChain.java:231)
	at org.apache.catalina.core.ApplicationFilterChain.doFilter(ApplicationFilterChain.java:166)
	at org.apache.tomcat.websocket.server.WsFilter.doFilter(WsFilter.java:53)
	at org.apache.catalina.core.ApplicationFilterChain.internalDoFilter(ApplicationFilterChain.java:193)
	at org.apache.catalina.core.ApplicationFilterChain.doFilter(ApplicationFilterChain.java:166)
	at org.springframework.web.filter.CorsFilter.doFilterInternal(CorsFilter.java:97)
	at org.springframework.web.filter.OncePerRequestFilter.doFilter(OncePerRequestFilter.java:119)
	at org.apache.catalina.core.ApplicationFilterChain.internalDoFilter(ApplicationFilterChain.java:193)
	at org.apache.catalina.core.ApplicationFilterChain.doFilter(ApplicationFilterChain.java:166)
	at org.springframework.boot.actuate.web.trace.servlet.HttpTraceFilter.doFilterInternal(HttpTraceFilter.java:88)
	at org.springframework.web.filter.OncePerRequestFilter.doFilter(OncePerRequestFilter.java:119)
	at org.apache.catalina.core.ApplicationFilterChain.internalDoFilter(ApplicationFilterChain.java:193)
	at org.apache.catalina.core.ApplicationFilterChain.doFilter(ApplicationFilterChain.java:166)
	at com.alibaba.nacos.naming.web.DistroFilter.doFilter(DistroFilter.java:96)
	at org.apache.catalina.core.ApplicationFilterChain.internalDoFilter(ApplicationFilterChain.java:193)
	at org.apache.catalina.core.ApplicationFilterChain.doFilter(ApplicationFilterChain.java:166)
	at com.alibaba.nacos.core.auth.AuthFilter.doFilter(AuthFilter.java:69)
	at org.apache.catalina.core.ApplicationFilterChain.internalDoFilter(ApplicationFilterChain.java:193)
	at org.apache.catalina.core.ApplicationFilterChain.doFilter(ApplicationFilterChain.java:166)
	at com.alibaba.nacos.naming.web.ServiceNameFilter.doFilter(ServiceNameFilter.java:68)
	at org.apache.catalina.core.ApplicationFilterChain.internalDoFilter(ApplicationFilterChain.java:193)
	at org.apache.catalina.core.ApplicationFilterChain.doFilter(ApplicationFilterChain.java:166)
	at com.alibaba.nacos.naming.web.TrafficReviseFilter.doFilter(TrafficReviseFilter.java:83)
	at org.apache.catalina.core.ApplicationFilterChain.internalDoFilter(ApplicationFilterChain.java:193)
	at org.apache.catalina.core.ApplicationFilterChain.doFilter(ApplicationFilterChain.java:166)
	at org.springframework.security.web.FilterChainProxy.doFilterInternal(FilterChainProxy.java:209)
	at org.springframework.security.web.FilterChainProxy.doFilter(FilterChainProxy.java:178)
	at org.springframework.web.filter.DelegatingFilterProxy.invokeDelegate(DelegatingFilterProxy.java:358)
	at org.springframework.web.filter.DelegatingFilterProxy.doFilter(DelegatingFilterProxy.java:271)
	at org.apache.catalina.core.ApplicationFilterChain.internalDoFilter(ApplicationFilterChain.java:193)
	at org.apache.catalina.core.ApplicationFilterChain.doFilter(ApplicationFilterChain.java:166)
	at org.springframework.web.filter.RequestContextFilter.doFilterInternal(RequestContextFilter.java:100)
	at org.springframework.web.filter.OncePerRequestFilter.doFilter(OncePerRequestFilter.java:119)
	at org.apache.catalina.core.ApplicationFilterChain.internalDoFilter(ApplicationFilterChain.java:193)
	at org.apache.catalina.core.ApplicationFilterChain.doFilter(ApplicationFilterChain.java:166)
	at org.springframework.web.filter.FormContentFilter.doFilterInternal(FormContentFilter.java:93)
	at org.springframework.web.filter.OncePerRequestFilter.doFilter(OncePerRequestFilter.java:119)
	at org.apache.catalina.core.ApplicationFilterChain.internalDoFilter(ApplicationFilterChain.java:193)
	at org.apache.catalina.core.ApplicationFilterChain.doFilter(ApplicationFilterChain.java:166)
	at org.springframework.web.filter.HiddenHttpMethodFilter.doFilterInternal(HiddenHttpMethodFilter.java:94)
	at org.springframework.web.filter.OncePerRequestFilter.doFilter(OncePerRequestFilter.java:119)
	at org.apache.catalina.core.ApplicationFilterChain.internalDoFilter(ApplicationFilterChain.java:193)
	at org.apache.catalina.core.ApplicationFilterChain.doFilter(ApplicationFilterChain.java:166)
	at org.springframework.boot.actuate.metrics.web.servlet.WebMvcMetricsFilter.filterAndRecordMetrics(WebMvcMetricsFilter.java:114)
	at org.springframework.boot.actuate.metrics.web.servlet.WebMvcMetricsFilter.doFilterInternal(WebMvcMetricsFilter.java:104)
	at org.springframework.web.filter.OncePerRequestFilter.doFilter(OncePerRequestFilter.java:119)
	at org.apache.catalina.core.ApplicationFilterChain.internalDoFilter(ApplicationFilterChain.java:193)
	at org.apache.catalina.core.ApplicationFilterChain.doFilter(ApplicationFilterChain.java:166)
	at org.springframework.web.filter.CharacterEncodingFilter.doFilterInternal(CharacterEncodingFilter.java:201)
	at org.springframework.web.filter.OncePerRequestFilter.doFilter(OncePerRequestFilter.java:119)
	at org.apache.catalina.core.ApplicationFilterChain.internalDoFilter(ApplicationFilterChain.java:193)
	at org.apache.catalina.core.ApplicationFilterChain.doFilter(ApplicationFilterChain.java:166)
	at org.apache.catalina.core.StandardWrapperValve.invoke(StandardWrapperValve.java:202)
	at org.apache.catalina.core.StandardContextValve.invoke(StandardContextValve.java:97)
	at org.apache.catalina.authenticator.AuthenticatorBase.invoke(AuthenticatorBase.java:541)
	at org.apache.catalina.core.StandardHostValve.invoke(StandardHostValve.java:143)
	at org.apache.catalina.valves.ErrorReportValve.invoke(ErrorReportValve.java:92)
	at org.apache.catalina.core.StandardEngineValve.invoke(StandardEngineValve.java:78)
	at org.apache.catalina.connector.CoyoteAdapter.service(CoyoteAdapter.java:343)
	at org.apache.coyote.http11.Http11Processor.service(Http11Processor.java:374)
	at org.apache.coyote.AbstractProcessorLight.process(AbstractProcessorLight.java:65)
	at org.apache.coyote.AbstractProtocol$ConnectionHandler.process(AbstractProtocol.java:868)
	at org.apache.tomcat.util.net.NioEndpoint$SocketProcessor.doRun(NioEndpoint.java:1590)
	at org.apache.tomcat.util.net.SocketProcessorBase.run(SocketProcessorBase.java:49)
	at java.util.concurrent.ThreadPoolExecutor.runWorker(ThreadPoolExecutor.java:1149)
	at java.util.concurrent.ThreadPoolExecutor$Worker.run(ThreadPoolExecutor.java:624)
	at org.apache.tomcat.util.threads.TaskThread$WrappingRunnable.run(TaskThread.java:61)
	at java.lang.Thread.run(Thread.java:748)
2022-12-07 11:39:20,244 ERROR [1670412718443_10.11.0.103_36544]Request stream error, switch server,error={}

io.grpc.StatusRuntimeException: UNAVAILABLE: Network closed for unknown reason
	at io.grpc.Status.asRuntimeException(Status.java:533)
	at io.grpc.stub.ClientCalls$StreamObserverToCallListenerAdapter.onClose(ClientCalls.java:442)
	at io.grpc.PartialForwardingClientCallListener.onClose(PartialForwardingClientCallListener.java:39)
	at io.grpc.ForwardingClientCallListener.onClose(ForwardingClientCallListener.java:23)
	at io.grpc.ForwardingClientCallListener$SimpleForwardingClientCallListener.onClose(ForwardingClientCallListener.java:40)
	at io.grpc.internal.CensusStatsModule$StatsClientInterceptor$1$1.onClose(CensusStatsModule.java:700)
	at io.grpc.PartialForwardingClientCallListener.onClose(PartialForwardingClientCallListener.java:39)
	at io.grpc.ForwardingClientCallListener.onClose(ForwardingClientCallListener.java:23)
	at io.grpc.ForwardingClientCallListener$SimpleForwardingClientCallListener.onClose(ForwardingClientCallListener.java:40)
	at io.grpc.internal.CensusTracingModule$TracingClientInterceptor$1$1.onClose(CensusTracingModule.java:399)
	at io.grpc.internal.ClientCallImpl.closeObserver(ClientCallImpl.java:510)
	at io.grpc.internal.ClientCallImpl.access$300(ClientCallImpl.java:66)
	at io.grpc.internal.ClientCallImpl$ClientStreamListenerImpl.close(ClientCallImpl.java:630)
	at io.grpc.internal.ClientCallImpl$ClientStreamListenerImpl.access$700(ClientCallImpl.java:518)
	at io.grpc.internal.ClientCallImpl$ClientStreamListenerImpl$1StreamClosed.runInternal(ClientCallImpl.java:692)
	at io.grpc.internal.ClientCallImpl$ClientStreamListenerImpl$1StreamClosed.runInContext(ClientCallImpl.java:681)
	at io.grpc.internal.ContextRunnable.run(ContextRunnable.java:37)
	at io.grpc.internal.SerializingExecutor.run(SerializingExecutor.java:123)
	at java.util.concurrent.ThreadPoolExecutor.runWorker(ThreadPoolExecutor.java:1149)
	at java.util.concurrent.ThreadPoolExecutor$Worker.run(ThreadPoolExecutor.java:624)
	at java.lang.Thread.run(Thread.java:748)
2022-12-07 11:39:20,245 INFO [Cluster-10.11.0.101:8848] try to re connect to a new server ,server is  not appointed,will choose a random server.

2022-12-07 11:39:20,363 INFO [Cluster-10.11.0.101:8848] fail to connect server,after trying 1 times, last try server is {serverIp='10.11.0.101', server main port=8848},error=unknown

2022-12-07 11:39:20,569 INFO [Cluster-10.11.0.101:8848] fail to connect server,after trying 2 times, last try server is {serverIp='10.11.0.101', server main port=8848},error=unknown

2022-12-07 11:39:23,874 INFO [Cluster-10.11.0.101:8848] fail to connect server,after trying 3 times, last try server is {serverIp='10.11.0.101', server main port=8848},error=unknown

2022-12-07 11:39:27,277 INFO [Cluster-10.11.0.101:8848] fail to connect server,after trying 4 times, last try server is {serverIp='10.11.0.101', server main port=8848},error=unknown

2022-12-07 11:39:30,780 INFO [Cluster-10.11.0.101:8848] fail to connect server,after trying 5 times, last try server is {serverIp='10.11.0.101', server main port=8848},error=unknown

2022-12-07 11:45:16,516 INFO The server IP list of Nacos is [10.11.0.101:8848, 10.11.0.102:8848, 10.11.0.103:8848]

2022-12-07 11:45:16,524 INFO Starting Nacos v2.0.3 on 1a7473ba2588 with PID 1 (/home/nacos/target/nacos-server.jar started by root in /home/nacos)

2022-12-07 11:45:16,525 INFO No active profile set, falling back to default profiles: default

2022-12-07 11:45:17,519 INFO Nacos is starting...

2022-12-07 11:45:18,628 INFO Nacos is starting...

2022-12-07 11:45:19,629 INFO Nacos is starting...

2022-12-07 11:45:20,308 INFO Bean 'org.springframework.security.access.expression.method.DefaultMethodSecurityExpressionHandler@545f80bf' of type [org.springframework.security.access.expression.method.DefaultMethodSecurityExpressionHandler] is not eligible for getting processed by all BeanPostProcessors (for example: not eligible for auto-proxying)

2022-12-07 11:45:20,316 INFO Bean 'methodSecurityMetadataSource' of type [org.springframework.security.access.method.DelegatingMethodSecurityMetadataSource] is not eligible for getting processed by all BeanPostProcessors (for example: not eligible for auto-proxying)

2022-12-07 11:45:20,630 INFO Nacos is starting...

2022-12-07 11:45:20,672 INFO Tomcat initialized with port(s): 8848 (http)

2022-12-07 11:45:20,695 INFO Initializing ProtocolHandler ["http-nio-8848"]

2022-12-07 11:45:20,713 INFO Starting service [Tomcat]

2022-12-07 11:45:20,713 INFO Starting Servlet engine: [Apache Tomcat/9.0.38]

2022-12-07 11:45:21,007 INFO At least one JAR was scanned for TLDs yet contained no TLDs. Enable debug logging for this logger for a complete list of JARs that were scanned but no TLDs were found in them. Skipping unneeded JARs during scanning can improve startup time and JSP compilation time.

2022-12-07 11:45:21,045 INFO Initializing Spring embedded WebApplicationContext

2022-12-07 11:45:21,046 INFO Root WebApplicationContext: initialization completed in 4470 ms

2022-12-07 11:45:21,384 INFO HikariPool-1 - Starting...

2022-12-07 11:45:21,618 INFO HikariPool-1 - Start completed.

2022-12-07 11:45:21,629 WARN [WatchFileCenter] start close

2022-12-07 11:45:21,629 WARN [NotifyCenter] Start destroying Publisher

2022-12-07 11:45:21,630 WARN [NotifyCenter] Destruction of the end

2022-12-07 11:45:21,630 WARN [WatchFileCenter] start to shutdown this watcher which is watch : /home/nacos/conf

2022-12-07 11:45:21,630 INFO Nacos is starting...

2022-12-07 11:45:21,631 WARN [WatchFileCenter] already closed

2022-12-07 11:48:44,407 INFO The server IP list of Nacos is [10.11.0.101:8848, 10.11.0.102:8848, 10.11.0.103:8848]

2022-12-07 11:48:44,415 INFO Starting Nacos v2.0.3 on 160cb5f03ebb with PID 1 (/home/nacos/target/nacos-server.jar started by root in /home/nacos)

2022-12-07 11:48:44,416 INFO No active profile set, falling back to default profiles: default

2022-12-07 11:48:45,412 INFO Nacos is starting...

2022-12-07 11:48:46,471 INFO Nacos is starting...

2022-12-07 11:48:47,472 INFO Nacos is starting...

2022-12-07 11:48:48,078 INFO Bean 'org.springframework.security.access.expression.method.DefaultMethodSecurityExpressionHandler@1ea9f009' of type [org.springframework.security.access.expression.method.DefaultMethodSecurityExpressionHandler] is not eligible for getting processed by all BeanPostProcessors (for example: not eligible for auto-proxying)

2022-12-07 11:48:48,085 INFO Bean 'methodSecurityMetadataSource' of type [org.springframework.security.access.method.DelegatingMethodSecurityMetadataSource] is not eligible for getting processed by all BeanPostProcessors (for example: not eligible for auto-proxying)

2022-12-07 11:48:48,453 INFO Tomcat initialized with port(s): 8848 (http)

2022-12-07 11:48:48,473 INFO Nacos is starting...

2022-12-07 11:48:48,489 INFO Initializing ProtocolHandler ["http-nio-8848"]

2022-12-07 11:48:48,506 INFO Starting service [Tomcat]

2022-12-07 11:48:48,507 INFO Starting Servlet engine: [Apache Tomcat/9.0.38]

2022-12-07 11:48:48,855 INFO At least one JAR was scanned for TLDs yet contained no TLDs. Enable debug logging for this logger for a complete list of JARs that were scanned but no TLDs were found in them. Skipping unneeded JARs during scanning can improve startup time and JSP compilation time.

2022-12-07 11:48:48,895 INFO Initializing Spring embedded WebApplicationContext

2022-12-07 11:48:48,895 INFO Root WebApplicationContext: initialization completed in 4431 ms

2022-12-07 11:48:49,220 INFO HikariPool-1 - Starting...

2022-12-07 11:48:49,420 INFO HikariPool-1 - Start completed.

2022-12-07 11:48:49,474 INFO Nacos is starting...

2022-12-07 11:48:49,756 INFO Nacos-related cluster resource initialization

2022-12-07 11:48:49,782 INFO The cluster resource is initialized

2022-12-07 11:48:49,837 INFO Get Distro config from env, DistroConfig{syncDelayMillis=1000, syncTimeoutMillis=3000, syncRetryDelayMillis=3000, verifyIntervalMillis=5000, verifyTimeoutMillis=3000, loadDataRetryDelayMillis=30000}

2022-12-07 11:48:50,475 INFO Nacos is starting...

2022-12-07 11:48:51,386 INFO Reflections took 41 ms to scan 1 urls, producing 5 keys and 10 values 

2022-12-07 11:48:51,421 INFO Reflections took 5 ms to scan 1 urls, producing 4 keys and 23 values 

2022-12-07 11:48:51,437 INFO Reflections took 4 ms to scan 1 urls, producing 5 keys and 19 values 

2022-12-07 11:48:51,448 INFO Reflections took 1 ms to scan 1 urls, producing 2 keys and 12 values 

2022-12-07 11:48:51,476 INFO Nacos is starting...

2022-12-07 11:48:51,972 INFO Reflections took 25 ms to scan 2 urls, producing 3 keys and 6 values 

2022-12-07 11:48:52,001 INFO Reflections took 26 ms to scan 2 urls, producing 4 keys and 9 values 

2022-12-07 11:48:52,023 INFO Reflections took 20 ms to scan 2 urls, producing 3 keys and 10 values 

2022-12-07 11:48:52,027 INFO Reflections took 1 ms to scan 1 urls, producing 2 keys and 2 values 

2022-12-07 11:48:52,049 INFO Reflections took 20 ms to scan 2 urls, producing 1 keys and 5 values 

2022-12-07 11:48:52,072 INFO Reflections took 20 ms to scan 2 urls, producing 1 keys and 7 values 

2022-12-07 11:48:52,096 INFO Reflections took 22 ms to scan 2 urls, producing 2 keys and 8 values 

2022-12-07 11:48:52,101 INFO Reflections took 2 ms to scan 1 urls, producing 1 keys and 1 values 

2022-12-07 11:48:52,476 INFO Nacos is starting...

2022-12-07 11:48:53,034 INFO Initializing ExecutorService 'applicationTaskExecutor'

2022-12-07 11:48:53,219 INFO Adding welcome page: class path resource [static/index.html]

2022-12-07 11:48:53,477 INFO Nacos is starting...

2022-12-07 11:48:53,737 INFO Creating filter chain: Ant [pattern='/**'], []

2022-12-07 11:48:53,788 INFO Creating filter chain: any request, [org.springframework.security.web.context.request.async.WebAsyncManagerIntegrationFilter@15dc339f, org.springframework.security.web.context.SecurityContextPersistenceFilter@41b1f51e, org.springframework.security.web.header.HeaderWriterFilter@7c1e32c9, org.springframework.security.web.csrf.CsrfFilter@140d1230, org.springframework.security.web.authentication.logout.LogoutFilter@5a2bd7c8, org.springframework.security.web.savedrequest.RequestCacheAwareFilter@47b67fcb, org.springframework.security.web.servletapi.SecurityContextHolderAwareRequestFilter@7efe7b87, org.springframework.security.web.authentication.AnonymousAuthenticationFilter@6cd56321, org.springframework.security.web.session.SessionManagementFilter@3dd818e8, org.springframework.security.web.access.ExceptionTranslationFilter@10bea4]

2022-12-07 11:48:53,911 INFO Initializing ExecutorService 'taskScheduler'

2022-12-07 11:48:53,942 INFO Exposing 16 endpoint(s) beneath base path '/actuator'

2022-12-07 11:48:54,053 INFO Starting ProtocolHandler ["http-nio-8848"]

2022-12-07 11:48:54,088 INFO Tomcat started on port(s): 8848 (http) with context path '/nacos'

2022-12-07 11:48:54,094 INFO Started Nacos in 11.13 seconds (JVM running for 11.747)

2022-12-07 11:48:54,095 INFO Nacos started successfully in cluster mode. use external storage

2022-12-07 11:48:54,945 INFO Initializing Spring DispatcherServlet 'dispatcherServlet'

2022-12-07 11:48:54,946 INFO Initializing Servlet 'dispatcherServlet'

2022-12-07 11:48:54,963 INFO Completed initialization in 17 ms

2022-12-07 11:48:56,389 INFO [Cluster-10.11.0.101:8848]RpcClient init label, labels={source=cluster}

2022-12-07 11:48:56,390 INFO [Cluster-10.11.0.101:8848]RpcClient init, ServerListFactory =com.alibaba.nacos.core.cluster.remote.ClusterRpcClientProxy$1

2022-12-07 11:48:56,392 INFO [Cluster-10.11.0.101:8848] Try to connect to server on start up, server: {serverIp='10.11.0.101', server main port=8848}

2022-12-07 11:48:56,543 INFO [Cluster-10.11.0.101:8848] Success to connect to server [10.11.0.101:8848] on start up,connectionId=1670413736425_10.11.0.103_39550

2022-12-07 11:48:56,544 INFO [Cluster-10.11.0.101:8848]Register server push request handler:com.alibaba.nacos.common.remote.client.RpcClient$ConnectResetRequestHandler

2022-12-07 11:48:56,545 INFO [Cluster-10.11.0.101:8848]Register server push request handler:com.alibaba.nacos.common.remote.client.RpcClient$4

2022-12-07 11:48:56,707 INFO [Cluster-10.11.0.102:8848]RpcClient init label, labels={source=cluster}

2022-12-07 11:48:56,708 INFO [Cluster-10.11.0.102:8848]RpcClient init, ServerListFactory =com.alibaba.nacos.core.cluster.remote.ClusterRpcClientProxy$1

2022-12-07 11:48:56,709 INFO [Cluster-10.11.0.102:8848] Try to connect to server on start up, server: {serverIp='10.11.0.102', server main port=8848}

2022-12-07 11:48:56,820 INFO [Cluster-10.11.0.102:8848] Success to connect to server [10.11.0.102:8848] on start up,connectionId=1670413736714_10.11.0.103_44684

2022-12-07 11:48:56,821 INFO [Cluster-10.11.0.102:8848]Register server push request handler:com.alibaba.nacos.common.remote.client.RpcClient$ConnectResetRequestHandler

2022-12-07 11:48:56,821 INFO [Cluster-10.11.0.102:8848]Register server push request handler:com.alibaba.nacos.common.remote.client.RpcClient$4

2022-12-07 11:49:04,846 ERROR CONSOLE

java.lang.IllegalStateException: old raft protocol already stop
	at com.alibaba.nacos.naming.controllers.RaftController.beat(RaftController.java:116)
	at sun.reflect.NativeMethodAccessorImpl.invoke0(Native Method)
	at sun.reflect.NativeMethodAccessorImpl.invoke(NativeMethodAccessorImpl.java:62)
	at sun.reflect.DelegatingMethodAccessorImpl.invoke(DelegatingMethodAccessorImpl.java:43)
	at java.lang.reflect.Method.invoke(Method.java:498)
	at org.springframework.web.method.support.InvocableHandlerMethod.doInvoke(InvocableHandlerMethod.java:190)
	at org.springframework.web.method.support.InvocableHandlerMethod.invokeForRequest(InvocableHandlerMethod.java:138)
	at org.springframework.web.servlet.mvc.method.annotation.ServletInvocableHandlerMethod.invokeAndHandle(ServletInvocableHandlerMethod.java:105)
	at org.springframework.web.servlet.mvc.method.annotation.RequestMappingHandlerAdapter.invokeHandlerMethod(RequestMappingHandlerAdapter.java:892)
	at org.springframework.web.servlet.mvc.method.annotation.RequestMappingHandlerAdapter.handleInternal(RequestMappingHandlerAdapter.java:797)
	at org.springframework.web.servlet.mvc.method.AbstractHandlerMethodAdapter.handle(AbstractHandlerMethodAdapter.java:87)
	at org.springframework.web.servlet.DispatcherServlet.doDispatch(DispatcherServlet.java:1040)
	at org.springframework.web.servlet.DispatcherServlet.doService(DispatcherServlet.java:943)
	at org.springframework.web.servlet.FrameworkServlet.processRequest(FrameworkServlet.java:1006)
	at org.springframework.web.servlet.FrameworkServlet.doPost(FrameworkServlet.java:909)
	at javax.servlet.http.HttpServlet.service(HttpServlet.java:652)
	at org.springframework.web.servlet.FrameworkServlet.service(FrameworkServlet.java:883)
	at javax.servlet.http.HttpServlet.service(HttpServlet.java:733)
	at org.apache.catalina.core.ApplicationFilterChain.internalDoFilter(ApplicationFilterChain.java:231)
	at org.apache.catalina.core.ApplicationFilterChain.doFilter(ApplicationFilterChain.java:166)
	at org.apache.tomcat.websocket.server.WsFilter.doFilter(WsFilter.java:53)
	at org.apache.catalina.core.ApplicationFilterChain.internalDoFilter(ApplicationFilterChain.java:193)
	at org.apache.catalina.core.ApplicationFilterChain.doFilter(ApplicationFilterChain.java:166)
	at org.springframework.web.filter.CorsFilter.doFilterInternal(CorsFilter.java:97)
	at org.springframework.web.filter.OncePerRequestFilter.doFilter(OncePerRequestFilter.java:119)
	at org.apache.catalina.core.ApplicationFilterChain.internalDoFilter(ApplicationFilterChain.java:193)
	at org.apache.catalina.core.ApplicationFilterChain.doFilter(ApplicationFilterChain.java:166)
	at org.springframework.boot.actuate.web.trace.servlet.HttpTraceFilter.doFilterInternal(HttpTraceFilter.java:88)
	at org.springframework.web.filter.OncePerRequestFilter.doFilter(OncePerRequestFilter.java:119)
	at org.apache.catalina.core.ApplicationFilterChain.internalDoFilter(ApplicationFilterChain.java:193)
	at org.apache.catalina.core.ApplicationFilterChain.doFilter(ApplicationFilterChain.java:166)
	at com.alibaba.nacos.naming.web.DistroFilter.doFilter(DistroFilter.java:96)
	at org.apache.catalina.core.ApplicationFilterChain.internalDoFilter(ApplicationFilterChain.java:193)
	at org.apache.catalina.core.ApplicationFilterChain.doFilter(ApplicationFilterChain.java:166)
	at com.alibaba.nacos.core.auth.AuthFilter.doFilter(AuthFilter.java:69)
	at org.apache.catalina.core.ApplicationFilterChain.internalDoFilter(ApplicationFilterChain.java:193)
	at org.apache.catalina.core.ApplicationFilterChain.doFilter(ApplicationFilterChain.java:166)
	at com.alibaba.nacos.naming.web.ServiceNameFilter.doFilter(ServiceNameFilter.java:68)
	at org.apache.catalina.core.ApplicationFilterChain.internalDoFilter(ApplicationFilterChain.java:193)
	at org.apache.catalina.core.ApplicationFilterChain.doFilter(ApplicationFilterChain.java:166)
	at com.alibaba.nacos.naming.web.TrafficReviseFilter.doFilter(TrafficReviseFilter.java:83)
	at org.apache.catalina.core.ApplicationFilterChain.internalDoFilter(ApplicationFilterChain.java:193)
	at org.apache.catalina.core.ApplicationFilterChain.doFilter(ApplicationFilterChain.java:166)
	at org.springframework.security.web.FilterChainProxy.doFilterInternal(FilterChainProxy.java:209)
	at org.springframework.security.web.FilterChainProxy.doFilter(FilterChainProxy.java:178)
	at org.springframework.web.filter.DelegatingFilterProxy.invokeDelegate(DelegatingFilterProxy.java:358)
	at org.springframework.web.filter.DelegatingFilterProxy.doFilter(DelegatingFilterProxy.java:271)
	at org.apache.catalina.core.ApplicationFilterChain.internalDoFilter(ApplicationFilterChain.java:193)
	at org.apache.catalina.core.ApplicationFilterChain.doFilter(ApplicationFilterChain.java:166)
	at org.springframework.web.filter.RequestContextFilter.doFilterInternal(RequestContextFilter.java:100)
	at org.springframework.web.filter.OncePerRequestFilter.doFilter(OncePerRequestFilter.java:119)
	at org.apache.catalina.core.ApplicationFilterChain.internalDoFilter(ApplicationFilterChain.java:193)
	at org.apache.catalina.core.ApplicationFilterChain.doFilter(ApplicationFilterChain.java:166)
	at org.springframework.web.filter.FormContentFilter.doFilterInternal(FormContentFilter.java:93)
	at org.springframework.web.filter.OncePerRequestFilter.doFilter(OncePerRequestFilter.java:119)
	at org.apache.catalina.core.ApplicationFilterChain.internalDoFilter(ApplicationFilterChain.java:193)
	at org.apache.catalina.core.ApplicationFilterChain.doFilter(ApplicationFilterChain.java:166)
	at org.springframework.web.filter.HiddenHttpMethodFilter.doFilterInternal(HiddenHttpMethodFilter.java:94)
	at org.springframework.web.filter.OncePerRequestFilter.doFilter(OncePerRequestFilter.java:119)
	at org.apache.catalina.core.ApplicationFilterChain.internalDoFilter(ApplicationFilterChain.java:193)
	at org.apache.catalina.core.ApplicationFilterChain.doFilter(ApplicationFilterChain.java:166)
	at org.springframework.boot.actuate.metrics.web.servlet.WebMvcMetricsFilter.filterAndRecordMetrics(WebMvcMetricsFilter.java:114)
	at org.springframework.boot.actuate.metrics.web.servlet.WebMvcMetricsFilter.doFilterInternal(WebMvcMetricsFilter.java:104)
	at org.springframework.web.filter.OncePerRequestFilter.doFilter(OncePerRequestFilter.java:119)
	at org.apache.catalina.core.ApplicationFilterChain.internalDoFilter(ApplicationFilterChain.java:193)
	at org.apache.catalina.core.ApplicationFilterChain.doFilter(ApplicationFilterChain.java:166)
	at org.springframework.web.filter.CharacterEncodingFilter.doFilterInternal(CharacterEncodingFilter.java:201)
	at org.springframework.web.filter.OncePerRequestFilter.doFilter(OncePerRequestFilter.java:119)
	at org.apache.catalina.core.ApplicationFilterChain.internalDoFilter(ApplicationFilterChain.java:193)
	at org.apache.catalina.core.ApplicationFilterChain.doFilter(ApplicationFilterChain.java:166)
	at org.apache.catalina.core.StandardWrapperValve.invoke(StandardWrapperValve.java:202)
	at org.apache.catalina.core.StandardContextValve.invoke(StandardContextValve.java:97)
	at org.apache.catalina.authenticator.AuthenticatorBase.invoke(AuthenticatorBase.java:541)
	at org.apache.catalina.core.StandardHostValve.invoke(StandardHostValve.java:143)
	at org.apache.catalina.valves.ErrorReportValve.invoke(ErrorReportValve.java:92)
	at org.apache.catalina.core.StandardEngineValve.invoke(StandardEngineValve.java:78)
	at org.apache.catalina.connector.CoyoteAdapter.service(CoyoteAdapter.java:343)
	at org.apache.coyote.http11.Http11Processor.service(Http11Processor.java:374)
	at org.apache.coyote.AbstractProcessorLight.process(AbstractProcessorLight.java:65)
	at org.apache.coyote.AbstractProtocol$ConnectionHandler.process(AbstractProtocol.java:868)
	at org.apache.tomcat.util.net.NioEndpoint$SocketProcessor.doRun(NioEndpoint.java:1590)
	at org.apache.tomcat.util.net.SocketProcessorBase.run(SocketProcessorBase.java:49)
	at java.util.concurrent.ThreadPoolExecutor.runWorker(ThreadPoolExecutor.java:1149)
	at java.util.concurrent.ThreadPoolExecutor$Worker.run(ThreadPoolExecutor.java:624)
	at org.apache.tomcat.util.threads.TaskThread$WrappingRunnable.run(TaskThread.java:61)
	at java.lang.Thread.run(Thread.java:748)
2022-12-07 11:58:51,739 WARN clearConfigHistory start

2022-12-07 11:58:51,770 INFO [capacityManagement] start correct usage

2022-12-07 11:58:51,774 INFO [capacityManagement] end correct usage, cost: 0s

2022-12-07 12:08:51,748 WARN clearConfigHistory start

2022-12-07 12:08:51,774 INFO [capacityManagement] start correct usage

2022-12-07 12:08:51,779 INFO [capacityManagement] end correct usage, cost: 0s

2022-12-07 12:18:51,749 WARN clearConfigHistory start

2022-12-07 12:18:51,780 INFO [capacityManagement] start correct usage

2022-12-07 12:18:51,784 INFO [capacityManagement] end correct usage, cost: 0s

2022-12-07 12:28:51,749 WARN clearConfigHistory start

2022-12-07 12:28:51,784 INFO [capacityManagement] start correct usage

2022-12-07 12:28:51,788 INFO [capacityManagement] end correct usage, cost: 0s

2022-12-07 12:38:51,750 WARN clearConfigHistory start

2022-12-07 12:38:51,788 INFO [capacityManagement] start correct usage

2022-12-07 12:38:51,792 INFO [capacityManagement] end correct usage, cost: 0s

2022-12-07 12:48:51,750 WARN clearConfigHistory start

2022-12-07 12:48:51,792 INFO [capacityManagement] start correct usage

2022-12-07 12:48:51,796 INFO [capacityManagement] end correct usage, cost: 0s

2022-12-07 12:58:51,751 WARN clearConfigHistory start

2022-12-07 12:58:51,796 INFO [capacityManagement] start correct usage

2022-12-07 12:58:51,800 INFO [capacityManagement] end correct usage, cost: 0s

2022-12-07 13:08:51,751 WARN clearConfigHistory start

2022-12-07 13:08:51,801 INFO [capacityManagement] start correct usage

2022-12-07 13:08:51,804 INFO [capacityManagement] end correct usage, cost: 0s

2022-12-07 13:18:51,752 WARN clearConfigHistory start

2022-12-07 13:18:51,805 INFO [capacityManagement] start correct usage

2022-12-07 13:18:51,809 INFO [capacityManagement] end correct usage, cost: 0s

2022-12-07 13:28:51,752 WARN clearConfigHistory start

2022-12-07 13:28:51,808 INFO [capacityManagement] start correct usage

2022-12-07 13:28:51,817 INFO [capacityManagement] end correct usage, cost: 0s

2022-12-07 13:32:04,069 WARN [ConfigServer-HttpClientManager] Start destroying NacosRestTemplate

2022-12-07 13:32:04,078 WARN [ThreadPoolManager] Start destroying ThreadPool

2022-12-07 13:32:04,078 WARN [WatchFileCenter] start close

2022-12-07 13:32:04,075 WARN [NotifyCenter] Start destroying Publisher

2022-12-07 13:32:04,071 WARN [HttpClientBeanHolder] Start destroying common HttpClient

2022-12-07 13:32:04,106 WARN [WatchFileCenter] start to shutdown this watcher which is watch : /home/nacos/data/tps

2022-12-07 13:32:04,106 WARN [NotifyCenter] Destruction of the end

2022-12-07 13:32:04,144 WARN [WatchFileCenter] start to shutdown this watcher which is watch : /home/nacos/conf

2022-12-07 13:32:04,176 WARN [ConfigServer-HttpClientManager] Destruction of the end

2022-12-07 13:32:04,178 WARN [WatchFileCenter] start to shutdown this watcher which is watch : /home/nacos/data/loader

2022-12-07 13:32:04,178 WARN [HttpClientBeanHolder] Destruction of the end

2022-12-07 13:32:04,183 WARN [WatchFileCenter] already closed

2022-12-07 13:32:04,229 INFO Shutting down ExecutorService 'taskScheduler'

2022-12-07 13:32:04,272 INFO Shutting down ExecutorService 'applicationTaskExecutor'

2022-12-07 13:32:07,687 WARN [ThreadPoolManager] Destruction of the end

