2022-12-07 11:31:55,018 INFO [DISTRO-INIT] waiting distro data storage register...

2022-12-07 11:31:56,019 INFO [DISTRO-INIT] waiting distro data storage register...

2022-12-07 11:31:57,020 INFO [DISTRO-INIT] load snapshot com.alibaba.nacos.naming.iplist. from 10.11.0.101:8848

2022-12-07 11:31:57,037 INFO [DISTRO-INIT] load snapshot com.alibaba.nacos.naming.iplist. from 10.11.0.101:8848 result: true

2022-12-07 11:31:57,038 INFO [DISTRO-INIT] load snapshot Nacos:Naming:v2:ClientData from 10.11.0.101:8848

2022-12-07 11:31:57,041 ERROR [DISTRO-INIT] load snapshot Nacos:Naming:v2:ClientData from 10.11.0.101:8848 failed.

com.alibaba.nacos.core.distributed.distro.exception.DistroException: [DISTRO-EXCEPTION][DISTRO-FAILED] Get distro snapshot failed! 
	at com.alibaba.nacos.naming.consistency.ephemeral.distro.v2.DistroClientTransportAgent.getDatumSnapshot(DistroClientTransportAgent.java:182)
	at com.alibaba.nacos.core.distributed.distro.task.load.DistroLoadDataTask.loadAllDataSnapshotFromRemote(DistroLoadDataTask.java:103)
	at com.alibaba.nacos.core.distributed.distro.task.load.DistroLoadDataTask.load(DistroLoadDataTask.java:87)
	at com.alibaba.nacos.core.distributed.distro.task.load.DistroLoadDataTask.run(DistroLoadDataTask.java:63)
	at java.util.concurrent.Executors$RunnableAdapter.call(Executors.java:511)
	at java.util.concurrent.FutureTask.run(FutureTask.java:266)
	at java.util.concurrent.ScheduledThreadPoolExecutor$ScheduledFutureTask.access$201(ScheduledThreadPoolExecutor.java:180)
	at java.util.concurrent.ScheduledThreadPoolExecutor$ScheduledFutureTask.run(ScheduledThreadPoolExecutor.java:293)
	at java.util.concurrent.ThreadPoolExecutor.runWorker(ThreadPoolExecutor.java:1149)
	at java.util.concurrent.ThreadPoolExecutor$Worker.run(ThreadPoolExecutor.java:624)
	at java.lang.Thread.run(Thread.java:748)
Caused by: com.alibaba.nacos.api.exception.NacosException: No rpc client related to member: Member{ip='10.11.0.101', port=8848, state=UP, extendInfo={raftPort=7848}}
	at com.alibaba.nacos.core.cluster.remote.ClusterRpcClientProxy.sendRequest(ClusterRpcClientProxy.java:176)
	at com.alibaba.nacos.core.cluster.remote.ClusterRpcClientProxy.sendRequest(ClusterRpcClientProxy.java:159)
	at com.alibaba.nacos.naming.consistency.ephemeral.distro.v2.DistroClientTransportAgent.getDatumSnapshot(DistroClientTransportAgent.java:173)
	... 10 common frames omitted
2022-12-07 11:31:57,042 INFO [DISTRO-INIT] load snapshot Nacos:Naming:v2:ClientData from 10.11.0.102:8848

2022-12-07 11:31:57,043 ERROR [DISTRO-INIT] load snapshot Nacos:Naming:v2:ClientData from 10.11.0.102:8848 failed.

com.alibaba.nacos.core.distributed.distro.exception.DistroException: [DISTRO-EXCEPTION][DISTRO-FAILED] Get distro snapshot failed! 
	at com.alibaba.nacos.naming.consistency.ephemeral.distro.v2.DistroClientTransportAgent.getDatumSnapshot(DistroClientTransportAgent.java:182)
	at com.alibaba.nacos.core.distributed.distro.task.load.DistroLoadDataTask.loadAllDataSnapshotFromRemote(DistroLoadDataTask.java:103)
	at com.alibaba.nacos.core.distributed.distro.task.load.DistroLoadDataTask.load(DistroLoadDataTask.java:87)
	at com.alibaba.nacos.core.distributed.distro.task.load.DistroLoadDataTask.run(DistroLoadDataTask.java:63)
	at java.util.concurrent.Executors$RunnableAdapter.call(Executors.java:511)
	at java.util.concurrent.FutureTask.run(FutureTask.java:266)
	at java.util.concurrent.ScheduledThreadPoolExecutor$ScheduledFutureTask.access$201(ScheduledThreadPoolExecutor.java:180)
	at java.util.concurrent.ScheduledThreadPoolExecutor$ScheduledFutureTask.run(ScheduledThreadPoolExecutor.java:293)
	at java.util.concurrent.ThreadPoolExecutor.runWorker(ThreadPoolExecutor.java:1149)
	at java.util.concurrent.ThreadPoolExecutor$Worker.run(ThreadPoolExecutor.java:624)
	at java.lang.Thread.run(Thread.java:748)
Caused by: com.alibaba.nacos.api.exception.NacosException: No rpc client related to member: Member{ip='10.11.0.102', port=8848, state=UP, extendInfo={lastRefreshTime=1670412715864, naming={voteFor=10.11.0.101:8848, ip=10.11.0.102:8848, heartbeatDueMs=500, term=4, leaderDueMs=14511, state=FOLLOWER}, raftPort=7848}}
	at com.alibaba.nacos.core.cluster.remote.ClusterRpcClientProxy.sendRequest(ClusterRpcClientProxy.java:176)
	at com.alibaba.nacos.core.cluster.remote.ClusterRpcClientProxy.sendRequest(ClusterRpcClientProxy.java:159)
	at com.alibaba.nacos.naming.consistency.ephemeral.distro.v2.DistroClientTransportAgent.getDatumSnapshot(DistroClientTransportAgent.java:173)
	... 10 common frames omitted
2022-12-07 11:32:00,016 WARN data storage DistroClientDataProcessor has not finished initial step, do not send verify data

2022-12-07 11:32:05,017 WARN data storage DistroClientDataProcessor has not finished initial step, do not send verify data

2022-12-07 11:32:10,018 WARN data storage DistroClientDataProcessor has not finished initial step, do not send verify data

2022-12-07 11:32:15,018 WARN data storage DistroClientDataProcessor has not finished initial step, do not send verify data

2022-12-07 11:32:20,019 WARN data storage DistroClientDataProcessor has not finished initial step, do not send verify data

2022-12-07 11:32:25,020 WARN data storage DistroClientDataProcessor has not finished initial step, do not send verify data

2022-12-07 11:32:30,021 WARN data storage DistroClientDataProcessor has not finished initial step, do not send verify data

2022-12-07 11:32:35,022 WARN data storage DistroClientDataProcessor has not finished initial step, do not send verify data

2022-12-07 11:32:40,023 WARN data storage DistroClientDataProcessor has not finished initial step, do not send verify data

2022-12-07 11:32:45,024 WARN data storage DistroClientDataProcessor has not finished initial step, do not send verify data

2022-12-07 11:32:50,024 WARN data storage DistroClientDataProcessor has not finished initial step, do not send verify data

2022-12-07 11:32:55,025 WARN data storage DistroClientDataProcessor has not finished initial step, do not send verify data

2022-12-07 11:32:57,044 INFO [DISTRO-INIT] load snapshot Nacos:Naming:v2:ClientData from 10.11.0.101:8848

2022-12-07 11:32:57,061 INFO [DISTRO-INIT] load snapshot Nacos:Naming:v2:ClientData from 10.11.0.101:8848 result: true

2022-12-07 11:32:57,062 INFO [DISTRO-INIT] load snapshot data success

2022-12-07 11:48:50,930 INFO [DISTRO-INIT] waiting distro data storage register...

2022-12-07 11:48:51,936 INFO [DISTRO-INIT] waiting distro data storage register...

2022-12-07 11:48:52,937 INFO [DISTRO-INIT] load snapshot com.alibaba.nacos.naming.iplist. from 10.11.0.101:8848

2022-12-07 11:48:52,946 INFO [DISTRO-INIT] load snapshot com.alibaba.nacos.naming.iplist. from 10.11.0.101:8848 result: true

2022-12-07 11:48:52,947 INFO [DISTRO-INIT] load snapshot Nacos:Naming:v2:ClientData from 10.11.0.101:8848

2022-12-07 11:48:52,950 ERROR [DISTRO-INIT] load snapshot Nacos:Naming:v2:ClientData from 10.11.0.101:8848 failed.

com.alibaba.nacos.core.distributed.distro.exception.DistroException: [DISTRO-EXCEPTION][DISTRO-FAILED] Get distro snapshot failed! 
	at com.alibaba.nacos.naming.consistency.ephemeral.distro.v2.DistroClientTransportAgent.getDatumSnapshot(DistroClientTransportAgent.java:186)
	at com.alibaba.nacos.core.distributed.distro.task.load.DistroLoadDataTask.loadAllDataSnapshotFromRemote(DistroLoadDataTask.java:103)
	at com.alibaba.nacos.core.distributed.distro.task.load.DistroLoadDataTask.load(DistroLoadDataTask.java:87)
	at com.alibaba.nacos.core.distributed.distro.task.load.DistroLoadDataTask.run(DistroLoadDataTask.java:63)
	at java.util.concurrent.Executors$RunnableAdapter.call(Executors.java:511)
	at java.util.concurrent.FutureTask.run(FutureTask.java:266)
	at java.util.concurrent.ScheduledThreadPoolExecutor$ScheduledFutureTask.access$201(ScheduledThreadPoolExecutor.java:180)
	at java.util.concurrent.ScheduledThreadPoolExecutor$ScheduledFutureTask.run(ScheduledThreadPoolExecutor.java:293)
	at java.util.concurrent.ThreadPoolExecutor.runWorker(ThreadPoolExecutor.java:1149)
	at java.util.concurrent.ThreadPoolExecutor$Worker.run(ThreadPoolExecutor.java:624)
	at java.lang.Thread.run(Thread.java:748)
Caused by: com.alibaba.nacos.api.exception.NacosException: No rpc client related to member: Member{ip='10.11.0.101', port=8848, state=UP, extendInfo={raftPort=7848}}
	at com.alibaba.nacos.core.cluster.remote.ClusterRpcClientProxy.sendRequest(ClusterRpcClientProxy.java:177)
	at com.alibaba.nacos.core.cluster.remote.ClusterRpcClientProxy.sendRequest(ClusterRpcClientProxy.java:161)
	at com.alibaba.nacos.naming.consistency.ephemeral.distro.v2.DistroClientTransportAgent.getDatumSnapshot(DistroClientTransportAgent.java:177)
	... 10 common frames omitted
2022-12-07 11:48:52,951 INFO [DISTRO-INIT] load snapshot Nacos:Naming:v2:ClientData from 10.11.0.102:8848

2022-12-07 11:48:52,952 ERROR [DISTRO-INIT] load snapshot Nacos:Naming:v2:ClientData from 10.11.0.102:8848 failed.

com.alibaba.nacos.core.distributed.distro.exception.DistroException: [DISTRO-EXCEPTION][DISTRO-FAILED] Get distro snapshot failed! 
	at com.alibaba.nacos.naming.consistency.ephemeral.distro.v2.DistroClientTransportAgent.getDatumSnapshot(DistroClientTransportAgent.java:186)
	at com.alibaba.nacos.core.distributed.distro.task.load.DistroLoadDataTask.loadAllDataSnapshotFromRemote(DistroLoadDataTask.java:103)
	at com.alibaba.nacos.core.distributed.distro.task.load.DistroLoadDataTask.load(DistroLoadDataTask.java:87)
	at com.alibaba.nacos.core.distributed.distro.task.load.DistroLoadDataTask.run(DistroLoadDataTask.java:63)
	at java.util.concurrent.Executors$RunnableAdapter.call(Executors.java:511)
	at java.util.concurrent.FutureTask.run(FutureTask.java:266)
	at java.util.concurrent.ScheduledThreadPoolExecutor$ScheduledFutureTask.access$201(ScheduledThreadPoolExecutor.java:180)
	at java.util.concurrent.ScheduledThreadPoolExecutor$ScheduledFutureTask.run(ScheduledThreadPoolExecutor.java:293)
	at java.util.concurrent.ThreadPoolExecutor.runWorker(ThreadPoolExecutor.java:1149)
	at java.util.concurrent.ThreadPoolExecutor$Worker.run(ThreadPoolExecutor.java:624)
	at java.lang.Thread.run(Thread.java:748)
Caused by: com.alibaba.nacos.api.exception.NacosException: No rpc client related to member: Member{ip='10.11.0.102', port=8848, state=UP, extendInfo={lastRefreshTime=1670413731836, naming={voteFor=10.11.0.101:8848, ip=10.11.0.102:8848, heartbeatDueMs=3000, term=5, leaderDueMs=13682, state=FOLLOWER}, raftPort=7848}}
	at com.alibaba.nacos.core.cluster.remote.ClusterRpcClientProxy.sendRequest(ClusterRpcClientProxy.java:177)
	at com.alibaba.nacos.core.cluster.remote.ClusterRpcClientProxy.sendRequest(ClusterRpcClientProxy.java:161)
	at com.alibaba.nacos.naming.consistency.ephemeral.distro.v2.DistroClientTransportAgent.getDatumSnapshot(DistroClientTransportAgent.java:177)
	... 10 common frames omitted
2022-12-07 11:48:55,928 WARN data storage DistroClientDataProcessor has not finished initial step, do not send verify data

2022-12-07 11:49:00,929 WARN data storage DistroClientDataProcessor has not finished initial step, do not send verify data

2022-12-07 11:49:05,930 WARN data storage DistroClientDataProcessor has not finished initial step, do not send verify data

2022-12-07 11:49:10,931 WARN data storage DistroClientDataProcessor has not finished initial step, do not send verify data

2022-12-07 11:49:15,931 WARN data storage DistroClientDataProcessor has not finished initial step, do not send verify data

2022-12-07 11:49:20,932 WARN data storage DistroClientDataProcessor has not finished initial step, do not send verify data

2022-12-07 11:49:25,933 WARN data storage DistroClientDataProcessor has not finished initial step, do not send verify data

2022-12-07 11:49:30,934 WARN data storage DistroClientDataProcessor has not finished initial step, do not send verify data

2022-12-07 11:49:35,934 WARN data storage DistroClientDataProcessor has not finished initial step, do not send verify data

2022-12-07 11:49:40,935 WARN data storage DistroClientDataProcessor has not finished initial step, do not send verify data

2022-12-07 11:49:45,936 WARN data storage DistroClientDataProcessor has not finished initial step, do not send verify data

2022-12-07 11:49:50,937 WARN data storage DistroClientDataProcessor has not finished initial step, do not send verify data

2022-12-07 11:49:52,953 INFO [DISTRO-INIT] load snapshot Nacos:Naming:v2:ClientData from 10.11.0.101:8848

2022-12-07 11:49:52,971 INFO [DISTRO-INIT] load snapshot Nacos:Naming:v2:ClientData from 10.11.0.101:8848 result: true

2022-12-07 11:49:52,972 INFO [DISTRO-INIT] load snapshot data success

