2022-12-07 11:31:55,739 INFO Init loader limit rule from local,rule=

2022-12-07 11:31:55,995 INFO [ClientConnectionEventListenerRegistry] registry listener - ConfigConnectionEventListener

2022-12-07 11:31:56,027 INFO [ClientConnectionEventListenerRegistry] registry listener - RpcAckCallbackInitorOrCleaner

2022-12-07 11:31:56,182 INFO Nacos GrpcSdkServer Rpc server starting at port 9848

2022-12-07 11:31:56,190 INFO Nacos GrpcSdkServer Rpc server started at port 9848

2022-12-07 11:31:56,193 INFO Nacos GrpcClusterServer Rpc server starting at port 9849

2022-12-07 11:31:56,194 INFO Nacos GrpcClusterServer Rpc server started at port 9849

2022-12-07 11:31:56,213 INFO [ClientConnectionEventListenerRegistry] registry listener - ConnectionBasedClientManager

2022-12-07 11:48:51,676 INFO Init loader limit rule from local,rule=

2022-12-07 11:48:51,907 INFO [ClientConnectionEventListenerRegistry] registry listener - ConfigConnectionEventListener

2022-12-07 11:48:51,942 INFO [ClientConnectionEventListenerRegistry] registry listener - RpcAckCallbackInitorOrCleaner

2022-12-07 11:48:52,111 INFO Nacos GrpcSdkServer Rpc server starting at port 9848

2022-12-07 11:48:52,121 INFO Nacos GrpcSdkServer Rpc server started at port 9848

2022-12-07 11:48:52,122 INFO Nacos GrpcClusterServer Rpc server starting at port 9849

2022-12-07 11:48:52,125 INFO Nacos GrpcClusterServer Rpc server started at port 9849

2022-12-07 11:48:52,154 INFO [ClientConnectionEventListenerRegistry] registry listener - ConnectionBasedClientManager

2022-12-07 13:32:04,067 INFO Nacos GrpcSdkServer Rpc server stopping

2022-12-07 13:32:04,080 INFO Nacos GrpcClusterServer Rpc server stopping

2022-12-07 13:32:04,184 INFO Nacos GrpcClusterServer Rpc server stopped successfully...

2022-12-07 13:32:04,184 INFO Nacos GrpcSdkServer Rpc server stopped successfully...

