2022-12-07 11:30:39,294 INFO notifyConnectTimeout:200

2022-12-07 11:30:39,301 INFO notifySocketTimeout:8000

2022-12-07 11:30:39,302 INFO isHealthCheck:true

2022-12-07 11:30:39,303 INFO maxHealthCheckFailCount:12

2022-12-07 11:30:39,303 INFO maxContent:10485760

2022-12-07 11:30:39,305 INFO spring.datasource.platform:mysql

2022-12-07 11:30:46,904 WARN DumpService start

2022-12-07 11:30:46,906 INFO start clear all config-info.

2022-12-07 11:30:46,907 WARN clear all config-info failed.

2022-12-07 11:30:46,907 WARN clear all config-info-tenant failed.

2022-12-07 11:30:46,913 INFO start clear all config-info-beta.

2022-12-07 11:30:46,914 WARN clear all config-info-beta failed.

2022-12-07 11:30:46,914 WARN clear all config-info-beta-tenant failed.

2022-12-07 11:30:46,915 INFO start clear all config-info-tag.

2022-12-07 11:30:46,916 WARN clear all config-info-tag failed.

2022-12-07 11:30:46,916 WARN clear all config-info-tag-tenant failed.

2022-12-07 11:30:46,937 WARN initialDelay:153

2022-12-07 11:43:49,606 INFO notifyConnectTimeout:200

2022-12-07 11:43:49,610 INFO notifySocketTimeout:8000

2022-12-07 11:43:49,610 INFO isHealthCheck:true

2022-12-07 11:43:49,610 INFO maxHealthCheckFailCount:12

2022-12-07 11:43:49,611 INFO maxContent:10485760

2022-12-07 11:43:49,612 INFO spring.datasource.platform:mysql

2022-12-07 11:43:56,866 WARN DumpService start

2022-12-07 11:43:56,869 INFO start clear all config-info.

2022-12-07 11:43:56,871 WARN clear all config-info failed.

2022-12-07 11:43:56,871 WARN clear all config-info-tenant failed.

2022-12-07 11:43:56,877 INFO start clear all config-info-beta.

2022-12-07 11:43:56,878 WARN clear all config-info-beta failed.

2022-12-07 11:43:56,878 WARN clear all config-info-beta-tenant failed.

2022-12-07 11:43:56,880 INFO start clear all config-info-tag.

2022-12-07 11:43:56,880 WARN clear all config-info-tag failed.

2022-12-07 11:43:56,881 WARN clear all config-info-tag-tenant failed.

2022-12-07 11:43:56,898 WARN initialDelay:165

