2022-12-07 11:30:46,208 INFO [DISTRO-INIT] waiting distro data storage register...

2022-12-07 11:30:47,209 INFO [DISTRO-INIT] waiting distro data storage register...

2022-12-07 11:30:48,210 INFO [DISTRO-INIT] load snapshot com.alibaba.nacos.naming.iplist. from 10.11.0.102:8848

2022-12-07 11:30:51,207 WARN data storage DistroDataStorageImpl has not finished initial step, do not send verify data

2022-12-07 11:30:51,207 WARN data storage DistroClientDataProcessor has not finished initial step, do not send verify data

2022-12-07 11:30:56,208 WARN data storage DistroDataStorageImpl has not finished initial step, do not send verify data

2022-12-07 11:30:56,210 WARN data storage DistroClientDataProcessor has not finished initial step, do not send verify data

2022-12-07 11:30:58,932 ERROR [DISTRO-INIT] load snapshot com.alibaba.nacos.naming.iplist. from 10.11.0.102:8848 failed.

com.alibaba.nacos.core.distributed.distro.exception.DistroException: [DISTRO-EXCEPTION]Get snapshot from 10.11.0.102:8848 failed.
	at com.alibaba.nacos.naming.consistency.ephemeral.distro.component.DistroHttpAgent.getDatumSnapshot(DistroHttpAgent.java:101)
	at com.alibaba.nacos.core.distributed.distro.task.load.DistroLoadDataTask.loadAllDataSnapshotFromRemote(DistroLoadDataTask.java:103)
	at com.alibaba.nacos.core.distributed.distro.task.load.DistroLoadDataTask.load(DistroLoadDataTask.java:87)
	at com.alibaba.nacos.core.distributed.distro.task.load.DistroLoadDataTask.run(DistroLoadDataTask.java:63)
	at java.util.concurrent.Executors$RunnableAdapter.call(Executors.java:511)
	at java.util.concurrent.FutureTask.run(FutureTask.java:266)
	at java.util.concurrent.ScheduledThreadPoolExecutor$ScheduledFutureTask.access$201(ScheduledThreadPoolExecutor.java:180)
	at java.util.concurrent.ScheduledThreadPoolExecutor$ScheduledFutureTask.run(ScheduledThreadPoolExecutor.java:293)
	at java.util.concurrent.ThreadPoolExecutor.runWorker(ThreadPoolExecutor.java:1149)
	at java.util.concurrent.ThreadPoolExecutor$Worker.run(ThreadPoolExecutor.java:624)
	at java.lang.Thread.run(Thread.java:748)
Caused by: java.io.IOException: failed to req API: http://10.11.0.102:8848/nacos/v1/ns/distro/datums. code: 500 msg: java.net.NoRouteToHostException: No route to host (Host unreachable)
	at com.alibaba.nacos.naming.misc.NamingProxy.getAllData(NamingProxy.java:150)
	at com.alibaba.nacos.naming.consistency.ephemeral.distro.component.DistroHttpAgent.getDatumSnapshot(DistroHttpAgent.java:98)
	... 10 common frames omitted
2022-12-07 11:30:58,934 INFO [DISTRO-INIT] load snapshot com.alibaba.nacos.naming.iplist. from 10.11.0.103:8848

2022-12-07 11:31:01,211 WARN data storage DistroDataStorageImpl has not finished initial step, do not send verify data

2022-12-07 11:31:01,211 WARN data storage DistroClientDataProcessor has not finished initial step, do not send verify data

2022-12-07 11:31:06,211 WARN data storage DistroDataStorageImpl has not finished initial step, do not send verify data

2022-12-07 11:31:06,212 WARN data storage DistroClientDataProcessor has not finished initial step, do not send verify data

2022-12-07 11:31:08,685 ERROR [DISTRO-INIT] load snapshot com.alibaba.nacos.naming.iplist. from 10.11.0.103:8848 failed.

com.alibaba.nacos.core.distributed.distro.exception.DistroException: [DISTRO-EXCEPTION]Get snapshot from 10.11.0.103:8848 failed.
	at com.alibaba.nacos.naming.consistency.ephemeral.distro.component.DistroHttpAgent.getDatumSnapshot(DistroHttpAgent.java:101)
	at com.alibaba.nacos.core.distributed.distro.task.load.DistroLoadDataTask.loadAllDataSnapshotFromRemote(DistroLoadDataTask.java:103)
	at com.alibaba.nacos.core.distributed.distro.task.load.DistroLoadDataTask.load(DistroLoadDataTask.java:87)
	at com.alibaba.nacos.core.distributed.distro.task.load.DistroLoadDataTask.run(DistroLoadDataTask.java:63)
	at java.util.concurrent.Executors$RunnableAdapter.call(Executors.java:511)
	at java.util.concurrent.FutureTask.run(FutureTask.java:266)
	at java.util.concurrent.ScheduledThreadPoolExecutor$ScheduledFutureTask.access$201(ScheduledThreadPoolExecutor.java:180)
	at java.util.concurrent.ScheduledThreadPoolExecutor$ScheduledFutureTask.run(ScheduledThreadPoolExecutor.java:293)
	at java.util.concurrent.ThreadPoolExecutor.runWorker(ThreadPoolExecutor.java:1149)
	at java.util.concurrent.ThreadPoolExecutor$Worker.run(ThreadPoolExecutor.java:624)
	at java.lang.Thread.run(Thread.java:748)
Caused by: java.io.IOException: failed to req API: http://10.11.0.103:8848/nacos/v1/ns/distro/datums. code: 500 msg: java.net.NoRouteToHostException: No route to host (Host unreachable)
	at com.alibaba.nacos.naming.misc.NamingProxy.getAllData(NamingProxy.java:150)
	at com.alibaba.nacos.naming.consistency.ephemeral.distro.component.DistroHttpAgent.getDatumSnapshot(DistroHttpAgent.java:98)
	... 10 common frames omitted
2022-12-07 11:31:08,687 INFO [DISTRO-INIT] load snapshot Nacos:Naming:v2:ClientData from 10.11.0.102:8848

2022-12-07 11:31:08,687 ERROR [DISTRO-INIT] load snapshot Nacos:Naming:v2:ClientData from 10.11.0.102:8848 failed.

com.alibaba.nacos.core.distributed.distro.exception.DistroException: [DISTRO-EXCEPTION][DISTRO] Cancel get snapshot caused by target server 10.11.0.102:8848 unhealthy
	at com.alibaba.nacos.naming.consistency.ephemeral.distro.v2.DistroClientTransportAgent.getDatumSnapshot(DistroClientTransportAgent.java:168)
	at com.alibaba.nacos.core.distributed.distro.task.load.DistroLoadDataTask.loadAllDataSnapshotFromRemote(DistroLoadDataTask.java:103)
	at com.alibaba.nacos.core.distributed.distro.task.load.DistroLoadDataTask.load(DistroLoadDataTask.java:87)
	at com.alibaba.nacos.core.distributed.distro.task.load.DistroLoadDataTask.run(DistroLoadDataTask.java:63)
	at java.util.concurrent.Executors$RunnableAdapter.call(Executors.java:511)
	at java.util.concurrent.FutureTask.run(FutureTask.java:266)
	at java.util.concurrent.ScheduledThreadPoolExecutor$ScheduledFutureTask.access$201(ScheduledThreadPoolExecutor.java:180)
	at java.util.concurrent.ScheduledThreadPoolExecutor$ScheduledFutureTask.run(ScheduledThreadPoolExecutor.java:293)
	at java.util.concurrent.ThreadPoolExecutor.runWorker(ThreadPoolExecutor.java:1149)
	at java.util.concurrent.ThreadPoolExecutor$Worker.run(ThreadPoolExecutor.java:624)
	at java.lang.Thread.run(Thread.java:748)
2022-12-07 11:31:08,688 INFO [DISTRO-INIT] load snapshot Nacos:Naming:v2:ClientData from 10.11.0.103:8848

2022-12-07 11:31:08,688 ERROR [DISTRO-INIT] load snapshot Nacos:Naming:v2:ClientData from 10.11.0.103:8848 failed.

com.alibaba.nacos.core.distributed.distro.exception.DistroException: [DISTRO-EXCEPTION][DISTRO] Cancel get snapshot caused by target server 10.11.0.103:8848 unhealthy
	at com.alibaba.nacos.naming.consistency.ephemeral.distro.v2.DistroClientTransportAgent.getDatumSnapshot(DistroClientTransportAgent.java:168)
	at com.alibaba.nacos.core.distributed.distro.task.load.DistroLoadDataTask.loadAllDataSnapshotFromRemote(DistroLoadDataTask.java:103)
	at com.alibaba.nacos.core.distributed.distro.task.load.DistroLoadDataTask.load(DistroLoadDataTask.java:87)
	at com.alibaba.nacos.core.distributed.distro.task.load.DistroLoadDataTask.run(DistroLoadDataTask.java:63)
	at java.util.concurrent.Executors$RunnableAdapter.call(Executors.java:511)
	at java.util.concurrent.FutureTask.run(FutureTask.java:266)
	at java.util.concurrent.ScheduledThreadPoolExecutor$ScheduledFutureTask.access$201(ScheduledThreadPoolExecutor.java:180)
	at java.util.concurrent.ScheduledThreadPoolExecutor$ScheduledFutureTask.run(ScheduledThreadPoolExecutor.java:293)
	at java.util.concurrent.ThreadPoolExecutor.runWorker(ThreadPoolExecutor.java:1149)
	at java.util.concurrent.ThreadPoolExecutor$Worker.run(ThreadPoolExecutor.java:624)
	at java.lang.Thread.run(Thread.java:748)
2022-12-07 11:31:11,212 WARN data storage DistroDataStorageImpl has not finished initial step, do not send verify data

2022-12-07 11:31:11,213 WARN data storage DistroClientDataProcessor has not finished initial step, do not send verify data

2022-12-07 11:31:16,214 WARN data storage DistroDataStorageImpl has not finished initial step, do not send verify data

2022-12-07 11:31:16,214 WARN data storage DistroClientDataProcessor has not finished initial step, do not send verify data

2022-12-07 11:31:21,215 WARN data storage DistroDataStorageImpl has not finished initial step, do not send verify data

2022-12-07 11:31:21,215 WARN data storage DistroClientDataProcessor has not finished initial step, do not send verify data

2022-12-07 11:31:26,216 WARN data storage DistroDataStorageImpl has not finished initial step, do not send verify data

2022-12-07 11:31:26,216 WARN data storage DistroClientDataProcessor has not finished initial step, do not send verify data

2022-12-07 11:31:31,217 WARN data storage DistroDataStorageImpl has not finished initial step, do not send verify data

2022-12-07 11:31:31,217 WARN data storage DistroClientDataProcessor has not finished initial step, do not send verify data

2022-12-07 11:31:36,218 WARN data storage DistroDataStorageImpl has not finished initial step, do not send verify data

2022-12-07 11:31:36,218 WARN data storage DistroClientDataProcessor has not finished initial step, do not send verify data

2022-12-07 11:31:41,219 WARN data storage DistroDataStorageImpl has not finished initial step, do not send verify data

2022-12-07 11:31:41,219 WARN data storage DistroClientDataProcessor has not finished initial step, do not send verify data

2022-12-07 11:31:46,220 WARN data storage DistroDataStorageImpl has not finished initial step, do not send verify data

2022-12-07 11:31:46,221 WARN data storage DistroClientDataProcessor has not finished initial step, do not send verify data

2022-12-07 11:31:51,221 WARN data storage DistroDataStorageImpl has not finished initial step, do not send verify data

2022-12-07 11:31:51,222 WARN data storage DistroClientDataProcessor has not finished initial step, do not send verify data

2022-12-07 11:31:56,222 WARN data storage DistroDataStorageImpl has not finished initial step, do not send verify data

2022-12-07 11:31:56,223 WARN data storage DistroClientDataProcessor has not finished initial step, do not send verify data

2022-12-07 11:32:01,223 WARN data storage DistroDataStorageImpl has not finished initial step, do not send verify data

2022-12-07 11:32:01,224 WARN data storage DistroClientDataProcessor has not finished initial step, do not send verify data

2022-12-07 11:32:06,224 WARN data storage DistroDataStorageImpl has not finished initial step, do not send verify data

2022-12-07 11:32:06,225 WARN data storage DistroClientDataProcessor has not finished initial step, do not send verify data

2022-12-07 11:32:08,688 INFO [DISTRO-INIT] load snapshot com.alibaba.nacos.naming.iplist. from 10.11.0.102:8848

2022-12-07 11:32:08,704 INFO [DISTRO-INIT] load snapshot com.alibaba.nacos.naming.iplist. from 10.11.0.102:8848 result: true

2022-12-07 11:32:08,705 INFO [DISTRO-INIT] load snapshot Nacos:Naming:v2:ClientData from 10.11.0.102:8848

2022-12-07 11:32:08,735 INFO [DISTRO-INIT] load snapshot Nacos:Naming:v2:ClientData from 10.11.0.102:8848 result: true

2022-12-07 11:32:08,736 INFO [DISTRO-INIT] load snapshot data success

2022-12-07 11:43:56,126 INFO [DISTRO-INIT] waiting distro data storage register...

2022-12-07 11:43:57,127 INFO [DISTRO-INIT] waiting distro data storage register...

2022-12-07 11:43:58,138 INFO [DISTRO-INIT] load snapshot com.alibaba.nacos.naming.iplist. from 10.11.0.102:8848

2022-12-07 11:44:01,125 WARN data storage DistroDataStorageImpl has not finished initial step, do not send verify data

2022-12-07 11:44:01,125 WARN data storage DistroClientDataProcessor has not finished initial step, do not send verify data

2022-12-07 11:44:06,126 WARN data storage DistroDataStorageImpl has not finished initial step, do not send verify data

2022-12-07 11:44:06,126 WARN data storage DistroClientDataProcessor has not finished initial step, do not send verify data

2022-12-07 11:44:08,894 ERROR [DISTRO-INIT] load snapshot com.alibaba.nacos.naming.iplist. from 10.11.0.102:8848 failed.

com.alibaba.nacos.core.distributed.distro.exception.DistroException: [DISTRO-EXCEPTION]Get snapshot from 10.11.0.102:8848 failed.
	at com.alibaba.nacos.naming.consistency.ephemeral.distro.component.DistroHttpAgent.getDatumSnapshot(DistroHttpAgent.java:101)
	at com.alibaba.nacos.core.distributed.distro.task.load.DistroLoadDataTask.loadAllDataSnapshotFromRemote(DistroLoadDataTask.java:103)
	at com.alibaba.nacos.core.distributed.distro.task.load.DistroLoadDataTask.load(DistroLoadDataTask.java:87)
	at com.alibaba.nacos.core.distributed.distro.task.load.DistroLoadDataTask.run(DistroLoadDataTask.java:63)
	at java.util.concurrent.Executors$RunnableAdapter.call(Executors.java:511)
	at java.util.concurrent.FutureTask.run(FutureTask.java:266)
	at java.util.concurrent.ScheduledThreadPoolExecutor$ScheduledFutureTask.access$201(ScheduledThreadPoolExecutor.java:180)
	at java.util.concurrent.ScheduledThreadPoolExecutor$ScheduledFutureTask.run(ScheduledThreadPoolExecutor.java:293)
	at java.util.concurrent.ThreadPoolExecutor.runWorker(ThreadPoolExecutor.java:1149)
	at java.util.concurrent.ThreadPoolExecutor$Worker.run(ThreadPoolExecutor.java:624)
	at java.lang.Thread.run(Thread.java:748)
Caused by: java.io.IOException: failed to req API: http://10.11.0.102:8848/nacos/v1/ns/distro/datums. code: 500 msg: java.net.NoRouteToHostException: No route to host (Host unreachable)
	at com.alibaba.nacos.naming.misc.NamingProxy.getAllData(NamingProxy.java:150)
	at com.alibaba.nacos.naming.consistency.ephemeral.distro.component.DistroHttpAgent.getDatumSnapshot(DistroHttpAgent.java:98)
	... 10 common frames omitted
2022-12-07 11:44:08,895 INFO [DISTRO-INIT] load snapshot com.alibaba.nacos.naming.iplist. from 10.11.0.103:8848

2022-12-07 11:44:11,126 WARN data storage DistroDataStorageImpl has not finished initial step, do not send verify data

2022-12-07 11:44:11,127 WARN data storage DistroClientDataProcessor has not finished initial step, do not send verify data

2022-12-07 11:44:16,128 WARN data storage DistroDataStorageImpl has not finished initial step, do not send verify data

2022-12-07 11:44:16,128 WARN data storage DistroClientDataProcessor has not finished initial step, do not send verify data

2022-12-07 11:44:19,005 ERROR [DISTRO-INIT] load snapshot com.alibaba.nacos.naming.iplist. from 10.11.0.103:8848 failed.

com.alibaba.nacos.core.distributed.distro.exception.DistroException: [DISTRO-EXCEPTION]Get snapshot from 10.11.0.103:8848 failed.
	at com.alibaba.nacos.naming.consistency.ephemeral.distro.component.DistroHttpAgent.getDatumSnapshot(DistroHttpAgent.java:101)
	at com.alibaba.nacos.core.distributed.distro.task.load.DistroLoadDataTask.loadAllDataSnapshotFromRemote(DistroLoadDataTask.java:103)
	at com.alibaba.nacos.core.distributed.distro.task.load.DistroLoadDataTask.load(DistroLoadDataTask.java:87)
	at com.alibaba.nacos.core.distributed.distro.task.load.DistroLoadDataTask.run(DistroLoadDataTask.java:63)
	at java.util.concurrent.Executors$RunnableAdapter.call(Executors.java:511)
	at java.util.concurrent.FutureTask.run(FutureTask.java:266)
	at java.util.concurrent.ScheduledThreadPoolExecutor$ScheduledFutureTask.access$201(ScheduledThreadPoolExecutor.java:180)
	at java.util.concurrent.ScheduledThreadPoolExecutor$ScheduledFutureTask.run(ScheduledThreadPoolExecutor.java:293)
	at java.util.concurrent.ThreadPoolExecutor.runWorker(ThreadPoolExecutor.java:1149)
	at java.util.concurrent.ThreadPoolExecutor$Worker.run(ThreadPoolExecutor.java:624)
	at java.lang.Thread.run(Thread.java:748)
Caused by: java.io.IOException: failed to req API: http://10.11.0.103:8848/nacos/v1/ns/distro/datums. code: 500 msg: java.net.NoRouteToHostException: No route to host (Host unreachable)
	at com.alibaba.nacos.naming.misc.NamingProxy.getAllData(NamingProxy.java:150)
	at com.alibaba.nacos.naming.consistency.ephemeral.distro.component.DistroHttpAgent.getDatumSnapshot(DistroHttpAgent.java:98)
	... 10 common frames omitted
2022-12-07 11:44:19,007 INFO [DISTRO-INIT] load snapshot Nacos:Naming:v2:ClientData from 10.11.0.102:8848

2022-12-07 11:44:19,007 ERROR [DISTRO-INIT] load snapshot Nacos:Naming:v2:ClientData from 10.11.0.102:8848 failed.

com.alibaba.nacos.core.distributed.distro.exception.DistroException: [DISTRO-EXCEPTION][DISTRO] Cancel get snapshot caused by target server 10.11.0.102:8848 unhealthy
	at com.alibaba.nacos.naming.consistency.ephemeral.distro.v2.DistroClientTransportAgent.getDatumSnapshot(DistroClientTransportAgent.java:172)
	at com.alibaba.nacos.core.distributed.distro.task.load.DistroLoadDataTask.loadAllDataSnapshotFromRemote(DistroLoadDataTask.java:103)
	at com.alibaba.nacos.core.distributed.distro.task.load.DistroLoadDataTask.load(DistroLoadDataTask.java:87)
	at com.alibaba.nacos.core.distributed.distro.task.load.DistroLoadDataTask.run(DistroLoadDataTask.java:63)
	at java.util.concurrent.Executors$RunnableAdapter.call(Executors.java:511)
	at java.util.concurrent.FutureTask.run(FutureTask.java:266)
	at java.util.concurrent.ScheduledThreadPoolExecutor$ScheduledFutureTask.access$201(ScheduledThreadPoolExecutor.java:180)
	at java.util.concurrent.ScheduledThreadPoolExecutor$ScheduledFutureTask.run(ScheduledThreadPoolExecutor.java:293)
	at java.util.concurrent.ThreadPoolExecutor.runWorker(ThreadPoolExecutor.java:1149)
	at java.util.concurrent.ThreadPoolExecutor$Worker.run(ThreadPoolExecutor.java:624)
	at java.lang.Thread.run(Thread.java:748)
2022-12-07 11:44:19,008 INFO [DISTRO-INIT] load snapshot Nacos:Naming:v2:ClientData from 10.11.0.103:8848

2022-12-07 11:44:19,008 ERROR [DISTRO-INIT] load snapshot Nacos:Naming:v2:ClientData from 10.11.0.103:8848 failed.

com.alibaba.nacos.core.distributed.distro.exception.DistroException: [DISTRO-EXCEPTION][DISTRO] Cancel get snapshot caused by target server 10.11.0.103:8848 unhealthy
	at com.alibaba.nacos.naming.consistency.ephemeral.distro.v2.DistroClientTransportAgent.getDatumSnapshot(DistroClientTransportAgent.java:172)
	at com.alibaba.nacos.core.distributed.distro.task.load.DistroLoadDataTask.loadAllDataSnapshotFromRemote(DistroLoadDataTask.java:103)
	at com.alibaba.nacos.core.distributed.distro.task.load.DistroLoadDataTask.load(DistroLoadDataTask.java:87)
	at com.alibaba.nacos.core.distributed.distro.task.load.DistroLoadDataTask.run(DistroLoadDataTask.java:63)
	at java.util.concurrent.Executors$RunnableAdapter.call(Executors.java:511)
	at java.util.concurrent.FutureTask.run(FutureTask.java:266)
	at java.util.concurrent.ScheduledThreadPoolExecutor$ScheduledFutureTask.access$201(ScheduledThreadPoolExecutor.java:180)
	at java.util.concurrent.ScheduledThreadPoolExecutor$ScheduledFutureTask.run(ScheduledThreadPoolExecutor.java:293)
	at java.util.concurrent.ThreadPoolExecutor.runWorker(ThreadPoolExecutor.java:1149)
	at java.util.concurrent.ThreadPoolExecutor$Worker.run(ThreadPoolExecutor.java:624)
	at java.lang.Thread.run(Thread.java:748)
2022-12-07 11:44:21,128 WARN data storage DistroDataStorageImpl has not finished initial step, do not send verify data

2022-12-07 11:44:21,129 WARN data storage DistroClientDataProcessor has not finished initial step, do not send verify data

2022-12-07 11:44:26,129 WARN data storage DistroDataStorageImpl has not finished initial step, do not send verify data

2022-12-07 11:44:26,130 WARN data storage DistroClientDataProcessor has not finished initial step, do not send verify data

2022-12-07 11:44:31,130 WARN data storage DistroDataStorageImpl has not finished initial step, do not send verify data

2022-12-07 11:44:31,131 WARN data storage DistroClientDataProcessor has not finished initial step, do not send verify data

2022-12-07 11:44:36,132 WARN data storage DistroDataStorageImpl has not finished initial step, do not send verify data

2022-12-07 11:44:36,132 WARN data storage DistroClientDataProcessor has not finished initial step, do not send verify data

2022-12-07 11:44:41,133 WARN data storage DistroDataStorageImpl has not finished initial step, do not send verify data

2022-12-07 11:44:41,133 WARN data storage DistroClientDataProcessor has not finished initial step, do not send verify data

2022-12-07 11:44:46,134 WARN data storage DistroDataStorageImpl has not finished initial step, do not send verify data

2022-12-07 11:44:46,135 WARN data storage DistroClientDataProcessor has not finished initial step, do not send verify data

2022-12-07 11:44:51,135 WARN data storage DistroDataStorageImpl has not finished initial step, do not send verify data

2022-12-07 11:44:51,136 WARN data storage DistroClientDataProcessor has not finished initial step, do not send verify data

2022-12-07 11:44:56,137 WARN data storage DistroDataStorageImpl has not finished initial step, do not send verify data

2022-12-07 11:44:56,137 WARN data storage DistroClientDataProcessor has not finished initial step, do not send verify data

2022-12-07 11:45:01,138 WARN data storage DistroDataStorageImpl has not finished initial step, do not send verify data

2022-12-07 11:45:01,139 WARN data storage DistroClientDataProcessor has not finished initial step, do not send verify data

2022-12-07 11:45:06,139 WARN data storage DistroDataStorageImpl has not finished initial step, do not send verify data

2022-12-07 11:45:06,140 WARN data storage DistroClientDataProcessor has not finished initial step, do not send verify data

2022-12-07 11:45:11,140 WARN data storage DistroDataStorageImpl has not finished initial step, do not send verify data

2022-12-07 11:45:11,141 WARN data storage DistroClientDataProcessor has not finished initial step, do not send verify data

2022-12-07 11:45:16,141 WARN data storage DistroDataStorageImpl has not finished initial step, do not send verify data

2022-12-07 11:45:16,142 WARN data storage DistroClientDataProcessor has not finished initial step, do not send verify data

2022-12-07 11:45:19,009 INFO [DISTRO-INIT] load snapshot com.alibaba.nacos.naming.iplist. from 10.11.0.102:8848

2022-12-07 11:45:19,033 INFO [DISTRO-INIT] load snapshot com.alibaba.nacos.naming.iplist. from 10.11.0.102:8848 result: true

2022-12-07 11:45:19,034 INFO [DISTRO-INIT] load snapshot Nacos:Naming:v2:ClientData from 10.11.0.102:8848

2022-12-07 11:45:19,068 INFO [DISTRO-INIT] load snapshot Nacos:Naming:v2:ClientData from 10.11.0.102:8848 result: true

2022-12-07 11:45:19,069 INFO [DISTRO-INIT] load snapshot data success

