2022-12-07 11:30:46,886 INFO Init loader limit rule from local,rule=

2022-12-07 11:30:47,082 INFO [ClientConnectionEventListenerRegistry] registry listener - ConfigConnectionEventListener

2022-12-07 11:30:47,115 INFO [ClientConnectionEventListenerRegistry] registry listener - RpcAckCallbackInitorOrCleaner

2022-12-07 11:30:47,315 INFO Nacos GrpcSdkServer Rpc server starting at port 9848

2022-12-07 11:30:47,324 INFO Nacos GrpcSdkServer Rpc server started at port 9848

2022-12-07 11:30:47,326 INFO Nacos GrpcClusterServer Rpc server starting at port 9849

2022-12-07 11:30:47,329 INFO Nacos GrpcClusterServer Rpc server started at port 9849

2022-12-07 11:30:47,353 INFO [ClientConnectionEventListenerRegistry] registry listener - ConnectionBasedClientManager

2022-12-07 11:43:56,846 INFO Init loader limit rule from local,rule=

2022-12-07 11:43:57,061 INFO [ClientConnectionEventListenerRegistry] registry listener - ConfigConnectionEventListener

2022-12-07 11:43:57,091 INFO [ClientConnectionEventListenerRegistry] registry listener - RpcAckCallbackInitorOrCleaner

2022-12-07 11:43:57,253 INFO Nacos GrpcSdkServer Rpc server starting at port 9848

2022-12-07 11:43:57,260 INFO Nacos GrpcSdkServer Rpc server started at port 9848

2022-12-07 11:43:57,262 INFO Nacos GrpcClusterServer Rpc server starting at port 9849

2022-12-07 11:43:57,263 INFO Nacos GrpcClusterServer Rpc server started at port 9849

2022-12-07 11:43:57,286 INFO [ClientConnectionEventListenerRegistry] registry listener - ConnectionBasedClientManager

2022-12-07 13:32:13,738 INFO Nacos GrpcClusterServer Rpc server stopping

2022-12-07 13:32:13,740 INFO Nacos GrpcSdkServer Rpc server stopping

2022-12-07 13:32:13,776 INFO Nacos GrpcSdkServer Rpc server stopped successfully...

2022-12-07 13:32:13,776 INFO Nacos GrpcClusterServer Rpc server stopped successfully...

