
         ,--.
       ,--.'|
   ,--,:  : |                                           Nacos 2.0.0
,`--.'`|  ' :                       ,---.               Running in cluster mode, All function modules
|   :  :  | |                      '   ,'\   .--.--.    Port: 8848
:   |   \ | :  ,--.--.     ,---.  /   /   | /  /    '   Pid: 32
|   : '  '; | /       \   /     \.   ; ,. :|  :  /`./   Console: http://10.11.0.101:8848/nacos/index.html
'   ' ;.    ;.--.  .-. | /    / ''   | |: :|  :  ;_
|   | | \   | \__\/: . ..    ' / '   | .; : \  \    `.      https://nacos.io
'   : |  ; .' ," .--.; |'   ; :__|   :    |  `----.   \
|   | '`--'  /  /  ,.  |'   | '.'|\   \  /  /  /`--'  /
'   : |     ;  :   .'   \   :    : `----'  '--'.     /
;   |.'     |  ,     .-./\   \  /            `--'---'
'---'        `--`---'     `----'

2022-12-07 11:30:39,312 INFO The server IP list of Nacos is [10.11.0.101:8848, 10.11.0.102:8848, 10.11.0.103:8848]

2022-12-07 11:30:40,315 INFO Nacos is starting...

2022-12-07 11:30:41,316 INFO Nacos is starting...

2022-12-07 11:30:42,317 INFO Nacos is starting...

2022-12-07 11:30:43,318 INFO Nacos is starting...

2022-12-07 11:30:44,319 INFO Nacos is starting...

2022-12-07 11:30:45,320 INFO Nacos is starting...

2022-12-07 11:30:46,321 INFO Nacos is starting...

2022-12-07 11:30:47,322 INFO Nacos is starting...

2022-12-07 11:30:48,323 INFO Nacos is starting...

2022-12-07 11:30:49,165 INFO Nacos started successfully in cluster mode. use external storage

