2022-12-07 11:30:46,893 INFO Register tps control,pointName=CONFIG_PUSH_COUNT, point=com.alibaba.nacos.core.remote.control.TpsMonitorPoint@540a903b 

2022-12-07 11:30:46,894 INFO Load rule from local,pointName=CONFIG_PUSH_COUNT, ruleContent= 

2022-12-07 11:30:46,894 INFO Apply tps control rule parse start,pointName=[CONFIG_PUSH_COUNT]  

2022-12-07 11:30:46,895 INFO Clear point  control rule ,pointName=[CONFIG_PUSH_COUNT]  

2022-12-07 11:30:46,895 INFO Clear point  control rule for monitorKeys, pointName=[CONFIG_PUSH_COUNT]  

2022-12-07 11:30:46,895 INFO Register tps control,pointName=CONFIG_PUSH_SUCCESS, point=com.alibaba.nacos.core.remote.control.TpsMonitorPoint@58496dc 

2022-12-07 11:30:46,896 INFO Load rule from local,pointName=CONFIG_PUSH_SUCCESS, ruleContent= 

2022-12-07 11:30:46,896 INFO Apply tps control rule parse start,pointName=[CONFIG_PUSH_SUCCESS]  

2022-12-07 11:30:46,896 INFO Clear point  control rule ,pointName=[CONFIG_PUSH_SUCCESS]  

2022-12-07 11:30:46,896 INFO Clear point  control rule for monitorKeys, pointName=[CONFIG_PUSH_SUCCESS]  

2022-12-07 11:30:46,897 INFO Register tps control,pointName=CONFIG_PUSH_FAIL, point=com.alibaba.nacos.core.remote.control.TpsMonitorPoint@151db587 

2022-12-07 11:30:46,897 INFO Load rule from local,pointName=CONFIG_PUSH_FAIL, ruleContent= 

2022-12-07 11:30:46,897 INFO Apply tps control rule parse start,pointName=[CONFIG_PUSH_FAIL]  

2022-12-07 11:30:46,897 INFO Clear point  control rule ,pointName=[CONFIG_PUSH_FAIL]  

2022-12-07 11:30:46,898 INFO Clear point  control rule for monitorKeys, pointName=[CONFIG_PUSH_FAIL]  

2022-12-07 11:30:49,114 INFO Register tps control,pointName=ConfigQuery, point=com.alibaba.nacos.core.remote.control.TpsMonitorPoint@1174a305 

2022-12-07 11:30:49,115 INFO Load rule from local,pointName=ConfigQuery, ruleContent= 

2022-12-07 11:30:49,115 INFO Apply tps control rule parse start,pointName=[ConfigQuery]  

2022-12-07 11:30:49,116 INFO Clear point  control rule ,pointName=[ConfigQuery]  

2022-12-07 11:30:49,116 INFO Clear point  control rule for monitorKeys, pointName=[ConfigQuery]  

2022-12-07 11:30:49,116 INFO Register tps control,pointName=ClusterConfigChangeNotify, point=com.alibaba.nacos.core.remote.control.TpsMonitorPoint@71b6d77f 

2022-12-07 11:30:49,116 INFO Load rule from local,pointName=ClusterConfigChangeNotify, ruleContent= 

2022-12-07 11:30:49,117 INFO Apply tps control rule parse start,pointName=[ClusterConfigChangeNotify]  

2022-12-07 11:30:49,117 INFO Clear point  control rule ,pointName=[ClusterConfigChangeNotify]  

2022-12-07 11:30:49,117 INFO Clear point  control rule for monitorKeys, pointName=[ClusterConfigChangeNotify]  

2022-12-07 11:30:49,117 INFO Register tps control,pointName=ConfigListen, point=com.alibaba.nacos.core.remote.control.TpsMonitorPoint@1866da85 

2022-12-07 11:30:49,118 INFO Load rule from local,pointName=ConfigListen, ruleContent= 

2022-12-07 11:30:49,118 INFO Apply tps control rule parse start,pointName=[ConfigListen]  

2022-12-07 11:30:49,118 INFO Clear point  control rule ,pointName=[ConfigListen]  

2022-12-07 11:30:49,118 INFO Clear point  control rule for monitorKeys, pointName=[ConfigListen]  

2022-12-07 11:30:49,118 INFO Register tps control,pointName=ConfigRemove, point=com.alibaba.nacos.core.remote.control.TpsMonitorPoint@4cfa8227 

2022-12-07 11:30:49,119 INFO Load rule from local,pointName=ConfigRemove, ruleContent= 

2022-12-07 11:30:49,119 INFO Apply tps control rule parse start,pointName=[ConfigRemove]  

2022-12-07 11:30:49,119 INFO Clear point  control rule ,pointName=[ConfigRemove]  

2022-12-07 11:30:49,119 INFO Clear point  control rule for monitorKeys, pointName=[ConfigRemove]  

2022-12-07 11:30:49,120 INFO Register tps control,pointName=ConfigPublish, point=com.alibaba.nacos.core.remote.control.TpsMonitorPoint@78226c36 

2022-12-07 11:30:49,120 INFO Load rule from local,pointName=ConfigPublish, ruleContent= 

2022-12-07 11:30:49,120 INFO Apply tps control rule parse start,pointName=[ConfigPublish]  

2022-12-07 11:30:49,120 INFO Clear point  control rule ,pointName=[ConfigPublish]  

2022-12-07 11:30:49,121 INFO Clear point  control rule for monitorKeys, pointName=[ConfigPublish]  

2022-12-07 11:30:49,121 INFO Register tps control,pointName=HealthCheck, point=com.alibaba.nacos.core.remote.control.TpsMonitorPoint@3f685162 

2022-12-07 11:30:49,121 INFO Load rule from local,pointName=HealthCheck, ruleContent= 

2022-12-07 11:30:49,121 INFO Apply tps control rule parse start,pointName=[HealthCheck]  

2022-12-07 11:30:49,122 INFO Clear point  control rule ,pointName=[HealthCheck]  

2022-12-07 11:30:49,122 INFO Clear point  control rule for monitorKeys, pointName=[HealthCheck]  

2022-12-07 11:43:56,852 INFO Register tps control,pointName=CONFIG_PUSH_COUNT, point=com.alibaba.nacos.core.remote.control.TpsMonitorPoint@24361cfc 

2022-12-07 11:43:56,854 INFO Load rule from local,pointName=CONFIG_PUSH_COUNT, ruleContent= 

2022-12-07 11:43:56,854 INFO Apply tps control rule parse start,pointName=[CONFIG_PUSH_COUNT]  

2022-12-07 11:43:56,855 INFO Clear point  control rule ,pointName=[CONFIG_PUSH_COUNT]  

2022-12-07 11:43:56,855 INFO Clear point  control rule for monitorKeys, pointName=[CONFIG_PUSH_COUNT]  

2022-12-07 11:43:56,855 INFO Register tps control,pointName=CONFIG_PUSH_SUCCESS, point=com.alibaba.nacos.core.remote.control.TpsMonitorPoint@34e20e6b 

2022-12-07 11:43:56,856 INFO Load rule from local,pointName=CONFIG_PUSH_SUCCESS, ruleContent= 

2022-12-07 11:43:56,856 INFO Apply tps control rule parse start,pointName=[CONFIG_PUSH_SUCCESS]  

2022-12-07 11:43:56,857 INFO Clear point  control rule ,pointName=[CONFIG_PUSH_SUCCESS]  

2022-12-07 11:43:56,857 INFO Clear point  control rule for monitorKeys, pointName=[CONFIG_PUSH_SUCCESS]  

2022-12-07 11:43:56,857 INFO Register tps control,pointName=CONFIG_PUSH_FAIL, point=com.alibaba.nacos.core.remote.control.TpsMonitorPoint@15ac59c2 

2022-12-07 11:43:56,857 INFO Load rule from local,pointName=CONFIG_PUSH_FAIL, ruleContent= 

2022-12-07 11:43:56,858 INFO Apply tps control rule parse start,pointName=[CONFIG_PUSH_FAIL]  

2022-12-07 11:43:56,858 INFO Clear point  control rule ,pointName=[CONFIG_PUSH_FAIL]  

2022-12-07 11:43:56,858 INFO Clear point  control rule for monitorKeys, pointName=[CONFIG_PUSH_FAIL]  

2022-12-07 11:43:59,157 INFO Register tps control,pointName=ConfigQuery, point=com.alibaba.nacos.core.remote.control.TpsMonitorPoint@1000d54d 

2022-12-07 11:43:59,157 INFO Load rule from local,pointName=ConfigQuery, ruleContent= 

2022-12-07 11:43:59,158 INFO Apply tps control rule parse start,pointName=[ConfigQuery]  

2022-12-07 11:43:59,158 INFO Clear point  control rule ,pointName=[ConfigQuery]  

2022-12-07 11:43:59,158 INFO Clear point  control rule for monitorKeys, pointName=[ConfigQuery]  

2022-12-07 11:43:59,158 INFO Register tps control,pointName=ClusterConfigChangeNotify, point=com.alibaba.nacos.core.remote.control.TpsMonitorPoint@3f4f5330 

2022-12-07 11:43:59,159 INFO Load rule from local,pointName=ClusterConfigChangeNotify, ruleContent= 

2022-12-07 11:43:59,159 INFO Apply tps control rule parse start,pointName=[ClusterConfigChangeNotify]  

2022-12-07 11:43:59,159 INFO Clear point  control rule ,pointName=[ClusterConfigChangeNotify]  

2022-12-07 11:43:59,159 INFO Clear point  control rule for monitorKeys, pointName=[ClusterConfigChangeNotify]  

2022-12-07 11:43:59,160 INFO Register tps control,pointName=ConfigListen, point=com.alibaba.nacos.core.remote.control.TpsMonitorPoint@14b7786 

2022-12-07 11:43:59,160 INFO Load rule from local,pointName=ConfigListen, ruleContent= 

2022-12-07 11:43:59,160 INFO Apply tps control rule parse start,pointName=[ConfigListen]  

2022-12-07 11:43:59,160 INFO Clear point  control rule ,pointName=[ConfigListen]  

2022-12-07 11:43:59,161 INFO Clear point  control rule for monitorKeys, pointName=[ConfigListen]  

2022-12-07 11:43:59,161 INFO Register tps control,pointName=ConfigRemove, point=com.alibaba.nacos.core.remote.control.TpsMonitorPoint@750ff7d3 

2022-12-07 11:43:59,161 INFO Load rule from local,pointName=ConfigRemove, ruleContent= 

2022-12-07 11:43:59,162 INFO Apply tps control rule parse start,pointName=[ConfigRemove]  

2022-12-07 11:43:59,162 INFO Clear point  control rule ,pointName=[ConfigRemove]  

2022-12-07 11:43:59,162 INFO Clear point  control rule for monitorKeys, pointName=[ConfigRemove]  

2022-12-07 11:43:59,163 INFO Register tps control,pointName=ConfigPublish, point=com.alibaba.nacos.core.remote.control.TpsMonitorPoint@63b3ee82 

2022-12-07 11:43:59,163 INFO Load rule from local,pointName=ConfigPublish, ruleContent= 

2022-12-07 11:43:59,163 INFO Apply tps control rule parse start,pointName=[ConfigPublish]  

2022-12-07 11:43:59,163 INFO Clear point  control rule ,pointName=[ConfigPublish]  

2022-12-07 11:43:59,164 INFO Clear point  control rule for monitorKeys, pointName=[ConfigPublish]  

2022-12-07 11:43:59,164 INFO Register tps control,pointName=HealthCheck, point=com.alibaba.nacos.core.remote.control.TpsMonitorPoint@2620e717 

2022-12-07 11:43:59,164 INFO Load rule from local,pointName=HealthCheck, ruleContent= 

2022-12-07 11:43:59,165 INFO Apply tps control rule parse start,pointName=[HealthCheck]  

2022-12-07 11:43:59,165 INFO Clear point  control rule ,pointName=[HealthCheck]  

2022-12-07 11:43:59,165 INFO Clear point  control rule for monitorKeys, pointName=[HealthCheck]  

