2022/11/24 07:11:55 [notice] 1#1: using the "epoll" event method
2022/11/24 07:11:55 [notice] 1#1: nginx/1.23.2
2022/11/24 07:11:55 [notice] 1#1: built by gcc 10.2.1 20210110 (Debian 10.2.1-6) 
2022/11/24 07:11:55 [notice] 1#1: OS: Linux 5.10.16.3-microsoft-standard-WSL2
2022/11/24 07:11:55 [notice] 1#1: getrlimit(RLIMIT_NOFILE): 1048576:1048576
2022/11/24 07:11:55 [notice] 1#1: start worker processes
2022/11/24 07:11:55 [notice] 1#1: start worker process 22
2022/11/24 07:11:55 [notice] 1#1: start worker process 23
2022/11/24 07:11:55 [notice] 1#1: start worker process 24
2022/11/24 07:11:55 [notice] 1#1: start worker process 25
2022/11/24 07:11:55 [notice] 1#1: start worker process 26
2022/11/24 07:11:55 [notice] 1#1: start worker process 27
2022/11/24 07:11:55 [notice] 1#1: start worker process 28
2022/11/24 07:11:55 [notice] 1#1: start worker process 29
2022/11/24 07:11:55 [notice] 1#1: start worker process 30
2022/11/24 07:11:55 [notice] 1#1: start worker process 31
2022/11/24 07:11:55 [notice] 1#1: start worker process 32
2022/11/24 07:11:55 [notice] 1#1: start worker process 33
2022/11/24 07:12:06 [error] 23#23: *3 open() "/usr/share/nginx/html/favicon.ico" failed (2: No such file or directory), client: 172.18.0.1, server: localhost, request: "GET /favicon.ico HTTP/1.1", host: "localhost", referrer: "http://localhost/"
2022/11/24 07:18:05 [notice] 1#1: signal 3 (SIGQUIT) received, shutting down
2022/11/24 07:18:05 [notice] 22#22: gracefully shutting down
2022/11/24 07:18:05 [notice] 22#22: exiting
2022/11/24 07:18:05 [notice] 23#23: gracefully shutting down
2022/11/24 07:18:05 [notice] 24#24: gracefully shutting down
2022/11/24 07:18:05 [notice] 25#25: gracefully shutting down
2022/11/24 07:18:05 [notice] 26#26: gracefully shutting down
2022/11/24 07:18:05 [notice] 27#27: gracefully shutting down
2022/11/24 07:18:05 [notice] 28#28: gracefully shutting down
2022/11/24 07:18:05 [notice] 29#29: gracefully shutting down
2022/11/24 07:18:05 [notice] 30#30: gracefully shutting down
2022/11/24 07:18:05 [notice] 31#31: gracefully shutting down
2022/11/24 07:18:05 [notice] 32#32: gracefully shutting down
2022/11/24 07:18:05 [notice] 33#33: gracefully shutting down
2022/11/24 07:18:05 [notice] 22#22: exit
2022/11/24 07:18:05 [notice] 23#23: exiting
2022/11/24 07:18:05 [notice] 24#24: exiting
2022/11/24 07:18:05 [notice] 25#25: exiting
2022/11/24 07:18:05 [notice] 26#26: exiting
2022/11/24 07:18:05 [notice] 27#27: exiting
2022/11/24 07:18:05 [notice] 28#28: exiting
2022/11/24 07:18:05 [notice] 29#29: exiting
2022/11/24 07:18:05 [notice] 30#30: exiting
2022/11/24 07:18:05 [notice] 31#31: exiting
2022/11/24 07:18:05 [notice] 32#32: exiting
2022/11/24 07:18:05 [notice] 33#33: exiting
2022/11/24 07:18:05 [notice] 23#23: exit
2022/11/24 07:18:05 [notice] 24#24: exit
2022/11/24 07:18:05 [notice] 25#25: exit
2022/11/24 07:18:05 [notice] 26#26: exit
2022/11/24 07:18:05 [notice] 27#27: exit
2022/11/24 07:18:05 [notice] 28#28: exit
2022/11/24 07:18:05 [notice] 29#29: exit
2022/11/24 07:18:05 [notice] 30#30: exit
2022/11/24 07:18:05 [notice] 31#31: exit
2022/11/24 07:18:05 [notice] 32#32: exit
2022/11/24 07:18:05 [notice] 33#33: exit
2022/11/24 07:18:05 [notice] 1#1: signal 17 (SIGCHLD) received from 26
2022/11/24 07:18:05 [notice] 1#1: worker process 24 exited with code 0
2022/11/24 07:18:05 [notice] 1#1: worker process 26 exited with code 0
2022/11/24 07:18:05 [notice] 1#1: worker process 30 exited with code 0
2022/11/24 07:18:05 [notice] 1#1: worker process 32 exited with code 0
2022/11/24 07:18:05 [notice] 1#1: signal 29 (SIGIO) received
2022/11/24 07:18:05 [notice] 1#1: signal 17 (SIGCHLD) received from 32
2022/11/24 07:18:05 [notice] 1#1: signal 17 (SIGCHLD) received from 27
2022/11/24 07:18:05 [notice] 1#1: worker process 27 exited with code 0
2022/11/24 07:18:05 [notice] 1#1: signal 29 (SIGIO) received
2022/11/24 07:18:05 [notice] 1#1: signal 17 (SIGCHLD) received from 22
2022/11/24 07:18:05 [notice] 1#1: worker process 22 exited with code 0
2022/11/24 07:18:05 [notice] 1#1: worker process 25 exited with code 0
2022/11/24 07:18:05 [notice] 1#1: worker process 28 exited with code 0
2022/11/24 07:18:05 [notice] 1#1: worker process 31 exited with code 0
2022/11/24 07:18:05 [notice] 1#1: signal 29 (SIGIO) received
2022/11/24 07:18:05 [notice] 1#1: signal 17 (SIGCHLD) received from 25
2022/11/24 07:18:05 [notice] 1#1: signal 17 (SIGCHLD) received from 23
2022/11/24 07:18:05 [notice] 1#1: worker process 23 exited with code 0
2022/11/24 07:18:05 [notice] 1#1: signal 29 (SIGIO) received
2022/11/24 07:18:05 [notice] 1#1: signal 17 (SIGCHLD) received from 33
2022/11/24 07:18:05 [notice] 1#1: worker process 29 exited with code 0
2022/11/24 07:18:05 [notice] 1#1: worker process 33 exited with code 0
2022/11/24 07:18:05 [notice] 1#1: exit
2022/11/24 07:18:07 [emerg] 1#1: "proxy" directive is not allowed here in /etc/nginx/conf.d/default.conf:24
2022/11/24 07:21:07 [emerg] 1#1: "proxy" directive is not allowed here in /etc/nginx/conf.d/default.conf:24
2022/11/24 07:25:06 [notice] 1#1: using the "epoll" event method
2022/11/24 07:25:06 [notice] 1#1: nginx/1.23.2
2022/11/24 07:25:06 [notice] 1#1: built by gcc 10.2.1 20210110 (Debian 10.2.1-6) 
2022/11/24 07:25:06 [notice] 1#1: OS: Linux 5.10.16.3-microsoft-standard-WSL2
2022/11/24 07:25:06 [notice] 1#1: getrlimit(RLIMIT_NOFILE): 1048576:1048576
2022/11/24 07:25:06 [notice] 1#1: start worker processes
2022/11/24 07:25:06 [notice] 1#1: start worker process 22
2022/11/24 07:25:06 [notice] 1#1: start worker process 23
2022/11/24 07:25:06 [notice] 1#1: start worker process 24
2022/11/24 07:25:06 [notice] 1#1: start worker process 25
2022/11/24 07:25:06 [notice] 1#1: start worker process 26
2022/11/24 07:25:06 [notice] 1#1: start worker process 27
2022/11/24 07:25:06 [notice] 1#1: start worker process 28
2022/11/24 07:25:06 [notice] 1#1: start worker process 29
2022/11/24 07:25:06 [notice] 1#1: start worker process 30
2022/11/24 07:25:06 [notice] 1#1: start worker process 31
2022/11/24 07:25:06 [notice] 1#1: start worker process 32
2022/11/24 07:25:06 [notice] 1#1: start worker process 33
2022/11/24 07:25:21 [error] 23#23: *1 open() "/usr/share/nginx/html/test" failed (2: No such file or directory), client: 172.20.0.1, server: localhost, request: "GET /test HTTP/1.1", host: "localhost"
2022/11/24 07:28:02 [notice] 1#1: signal 3 (SIGQUIT) received, shutting down
2022/11/24 07:28:02 [notice] 22#22: gracefully shutting down
2022/11/24 07:28:02 [notice] 30#30: gracefully shutting down
2022/11/24 07:28:02 [notice] 23#23: gracefully shutting down
2022/11/24 07:28:02 [notice] 26#26: gracefully shutting down
2022/11/24 07:28:02 [notice] 24#24: gracefully shutting down
2022/11/24 07:28:02 [notice] 28#28: gracefully shutting down
2022/11/24 07:28:02 [notice] 27#27: gracefully shutting down
2022/11/24 07:28:02 [notice] 25#25: gracefully shutting down
2022/11/24 07:28:02 [notice] 29#29: gracefully shutting down
2022/11/24 07:28:02 [notice] 32#32: gracefully shutting down
2022/11/24 07:28:02 [notice] 22#22: exiting
2022/11/24 07:28:02 [notice] 33#33: gracefully shutting down
2022/11/24 07:28:02 [notice] 31#31: gracefully shutting down
2022/11/24 07:28:02 [notice] 30#30: exiting
2022/11/24 07:28:02 [notice] 23#23: exiting
2022/11/24 07:28:02 [notice] 26#26: exiting
2022/11/24 07:28:02 [notice] 24#24: exiting
2022/11/24 07:28:02 [notice] 28#28: exiting
2022/11/24 07:28:02 [notice] 27#27: exiting
2022/11/24 07:28:02 [notice] 25#25: exiting
2022/11/24 07:28:02 [notice] 29#29: exiting
2022/11/24 07:28:02 [notice] 32#32: exiting
2022/11/24 07:28:02 [notice] 22#22: exit
2022/11/24 07:28:02 [notice] 33#33: exiting
2022/11/24 07:28:02 [notice] 31#31: exiting
2022/11/24 07:28:02 [notice] 30#30: exit
2022/11/24 07:28:02 [notice] 23#23: exit
2022/11/24 07:28:02 [notice] 26#26: exit
2022/11/24 07:28:02 [notice] 24#24: exit
2022/11/24 07:28:02 [notice] 28#28: exit
2022/11/24 07:28:02 [notice] 27#27: exit
2022/11/24 07:28:02 [notice] 25#25: exit
2022/11/24 07:28:02 [notice] 29#29: exit
2022/11/24 07:28:02 [notice] 32#32: exit
2022/11/24 07:28:02 [notice] 33#33: exit
2022/11/24 07:28:02 [notice] 31#31: exit
2022/11/24 07:28:03 [notice] 1#1: signal 17 (SIGCHLD) received from 29
2022/11/24 07:28:03 [notice] 1#1: worker process 22 exited with code 0
2022/11/24 07:28:03 [notice] 1#1: worker process 23 exited with code 0
2022/11/24 07:28:03 [notice] 1#1: worker process 25 exited with code 0
2022/11/24 07:28:03 [notice] 1#1: worker process 26 exited with code 0
2022/11/24 07:28:03 [notice] 1#1: worker process 27 exited with code 0
2022/11/24 07:28:03 [notice] 1#1: worker process 28 exited with code 0
2022/11/24 07:28:03 [notice] 1#1: worker process 29 exited with code 0
2022/11/24 07:28:03 [notice] 1#1: worker process 31 exited with code 0
2022/11/24 07:28:03 [notice] 1#1: worker process 33 exited with code 0
2022/11/24 07:28:03 [notice] 1#1: signal 29 (SIGIO) received
2022/11/24 07:28:03 [notice] 1#1: signal 17 (SIGCHLD) received from 22
2022/11/24 07:28:03 [notice] 1#1: signal 17 (SIGCHLD) received from 32
2022/11/24 07:28:03 [notice] 1#1: worker process 24 exited with code 0
2022/11/24 07:28:03 [notice] 1#1: worker process 30 exited with code 0
2022/11/24 07:28:03 [notice] 1#1: worker process 32 exited with code 0
2022/11/24 07:28:03 [notice] 1#1: exit
2022/11/24 07:28:04 [notice] 1#1: using the "epoll" event method
2022/11/24 07:28:04 [notice] 1#1: nginx/1.23.2
2022/11/24 07:28:04 [notice] 1#1: built by gcc 10.2.1 20210110 (Debian 10.2.1-6) 
2022/11/24 07:28:04 [notice] 1#1: OS: Linux 5.10.16.3-microsoft-standard-WSL2
2022/11/24 07:28:04 [notice] 1#1: getrlimit(RLIMIT_NOFILE): 1048576:1048576
2022/11/24 07:28:04 [notice] 1#1: start worker processes
2022/11/24 07:28:04 [notice] 1#1: start worker process 22
2022/11/24 07:28:04 [notice] 1#1: start worker process 23
2022/11/24 07:28:04 [notice] 1#1: start worker process 24
2022/11/24 07:28:04 [notice] 1#1: start worker process 25
2022/11/24 07:28:04 [notice] 1#1: start worker process 26
2022/11/24 07:28:04 [notice] 1#1: start worker process 27
2022/11/24 07:28:04 [notice] 1#1: start worker process 28
2022/11/24 07:28:04 [notice] 1#1: start worker process 29
2022/11/24 07:28:04 [notice] 1#1: start worker process 30
2022/11/24 07:28:04 [notice] 1#1: start worker process 31
2022/11/24 07:28:04 [notice] 1#1: start worker process 32
2022/11/24 07:28:04 [notice] 1#1: start worker process 33
2022/11/24 07:34:46 [notice] 1#1: signal 3 (SIGQUIT) received, shutting down
2022/11/24 07:34:46 [notice] 22#22: gracefully shutting down
2022/11/24 07:34:46 [notice] 31#31: gracefully shutting down
2022/11/24 07:34:46 [notice] 23#23: gracefully shutting down
2022/11/24 07:34:46 [notice] 24#24: gracefully shutting down
2022/11/24 07:34:46 [notice] 25#25: gracefully shutting down
2022/11/24 07:34:46 [notice] 26#26: gracefully shutting down
2022/11/24 07:34:46 [notice] 27#27: gracefully shutting down
2022/11/24 07:34:46 [notice] 28#28: gracefully shutting down
2022/11/24 07:34:46 [notice] 30#30: gracefully shutting down
2022/11/24 07:34:46 [notice] 29#29: gracefully shutting down
2022/11/24 07:34:46 [notice] 32#32: gracefully shutting down
2022/11/24 07:34:46 [notice] 33#33: gracefully shutting down
2022/11/24 07:34:46 [notice] 22#22: exiting
2022/11/24 07:34:46 [notice] 31#31: exiting
2022/11/24 07:34:46 [notice] 23#23: exiting
2022/11/24 07:34:46 [notice] 24#24: exiting
2022/11/24 07:34:46 [notice] 25#25: exiting
2022/11/24 07:34:46 [notice] 26#26: exiting
2022/11/24 07:34:46 [notice] 27#27: exiting
2022/11/24 07:34:46 [notice] 28#28: exiting
2022/11/24 07:34:46 [notice] 30#30: exiting
2022/11/24 07:34:46 [notice] 29#29: exiting
2022/11/24 07:34:46 [notice] 32#32: exiting
2022/11/24 07:34:46 [notice] 33#33: exiting
2022/11/24 07:34:46 [notice] 22#22: exit
2022/11/24 07:34:46 [notice] 31#31: exit
2022/11/24 07:34:46 [notice] 23#23: exit
2022/11/24 07:34:46 [notice] 24#24: exit
2022/11/24 07:34:46 [notice] 25#25: exit
2022/11/24 07:34:46 [notice] 26#26: exit
2022/11/24 07:34:46 [notice] 27#27: exit
2022/11/24 07:34:46 [notice] 28#28: exit
2022/11/24 07:34:46 [notice] 30#30: exit
2022/11/24 07:34:46 [notice] 29#29: exit
2022/11/24 07:34:46 [notice] 32#32: exit
2022/11/24 07:34:46 [notice] 33#33: exit
2022/11/24 07:34:46 [notice] 1#1: signal 17 (SIGCHLD) received from 27
2022/11/24 07:34:46 [notice] 1#1: worker process 22 exited with code 0
2022/11/24 07:34:46 [notice] 1#1: worker process 27 exited with code 0
2022/11/24 07:34:46 [notice] 1#1: signal 29 (SIGIO) received
2022/11/24 07:34:46 [notice] 1#1: signal 17 (SIGCHLD) received from 22
2022/11/24 07:34:46 [notice] 1#1: signal 17 (SIGCHLD) received from 25
2022/11/24 07:34:46 [notice] 1#1: worker process 25 exited with code 0
2022/11/24 07:34:46 [notice] 1#1: signal 29 (SIGIO) received
2022/11/24 07:34:46 [notice] 1#1: signal 17 (SIGCHLD) received from 26
2022/11/24 07:34:46 [notice] 1#1: worker process 24 exited with code 0
2022/11/24 07:34:46 [notice] 1#1: worker process 26 exited with code 0
2022/11/24 07:34:46 [notice] 1#1: worker process 28 exited with code 0
2022/11/24 07:34:46 [notice] 1#1: signal 29 (SIGIO) received
2022/11/24 07:34:46 [notice] 1#1: signal 17 (SIGCHLD) received from 28
2022/11/24 07:34:46 [notice] 1#1: signal 17 (SIGCHLD) received from 29
2022/11/24 07:34:46 [notice] 1#1: worker process 23 exited with code 0
2022/11/24 07:34:46 [notice] 1#1: worker process 29 exited with code 0
2022/11/24 07:34:46 [notice] 1#1: worker process 33 exited with code 0
2022/11/24 07:34:46 [notice] 1#1: signal 29 (SIGIO) received
2022/11/24 07:34:46 [notice] 1#1: signal 17 (SIGCHLD) received from 33
2022/11/24 07:34:46 [notice] 1#1: signal 17 (SIGCHLD) received from 30
2022/11/24 07:34:46 [notice] 1#1: worker process 30 exited with code 0
2022/11/24 07:34:46 [notice] 1#1: worker process 32 exited with code 0
2022/11/24 07:34:46 [notice] 1#1: signal 29 (SIGIO) received
2022/11/24 07:34:46 [notice] 1#1: signal 17 (SIGCHLD) received from 31
2022/11/24 07:34:46 [notice] 1#1: worker process 31 exited with code 0
2022/11/24 07:34:46 [notice] 1#1: exit
2022/11/24 07:34:52 [notice] 1#1: using the "epoll" event method
2022/11/24 07:34:52 [notice] 1#1: nginx/1.23.2
2022/11/24 07:34:52 [notice] 1#1: built by gcc 10.2.1 20210110 (Debian 10.2.1-6) 
2022/11/24 07:34:52 [notice] 1#1: OS: Linux 5.10.16.3-microsoft-standard-WSL2
2022/11/24 07:34:52 [notice] 1#1: getrlimit(RLIMIT_NOFILE): 1048576:1048576
2022/11/24 07:34:52 [notice] 1#1: start worker processes
2022/11/24 07:34:52 [notice] 1#1: start worker process 22
2022/11/24 07:34:52 [notice] 1#1: start worker process 23
2022/11/24 07:34:52 [notice] 1#1: start worker process 24
2022/11/24 07:34:52 [notice] 1#1: start worker process 25
2022/11/24 07:34:52 [notice] 1#1: start worker process 26
2022/11/24 07:34:52 [notice] 1#1: start worker process 27
2022/11/24 07:34:52 [notice] 1#1: start worker process 28
2022/11/24 07:34:52 [notice] 1#1: start worker process 29
2022/11/24 07:34:52 [notice] 1#1: start worker process 30
2022/11/24 07:34:52 [notice] 1#1: start worker process 31
2022/11/24 07:34:52 [notice] 1#1: start worker process 32
2022/11/24 07:34:52 [notice] 1#1: start worker process 33
2022/11/24 07:35:41 [notice] 1#1: signal 3 (SIGQUIT) received, shutting down
2022/11/24 07:35:41 [notice] 22#22: gracefully shutting down
2022/11/24 07:35:41 [notice] 31#31: gracefully shutting down
2022/11/24 07:35:41 [notice] 23#23: gracefully shutting down
2022/11/24 07:35:41 [notice] 24#24: gracefully shutting down
2022/11/24 07:35:41 [notice] 24#24: exiting
2022/11/24 07:35:41 [notice] 25#25: gracefully shutting down
2022/11/24 07:35:41 [notice] 26#26: gracefully shutting down
2022/11/24 07:35:41 [notice] 27#27: gracefully shutting down
2022/11/24 07:35:41 [notice] 28#28: gracefully shutting down
2022/11/24 07:35:41 [notice] 29#29: gracefully shutting down
2022/11/24 07:35:41 [notice] 30#30: gracefully shutting down
2022/11/24 07:35:41 [notice] 32#32: gracefully shutting down
2022/11/24 07:35:41 [notice] 33#33: gracefully shutting down
2022/11/24 07:35:41 [notice] 22#22: exiting
2022/11/24 07:35:41 [notice] 31#31: exiting
2022/11/24 07:35:41 [notice] 24#24: exit
2022/11/24 07:35:41 [notice] 25#25: exiting
2022/11/24 07:35:41 [notice] 26#26: exiting
2022/11/24 07:35:41 [notice] 27#27: exiting
2022/11/24 07:35:41 [notice] 28#28: exiting
2022/11/24 07:35:41 [notice] 29#29: exiting
2022/11/24 07:35:41 [notice] 30#30: exiting
2022/11/24 07:35:41 [notice] 32#32: exiting
2022/11/24 07:35:41 [notice] 33#33: exiting
2022/11/24 07:35:41 [notice] 22#22: exit
2022/11/24 07:35:41 [notice] 31#31: exit
2022/11/24 07:35:41 [notice] 25#25: exit
2022/11/24 07:35:41 [notice] 26#26: exit
2022/11/24 07:35:41 [notice] 27#27: exit
2022/11/24 07:35:41 [notice] 28#28: exit
2022/11/24 07:35:41 [notice] 29#29: exit
2022/11/24 07:35:41 [notice] 30#30: exit
2022/11/24 07:35:41 [notice] 32#32: exit
2022/11/24 07:35:41 [notice] 33#33: exit
2022/11/24 07:35:41 [notice] 1#1: signal 17 (SIGCHLD) received from 33
2022/11/24 07:35:41 [notice] 1#1: worker process 24 exited with code 0
2022/11/24 07:35:41 [notice] 1#1: worker process 25 exited with code 0
2022/11/24 07:35:41 [notice] 1#1: worker process 26 exited with code 0
2022/11/24 07:35:41 [notice] 1#1: worker process 28 exited with code 0
2022/11/24 07:35:41 [notice] 1#1: worker process 29 exited with code 0
2022/11/24 07:35:41 [notice] 1#1: worker process 32 exited with code 0
2022/11/24 07:35:41 [notice] 1#1: worker process 33 exited with code 0
2022/11/24 07:35:41 [notice] 1#1: signal 29 (SIGIO) received
2022/11/24 07:35:41 [notice] 1#1: signal 17 (SIGCHLD) received from 29
2022/11/24 07:35:41 [notice] 1#1: signal 17 (SIGCHLD) received from 27
2022/11/24 07:35:41 [notice] 1#1: worker process 27 exited with code 0
2022/11/24 07:35:41 [notice] 1#1: worker process 31 exited with code 0
2022/11/24 07:35:41 [notice] 1#1: signal 29 (SIGIO) received
2022/11/24 07:35:41 [notice] 1#1: signal 17 (SIGCHLD) received from 31
2022/11/24 07:35:41 [notice] 1#1: signal 17 (SIGCHLD) received from 22
2022/11/24 07:35:41 [notice] 1#1: worker process 22 exited with code 0
2022/11/24 07:35:41 [notice] 1#1: signal 29 (SIGIO) received
2022/11/24 07:35:41 [notice] 1#1: signal 17 (SIGCHLD) received from 30
2022/11/24 07:35:41 [notice] 1#1: worker process 30 exited with code 0
2022/11/24 07:35:41 [notice] 1#1: signal 29 (SIGIO) received
2022/11/24 07:37:11 [notice] 1#1: using the "epoll" event method
2022/11/24 07:37:11 [notice] 1#1: nginx/1.23.2
2022/11/24 07:37:11 [notice] 1#1: built by gcc 10.2.1 20210110 (Debian 10.2.1-6) 
2022/11/24 07:37:11 [notice] 1#1: OS: Linux 5.10.16.3-microsoft-standard-WSL2
2022/11/24 07:37:11 [notice] 1#1: getrlimit(RLIMIT_NOFILE): 1048576:1048576
2022/11/24 07:37:11 [notice] 1#1: start worker processes
2022/11/24 07:37:11 [notice] 1#1: start worker process 22
2022/11/24 07:37:11 [notice] 1#1: start worker process 23
2022/11/24 07:37:11 [notice] 1#1: start worker process 24
2022/11/24 07:37:11 [notice] 1#1: start worker process 25
2022/11/24 07:37:11 [notice] 1#1: start worker process 26
2022/11/24 07:37:11 [notice] 1#1: start worker process 27
2022/11/24 07:37:11 [notice] 1#1: start worker process 28
2022/11/24 07:37:11 [notice] 1#1: start worker process 29
2022/11/24 07:37:11 [notice] 1#1: start worker process 30
2022/11/24 07:37:11 [notice] 1#1: start worker process 31
2022/11/24 07:37:11 [notice] 1#1: start worker process 32
2022/11/24 07:37:11 [notice] 1#1: start worker process 33
2022/11/24 07:37:46 [notice] 1#1: signal 3 (SIGQUIT) received, shutting down
2022/11/24 07:37:46 [notice] 22#22: gracefully shutting down
2022/11/24 07:37:46 [notice] 30#30: gracefully shutting down
2022/11/24 07:37:46 [notice] 23#23: gracefully shutting down
2022/11/24 07:37:46 [notice] 24#24: gracefully shutting down
2022/11/24 07:37:46 [notice] 25#25: gracefully shutting down
2022/11/24 07:37:46 [notice] 26#26: gracefully shutting down
2022/11/24 07:37:46 [notice] 27#27: gracefully shutting down
2022/11/24 07:37:46 [notice] 28#28: gracefully shutting down
2022/11/24 07:37:46 [notice] 29#29: gracefully shutting down
2022/11/24 07:37:46 [notice] 31#31: gracefully shutting down
2022/11/24 07:37:46 [notice] 32#32: gracefully shutting down
2022/11/24 07:37:46 [notice] 33#33: gracefully shutting down
2022/11/24 07:37:46 [notice] 30#30: exiting
2022/11/24 07:37:46 [notice] 23#23: exiting
2022/11/24 07:37:46 [notice] 24#24: exiting
2022/11/24 07:37:46 [notice] 25#25: exiting
2022/11/24 07:37:46 [notice] 26#26: exiting
2022/11/24 07:37:46 [notice] 27#27: exiting
2022/11/24 07:37:46 [notice] 28#28: exiting
2022/11/24 07:37:46 [notice] 29#29: exiting
2022/11/24 07:37:46 [notice] 31#31: exiting
2022/11/24 07:37:46 [notice] 32#32: exiting
2022/11/24 07:37:46 [notice] 33#33: exiting
2022/11/24 07:37:46 [notice] 30#30: exit
2022/11/24 07:37:46 [notice] 23#23: exit
2022/11/24 07:37:46 [notice] 24#24: exit
2022/11/24 07:37:46 [notice] 25#25: exit
2022/11/24 07:37:46 [notice] 26#26: exit
2022/11/24 07:37:46 [notice] 27#27: exit
2022/11/24 07:37:46 [notice] 28#28: exit
2022/11/24 07:37:46 [notice] 29#29: exit
2022/11/24 07:37:46 [notice] 31#31: exit
2022/11/24 07:37:46 [notice] 32#32: exit
2022/11/24 07:37:46 [notice] 33#33: exit
2022/11/24 07:37:46 [notice] 1#1: signal 17 (SIGCHLD) received from 26
2022/11/24 07:37:46 [notice] 1#1: worker process 24 exited with code 0
2022/11/24 07:37:46 [notice] 1#1: worker process 25 exited with code 0
2022/11/24 07:37:46 [notice] 1#1: worker process 26 exited with code 0
2022/11/24 07:37:46 [notice] 1#1: worker process 28 exited with code 0
2022/11/24 07:37:46 [notice] 1#1: worker process 29 exited with code 0
2022/11/24 07:37:46 [notice] 1#1: worker process 30 exited with code 0
2022/11/24 07:37:46 [notice] 1#1: worker process 32 exited with code 0
2022/11/24 07:37:46 [notice] 1#1: worker process 33 exited with code 0
2022/11/24 07:37:46 [notice] 1#1: signal 29 (SIGIO) received
2022/11/24 07:37:46 [notice] 1#1: signal 17 (SIGCHLD) received from 25
2022/11/24 07:37:46 [notice] 1#1: signal 17 (SIGCHLD) received from 27
2022/11/24 07:37:46 [notice] 1#1: worker process 23 exited with code 0
2022/11/24 07:37:46 [notice] 1#1: worker process 27 exited with code 0
2022/11/24 07:37:46 [notice] 1#1: worker process 31 exited with code 0
2022/11/24 07:37:46 [notice] 1#1: signal 29 (SIGIO) received
2022/11/24 07:37:46 [notice] 1#1: signal 17 (SIGCHLD) received from 31
2022/11/24 07:38:04 [notice] 1#1: using the "epoll" event method
2022/11/24 07:38:04 [notice] 1#1: nginx/1.23.2
2022/11/24 07:38:04 [notice] 1#1: built by gcc 10.2.1 20210110 (Debian 10.2.1-6) 
2022/11/24 07:38:04 [notice] 1#1: OS: Linux 5.10.16.3-microsoft-standard-WSL2
2022/11/24 07:38:04 [notice] 1#1: getrlimit(RLIMIT_NOFILE): 1048576:1048576
2022/11/24 07:38:04 [notice] 1#1: start worker processes
2022/11/24 07:38:04 [notice] 1#1: start worker process 22
2022/11/24 07:38:04 [notice] 1#1: start worker process 23
2022/11/24 07:38:04 [notice] 1#1: start worker process 24
2022/11/24 07:38:04 [notice] 1#1: start worker process 25
2022/11/24 07:38:04 [notice] 1#1: start worker process 26
2022/11/24 07:38:04 [notice] 1#1: start worker process 27
2022/11/24 07:38:04 [notice] 1#1: start worker process 28
2022/11/24 07:38:04 [notice] 1#1: start worker process 29
2022/11/24 07:38:04 [notice] 1#1: start worker process 30
2022/11/24 07:38:04 [notice] 1#1: start worker process 31
2022/11/24 07:38:04 [notice] 1#1: start worker process 32
2022/11/24 07:38:04 [notice] 1#1: start worker process 33
2022/11/24 07:38:23 [notice] 1#1: signal 3 (SIGQUIT) received, shutting down
2022/11/24 07:38:23 [notice] 22#22: gracefully shutting down
2022/11/24 07:38:23 [notice] 33#33: gracefully shutting down
2022/11/24 07:38:23 [notice] 23#23: gracefully shutting down
2022/11/24 07:38:23 [notice] 24#24: gracefully shutting down
2022/11/24 07:38:23 [notice] 25#25: gracefully shutting down
2022/11/24 07:38:23 [notice] 26#26: gracefully shutting down
2022/11/24 07:38:23 [notice] 27#27: gracefully shutting down
2022/11/24 07:38:23 [notice] 28#28: gracefully shutting down
2022/11/24 07:38:23 [notice] 29#29: gracefully shutting down
2022/11/24 07:38:23 [notice] 30#30: gracefully shutting down
2022/11/24 07:38:23 [notice] 31#31: gracefully shutting down
2022/11/24 07:38:23 [notice] 32#32: gracefully shutting down
2022/11/24 07:38:23 [notice] 22#22: exiting
2022/11/24 07:38:23 [notice] 33#33: exiting
2022/11/24 07:38:23 [notice] 24#24: exiting
2022/11/24 07:38:23 [notice] 25#25: exiting
2022/11/24 07:38:23 [notice] 26#26: exiting
2022/11/24 07:38:23 [notice] 27#27: exiting
2022/11/24 07:38:23 [notice] 28#28: exiting
2022/11/24 07:38:23 [notice] 29#29: exiting
2022/11/24 07:38:23 [notice] 30#30: exiting
2022/11/24 07:38:23 [notice] 31#31: exiting
2022/11/24 07:38:23 [notice] 32#32: exiting
2022/11/24 07:38:23 [notice] 22#22: exit
2022/11/24 07:38:23 [notice] 33#33: exit
2022/11/24 07:38:23 [notice] 24#24: exit
2022/11/24 07:38:23 [notice] 25#25: exit
2022/11/24 07:38:23 [notice] 26#26: exit
2022/11/24 07:38:23 [notice] 27#27: exit
2022/11/24 07:38:23 [notice] 28#28: exit
2022/11/24 07:38:23 [notice] 29#29: exit
2022/11/24 07:38:23 [notice] 30#30: exit
2022/11/24 07:38:23 [notice] 31#31: exit
2022/11/24 07:38:23 [notice] 32#32: exit
2022/11/24 07:38:23 [notice] 1#1: signal 17 (SIGCHLD) received from 29
2022/11/24 07:38:23 [notice] 1#1: worker process 22 exited with code 0
2022/11/24 07:38:23 [notice] 1#1: worker process 24 exited with code 0
2022/11/24 07:38:23 [notice] 1#1: worker process 26 exited with code 0
2022/11/24 07:38:23 [notice] 1#1: worker process 27 exited with code 0
2022/11/24 07:38:23 [notice] 1#1: worker process 28 exited with code 0
2022/11/24 07:38:23 [notice] 1#1: worker process 29 exited with code 0
2022/11/24 07:38:23 [notice] 1#1: worker process 30 exited with code 0
2022/11/24 07:38:23 [notice] 1#1: worker process 31 exited with code 0
2022/11/24 07:38:23 [notice] 1#1: worker process 32 exited with code 0
2022/11/24 07:38:23 [notice] 1#1: worker process 33 exited with code 0
2022/11/24 07:38:23 [notice] 1#1: signal 29 (SIGIO) received
2022/11/24 07:38:23 [notice] 1#1: signal 17 (SIGCHLD) received from 22
2022/11/24 07:38:23 [notice] 1#1: signal 17 (SIGCHLD) received from 25
2022/11/24 07:38:23 [notice] 1#1: worker process 25 exited with code 0
2022/11/24 07:38:23 [notice] 1#1: signal 29 (SIGIO) received
2022/11/24 07:38:35 [notice] 1#1: using the "epoll" event method
2022/11/24 07:38:35 [notice] 1#1: nginx/1.23.2
2022/11/24 07:38:35 [notice] 1#1: built by gcc 10.2.1 20210110 (Debian 10.2.1-6) 
2022/11/24 07:38:35 [notice] 1#1: OS: Linux 5.10.16.3-microsoft-standard-WSL2
2022/11/24 07:38:35 [notice] 1#1: getrlimit(RLIMIT_NOFILE): 1048576:1048576
2022/11/24 07:38:35 [notice] 1#1: start worker processes
2022/11/24 07:38:35 [notice] 1#1: start worker process 22
2022/11/24 07:38:35 [notice] 1#1: start worker process 23
2022/11/24 07:38:35 [notice] 1#1: start worker process 24
2022/11/24 07:38:35 [notice] 1#1: start worker process 25
2022/11/24 07:38:35 [notice] 1#1: start worker process 26
2022/11/24 07:38:35 [notice] 1#1: start worker process 27
2022/11/24 07:38:35 [notice] 1#1: start worker process 28
2022/11/24 07:38:35 [notice] 1#1: start worker process 29
2022/11/24 07:38:35 [notice] 1#1: start worker process 30
2022/11/24 07:38:35 [notice] 1#1: start worker process 31
2022/11/24 07:38:35 [notice] 1#1: start worker process 32
2022/11/24 07:38:35 [notice] 1#1: start worker process 33
2022/11/24 07:39:20 [notice] 1#1: signal 3 (SIGQUIT) received, shutting down
2022/11/24 07:39:20 [notice] 23#23: gracefully shutting down
2022/11/24 07:39:20 [notice] 29#29: gracefully shutting down
2022/11/24 07:39:20 [notice] 22#22: gracefully shutting down
2022/11/24 07:39:20 [notice] 22#22: exiting
2022/11/24 07:39:20 [notice] 24#24: gracefully shutting down
2022/11/24 07:39:20 [notice] 25#25: gracefully shutting down
2022/11/24 07:39:20 [notice] 26#26: gracefully shutting down
2022/11/24 07:39:20 [notice] 27#27: gracefully shutting down
2022/11/24 07:39:20 [notice] 28#28: gracefully shutting down
2022/11/24 07:39:20 [notice] 30#30: gracefully shutting down
2022/11/24 07:39:20 [notice] 31#31: gracefully shutting down
2022/11/24 07:39:20 [notice] 32#32: gracefully shutting down
2022/11/24 07:39:20 [notice] 33#33: gracefully shutting down
2022/11/24 07:39:20 [notice] 29#29: exiting
2022/11/24 07:39:20 [notice] 22#22: exit
2022/11/24 07:39:20 [notice] 25#25: exiting
2022/11/24 07:39:20 [notice] 26#26: exiting
2022/11/24 07:39:20 [notice] 27#27: exiting
2022/11/24 07:39:20 [notice] 28#28: exiting
2022/11/24 07:39:20 [notice] 30#30: exiting
2022/11/24 07:39:20 [notice] 31#31: exiting
2022/11/24 07:39:20 [notice] 32#32: exiting
2022/11/24 07:39:20 [notice] 33#33: exiting
2022/11/24 07:39:20 [notice] 29#29: exit
2022/11/24 07:39:20 [notice] 25#25: exit
2022/11/24 07:39:20 [notice] 26#26: exit
2022/11/24 07:39:20 [notice] 27#27: exit
2022/11/24 07:39:20 [notice] 28#28: exit
2022/11/24 07:39:20 [notice] 30#30: exit
2022/11/24 07:39:20 [notice] 31#31: exit
2022/11/24 07:39:20 [notice] 32#32: exit
2022/11/24 07:39:20 [notice] 33#33: exit
2022/11/24 07:39:20 [notice] 1#1: signal 17 (SIGCHLD) received from 28
2022/11/24 07:39:20 [notice] 1#1: worker process 22 exited with code 0
2022/11/24 07:39:20 [notice] 1#1: worker process 28 exited with code 0
2022/11/24 07:39:20 [notice] 1#1: worker process 30 exited with code 0
2022/11/24 07:39:20 [notice] 1#1: worker process 31 exited with code 0
2022/11/24 07:39:20 [notice] 1#1: worker process 33 exited with code 0
2022/11/24 07:39:20 [notice] 1#1: signal 29 (SIGIO) received
2022/11/24 07:39:20 [notice] 1#1: signal 17 (SIGCHLD) received from 33
2022/11/24 07:39:20 [notice] 1#1: signal 17 (SIGCHLD) received from 25
2022/11/24 07:39:20 [notice] 1#1: worker process 25 exited with code 0
2022/11/24 07:39:20 [notice] 1#1: worker process 26 exited with code 0
2022/11/24 07:39:20 [notice] 1#1: worker process 27 exited with code 0
2022/11/24 07:39:20 [notice] 1#1: signal 29 (SIGIO) received
2022/11/24 07:39:20 [notice] 1#1: signal 17 (SIGCHLD) received from 27
2022/11/24 07:39:20 [notice] 1#1: signal 17 (SIGCHLD) received from 29
2022/11/24 07:39:20 [notice] 1#1: worker process 29 exited with code 0
2022/11/24 07:39:20 [notice] 1#1: worker process 32 exited with code 0
2022/11/24 07:39:20 [notice] 1#1: signal 29 (SIGIO) received
2022/11/24 07:39:31 [emerg] 1#1: unknown "arg" variable
2022/11/24 07:43:12 [notice] 1#1: using the "epoll" event method
2022/11/24 07:43:12 [notice] 1#1: nginx/1.23.2
2022/11/24 07:43:12 [notice] 1#1: built by gcc 10.2.1 20210110 (Debian 10.2.1-6) 
2022/11/24 07:43:12 [notice] 1#1: OS: Linux 5.10.16.3-microsoft-standard-WSL2
2022/11/24 07:43:12 [notice] 1#1: getrlimit(RLIMIT_NOFILE): 1048576:1048576
2022/11/24 07:43:12 [notice] 1#1: start worker processes
2022/11/24 07:43:12 [notice] 1#1: start worker process 22
2022/11/24 07:43:12 [notice] 1#1: start worker process 23
2022/11/24 07:43:12 [notice] 1#1: start worker process 24
2022/11/24 07:43:12 [notice] 1#1: start worker process 25
2022/11/24 07:43:12 [notice] 1#1: start worker process 26
2022/11/24 07:43:12 [notice] 1#1: start worker process 27
2022/11/24 07:43:12 [notice] 1#1: start worker process 28
2022/11/24 07:43:12 [notice] 1#1: start worker process 29
2022/11/24 07:43:12 [notice] 1#1: start worker process 30
2022/11/24 07:43:12 [notice] 1#1: start worker process 31
2022/11/24 07:43:12 [notice] 1#1: start worker process 32
2022/11/24 07:43:12 [notice] 1#1: start worker process 33
2022/11/24 07:43:21 [error] 23#23: *2 "/usr/share/nginx/html/expert/model/notebook/index.html" is not found (2: No such file or directory), client: 172.23.0.1, server: localhost, request: "GET /expert/model/notebook/ HTTP/1.1", host: "localhost"
2022/11/24 08:20:55 [notice] 1#1: signal 3 (SIGQUIT) received, shutting down
2022/11/24 08:20:55 [notice] 22#22: gracefully shutting down
2022/11/24 08:20:55 [notice] 23#23: gracefully shutting down
2022/11/24 08:20:55 [notice] 24#24: gracefully shutting down
2022/11/24 08:20:55 [notice] 24#24: exiting
2022/11/24 08:20:55 [notice] 25#25: gracefully shutting down
2022/11/24 08:20:55 [notice] 26#26: gracefully shutting down
2022/11/24 08:20:55 [notice] 28#28: gracefully shutting down
2022/11/24 08:20:55 [notice] 27#27: gracefully shutting down
2022/11/24 08:20:55 [notice] 29#29: gracefully shutting down
2022/11/24 08:20:55 [notice] 30#30: gracefully shutting down
2022/11/24 08:20:55 [notice] 31#31: gracefully shutting down
2022/11/24 08:20:55 [notice] 32#32: gracefully shutting down
2022/11/24 08:20:55 [notice] 33#33: gracefully shutting down
2022/11/24 08:20:55 [notice] 22#22: exiting
2022/11/24 08:20:55 [notice] 23#23: exiting
2022/11/24 08:20:55 [notice] 24#24: exit
2022/11/24 08:20:55 [notice] 25#25: exiting
2022/11/24 08:20:55 [notice] 26#26: exiting
2022/11/24 08:20:55 [notice] 28#28: exiting
2022/11/24 08:20:55 [notice] 27#27: exiting
2022/11/24 08:20:55 [notice] 29#29: exiting
2022/11/24 08:20:55 [notice] 30#30: exiting
2022/11/24 08:20:55 [notice] 31#31: exiting
2022/11/24 08:20:55 [notice] 32#32: exiting
2022/11/24 08:20:55 [notice] 33#33: exiting
2022/11/24 08:20:55 [notice] 22#22: exit
2022/11/24 08:20:55 [notice] 23#23: exit
2022/11/24 08:20:55 [notice] 25#25: exit
2022/11/24 08:20:55 [notice] 26#26: exit
2022/11/24 08:20:55 [notice] 28#28: exit
2022/11/24 08:20:55 [notice] 27#27: exit
2022/11/24 08:20:55 [notice] 29#29: exit
2022/11/24 08:20:55 [notice] 30#30: exit
2022/11/24 08:20:55 [notice] 31#31: exit
2022/11/24 08:20:55 [notice] 32#32: exit
2022/11/24 08:20:55 [notice] 33#33: exit
2022/11/24 08:20:55 [notice] 1#1: signal 17 (SIGCHLD) received from 28
2022/11/24 08:20:55 [notice] 1#1: worker process 23 exited with code 0
2022/11/24 08:20:55 [notice] 1#1: worker process 27 exited with code 0
2022/11/24 08:20:55 [notice] 1#1: worker process 28 exited with code 0
2022/11/24 08:20:55 [notice] 1#1: worker process 33 exited with code 0
2022/11/24 08:20:55 [notice] 1#1: signal 29 (SIGIO) received
2022/11/24 08:20:55 [notice] 1#1: signal 17 (SIGCHLD) received from 23
2022/11/24 08:20:55 [notice] 1#1: signal 17 (SIGCHLD) received from 26
2022/11/24 08:20:55 [notice] 1#1: worker process 26 exited with code 0
2022/11/24 08:20:55 [notice] 1#1: signal 29 (SIGIO) received
2022/11/24 08:20:55 [notice] 1#1: signal 17 (SIGCHLD) received from 31
2022/11/24 08:20:55 [notice] 1#1: worker process 22 exited with code 0
2022/11/24 08:20:55 [notice] 1#1: worker process 31 exited with code 0
2022/11/24 08:20:55 [notice] 1#1: signal 29 (SIGIO) received
2022/11/24 08:20:55 [notice] 1#1: signal 17 (SIGCHLD) received from 29
2022/11/24 08:20:55 [notice] 1#1: worker process 24 exited with code 0
2022/11/24 08:20:55 [notice] 1#1: worker process 25 exited with code 0
2022/11/24 08:20:55 [notice] 1#1: worker process 29 exited with code 0
2022/11/24 08:20:55 [notice] 1#1: worker process 30 exited with code 0
2022/11/24 08:20:55 [notice] 1#1: worker process 32 exited with code 0
2022/11/24 08:20:55 [notice] 1#1: exit
2022/11/24 08:20:57 [notice] 1#1: using the "epoll" event method
2022/11/24 08:20:57 [notice] 1#1: nginx/1.23.2
2022/11/24 08:20:57 [notice] 1#1: built by gcc 10.2.1 20210110 (Debian 10.2.1-6) 
2022/11/24 08:20:57 [notice] 1#1: OS: Linux 5.10.16.3-microsoft-standard-WSL2
2022/11/24 08:20:57 [notice] 1#1: getrlimit(RLIMIT_NOFILE): 1048576:1048576
2022/11/24 08:20:57 [notice] 1#1: start worker processes
2022/11/24 08:20:57 [notice] 1#1: start worker process 22
2022/11/24 08:20:57 [notice] 1#1: start worker process 23
2022/11/24 08:20:57 [notice] 1#1: start worker process 24
2022/11/24 08:20:57 [notice] 1#1: start worker process 25
2022/11/24 08:20:57 [notice] 1#1: start worker process 26
2022/11/24 08:20:57 [notice] 1#1: start worker process 27
2022/11/24 08:20:57 [notice] 1#1: start worker process 28
2022/11/24 08:20:57 [notice] 1#1: start worker process 29
2022/11/24 08:20:57 [notice] 1#1: start worker process 30
2022/11/24 08:20:57 [notice] 1#1: start worker process 31
2022/11/24 08:20:57 [notice] 1#1: start worker process 32
2022/11/24 08:20:57 [notice] 1#1: start worker process 33
2022/11/24 08:21:25 [error] 22#22: *1 invalid URL prefix in "www.baidu.com", client: 172.23.0.1, server: localhost, request: "GET /expert/model/?notebook_url=www.baidu.com HTTP/1.1", host: "localhost"
2022/11/24 08:22:25 [error] 24#24: *3 no resolver defined to resolve www.baidu.com, client: 172.23.0.1, server: localhost, request: "GET /expert/model/?notebook_url=http://www.baidu.com HTTP/1.1", host: "localhost"
2022/11/24 08:24:21 [error] 26#26: *6 no resolver defined to resolve www.baidu.com, client: 172.23.0.1, server: localhost, request: "GET /expert/model/?notebook_url=http://www.baidu.com HTTP/1.1", host: "localhost"
2022/11/24 08:29:05 [notice] 1#1: signal 3 (SIGQUIT) received, shutting down
2022/11/24 08:29:05 [notice] 22#22: gracefully shutting down
2022/11/24 08:29:05 [notice] 32#32: gracefully shutting down
2022/11/24 08:29:05 [notice] 23#23: gracefully shutting down
2022/11/24 08:29:05 [notice] 24#24: gracefully shutting down
2022/11/24 08:29:05 [notice] 25#25: gracefully shutting down
2022/11/24 08:29:05 [notice] 26#26: gracefully shutting down
2022/11/24 08:29:05 [notice] 27#27: gracefully shutting down
2022/11/24 08:29:05 [notice] 28#28: gracefully shutting down
2022/11/24 08:29:05 [notice] 29#29: gracefully shutting down
2022/11/24 08:29:05 [notice] 30#30: gracefully shutting down
2022/11/24 08:29:05 [notice] 31#31: gracefully shutting down
2022/11/24 08:29:05 [notice] 33#33: gracefully shutting down
2022/11/24 08:29:05 [notice] 22#22: exiting
2022/11/24 08:29:05 [notice] 32#32: exiting
2022/11/24 08:29:05 [notice] 23#23: exiting
2022/11/24 08:29:05 [notice] 24#24: exiting
2022/11/24 08:29:05 [notice] 25#25: exiting
2022/11/24 08:29:05 [notice] 26#26: exiting
2022/11/24 08:29:05 [notice] 27#27: exiting
2022/11/24 08:29:05 [notice] 28#28: exiting
2022/11/24 08:29:05 [notice] 29#29: exiting
2022/11/24 08:29:05 [notice] 30#30: exiting
2022/11/24 08:29:05 [notice] 31#31: exiting
2022/11/24 08:29:05 [notice] 33#33: exiting
2022/11/24 08:29:05 [notice] 22#22: exit
2022/11/24 08:29:05 [notice] 32#32: exit
2022/11/24 08:29:05 [notice] 23#23: exit
2022/11/24 08:29:05 [notice] 24#24: exit
2022/11/24 08:29:05 [notice] 25#25: exit
2022/11/24 08:29:05 [notice] 26#26: exit
2022/11/24 08:29:05 [notice] 27#27: exit
2022/11/24 08:29:05 [notice] 28#28: exit
2022/11/24 08:29:05 [notice] 29#29: exit
2022/11/24 08:29:05 [notice] 30#30: exit
2022/11/24 08:29:05 [notice] 31#31: exit
2022/11/24 08:29:05 [notice] 33#33: exit
2022/11/24 08:29:05 [notice] 1#1: signal 17 (SIGCHLD) received from 33
2022/11/24 08:29:05 [notice] 1#1: worker process 22 exited with code 0
2022/11/24 08:29:05 [notice] 1#1: worker process 23 exited with code 0
2022/11/24 08:29:05 [notice] 1#1: worker process 25 exited with code 0
2022/11/24 08:29:05 [notice] 1#1: worker process 26 exited with code 0
2022/11/24 08:29:05 [notice] 1#1: worker process 28 exited with code 0
2022/11/24 08:29:05 [notice] 1#1: worker process 29 exited with code 0
2022/11/24 08:29:05 [notice] 1#1: worker process 30 exited with code 0
2022/11/24 08:29:05 [notice] 1#1: worker process 31 exited with code 0
2022/11/24 08:29:05 [notice] 1#1: worker process 33 exited with code 0
2022/11/24 08:29:05 [notice] 1#1: signal 29 (SIGIO) received
2022/11/24 08:29:05 [notice] 1#1: signal 17 (SIGCHLD) received from 23
2022/11/24 08:29:05 [notice] 1#1: signal 17 (SIGCHLD) received from 32
2022/11/24 08:29:05 [notice] 1#1: worker process 24 exited with code 0
2022/11/24 08:29:05 [notice] 1#1: worker process 27 exited with code 0
2022/11/24 08:29:05 [notice] 1#1: worker process 32 exited with code 0
2022/11/24 08:29:05 [notice] 1#1: exit
2022/11/24 08:29:07 [notice] 1#1: using the "epoll" event method
2022/11/24 08:29:07 [notice] 1#1: nginx/1.23.2
2022/11/24 08:29:07 [notice] 1#1: built by gcc 10.2.1 20210110 (Debian 10.2.1-6) 
2022/11/24 08:29:07 [notice] 1#1: OS: Linux 5.10.16.3-microsoft-standard-WSL2
2022/11/24 08:29:07 [notice] 1#1: getrlimit(RLIMIT_NOFILE): 1048576:1048576
2022/11/24 08:29:07 [notice] 1#1: start worker processes
2022/11/24 08:29:07 [notice] 1#1: start worker process 22
2022/11/24 08:29:07 [notice] 1#1: start worker process 23
2022/11/24 08:29:07 [notice] 1#1: start worker process 24
2022/11/24 08:29:07 [notice] 1#1: start worker process 25
2022/11/24 08:29:07 [notice] 1#1: start worker process 26
2022/11/24 08:29:07 [notice] 1#1: start worker process 27
2022/11/24 08:29:07 [notice] 1#1: start worker process 28
2022/11/24 08:29:07 [notice] 1#1: start worker process 29
2022/11/24 08:29:07 [notice] 1#1: start worker process 30
2022/11/24 08:29:07 [notice] 1#1: start worker process 31
2022/11/24 08:29:07 [notice] 1#1: start worker process 32
2022/11/24 08:29:07 [notice] 1#1: start worker process 33
2022/11/24 08:29:20 [error] 22#22: *1 invalid port in upstream "http://www.baidu.com", client: 172.23.0.1, server: localhost, request: "GET /expert/model/?notebook_url=http://www.baidu.com HTTP/1.1", host: "localhost"
2022/11/24 08:41:04 [notice] 1#1: signal 3 (SIGQUIT) received, shutting down
2022/11/24 08:41:04 [notice] 22#22: gracefully shutting down
2022/11/24 08:41:04 [notice] 29#29: gracefully shutting down
2022/11/24 08:41:04 [notice] 23#23: gracefully shutting down
2022/11/24 08:41:04 [notice] 24#24: gracefully shutting down
2022/11/24 08:41:04 [notice] 25#25: gracefully shutting down
2022/11/24 08:41:04 [notice] 26#26: gracefully shutting down
2022/11/24 08:41:04 [notice] 27#27: gracefully shutting down
2022/11/24 08:41:04 [notice] 28#28: gracefully shutting down
2022/11/24 08:41:04 [notice] 30#30: gracefully shutting down
2022/11/24 08:41:04 [notice] 32#32: gracefully shutting down
2022/11/24 08:41:04 [notice] 22#22: exiting
2022/11/24 08:41:04 [notice] 31#31: gracefully shutting down
2022/11/24 08:41:04 [notice] 33#33: gracefully shutting down
2022/11/24 08:41:04 [notice] 29#29: exiting
2022/11/24 08:41:04 [notice] 23#23: exiting
2022/11/24 08:41:04 [notice] 24#24: exiting
2022/11/24 08:41:04 [notice] 25#25: exiting
2022/11/24 08:41:04 [notice] 26#26: exiting
2022/11/24 08:41:04 [notice] 27#27: exiting
2022/11/24 08:41:04 [notice] 28#28: exiting
2022/11/24 08:41:04 [notice] 30#30: exiting
2022/11/24 08:41:04 [notice] 32#32: exiting
2022/11/24 08:41:04 [notice] 22#22: exit
2022/11/24 08:41:04 [notice] 31#31: exiting
2022/11/24 08:41:04 [notice] 33#33: exiting
2022/11/24 08:41:04 [notice] 29#29: exit
2022/11/24 08:41:04 [notice] 23#23: exit
2022/11/24 08:41:04 [notice] 24#24: exit
2022/11/24 08:41:04 [notice] 25#25: exit
2022/11/24 08:41:04 [notice] 26#26: exit
2022/11/24 08:41:04 [notice] 27#27: exit
2022/11/24 08:41:04 [notice] 28#28: exit
2022/11/24 08:41:04 [notice] 30#30: exit
2022/11/24 08:41:04 [notice] 32#32: exit
2022/11/24 08:41:04 [notice] 31#31: exit
2022/11/24 08:41:04 [notice] 33#33: exit
2022/11/24 08:41:04 [notice] 1#1: signal 17 (SIGCHLD) received from 30
2022/11/24 08:41:04 [notice] 1#1: worker process 26 exited with code 0
2022/11/24 08:41:04 [notice] 1#1: worker process 29 exited with code 0
2022/11/24 08:41:04 [notice] 1#1: worker process 30 exited with code 0
2022/11/24 08:41:04 [notice] 1#1: worker process 33 exited with code 0
2022/11/24 08:41:04 [notice] 1#1: signal 29 (SIGIO) received
2022/11/24 08:41:04 [notice] 1#1: signal 17 (SIGCHLD) received from 29
2022/11/24 08:41:04 [notice] 1#1: signal 17 (SIGCHLD) received from 32
2022/11/24 08:41:04 [notice] 1#1: worker process 23 exited with code 0
2022/11/24 08:41:04 [notice] 1#1: worker process 24 exited with code 0
2022/11/24 08:41:04 [notice] 1#1: worker process 25 exited with code 0
2022/11/24 08:41:04 [notice] 1#1: worker process 27 exited with code 0
2022/11/24 08:41:04 [notice] 1#1: worker process 31 exited with code 0
2022/11/24 08:41:04 [notice] 1#1: worker process 32 exited with code 0
2022/11/24 08:41:04 [notice] 1#1: signal 29 (SIGIO) received
2022/11/24 08:41:04 [notice] 1#1: signal 17 (SIGCHLD) received from 27
2022/11/24 08:41:04 [notice] 1#1: signal 17 (SIGCHLD) received from 28
2022/11/24 08:41:04 [notice] 1#1: worker process 28 exited with code 0
2022/11/24 08:41:04 [notice] 1#1: signal 29 (SIGIO) received
2022/11/24 08:41:04 [notice] 1#1: signal 17 (SIGCHLD) received from 22
2022/11/24 08:41:04 [notice] 1#1: worker process 22 exited with code 0
2022/11/24 08:41:04 [notice] 1#1: exit
2022/11/24 08:41:06 [notice] 1#1: using the "epoll" event method
2022/11/24 08:41:06 [notice] 1#1: nginx/1.23.2
2022/11/24 08:41:06 [notice] 1#1: built by gcc 10.2.1 20210110 (Debian 10.2.1-6) 
2022/11/24 08:41:06 [notice] 1#1: OS: Linux 5.10.16.3-microsoft-standard-WSL2
2022/11/24 08:41:06 [notice] 1#1: getrlimit(RLIMIT_NOFILE): 1048576:1048576
2022/11/24 08:41:06 [notice] 1#1: start worker processes
2022/11/24 08:41:06 [notice] 1#1: start worker process 22
2022/11/24 08:41:06 [notice] 1#1: start worker process 23
2022/11/24 08:41:06 [notice] 1#1: start worker process 24
2022/11/24 08:41:06 [notice] 1#1: start worker process 25
2022/11/24 08:41:06 [notice] 1#1: start worker process 26
2022/11/24 08:41:06 [notice] 1#1: start worker process 27
2022/11/24 08:41:06 [notice] 1#1: start worker process 28
2022/11/24 08:41:06 [notice] 1#1: start worker process 29
2022/11/24 08:41:06 [notice] 1#1: start worker process 30
2022/11/24 08:41:06 [notice] 1#1: start worker process 31
2022/11/24 08:41:06 [notice] 1#1: start worker process 32
2022/11/24 08:41:06 [notice] 1#1: start worker process 33
2022/11/24 08:42:16 [notice] 1#1: signal 3 (SIGQUIT) received, shutting down
2022/11/24 08:42:16 [notice] 22#22: gracefully shutting down
2022/11/24 08:42:16 [notice] 33#33: gracefully shutting down
2022/11/24 08:42:16 [notice] 23#23: gracefully shutting down
2022/11/24 08:42:16 [notice] 23#23: exiting
2022/11/24 08:42:16 [notice] 24#24: gracefully shutting down
2022/11/24 08:42:16 [notice] 25#25: gracefully shutting down
2022/11/24 08:42:16 [notice] 26#26: gracefully shutting down
2022/11/24 08:42:16 [notice] 27#27: gracefully shutting down
2022/11/24 08:42:16 [notice] 28#28: gracefully shutting down
2022/11/24 08:42:16 [notice] 29#29: gracefully shutting down
2022/11/24 08:42:16 [notice] 30#30: gracefully shutting down
2022/11/24 08:42:16 [notice] 31#31: gracefully shutting down
2022/11/24 08:42:16 [notice] 32#32: gracefully shutting down
2022/11/24 08:42:16 [notice] 22#22: exiting
2022/11/24 08:42:16 [notice] 33#33: exiting
2022/11/24 08:42:16 [notice] 23#23: exit
2022/11/24 08:42:16 [notice] 24#24: exiting
2022/11/24 08:42:16 [notice] 25#25: exiting
2022/11/24 08:42:16 [notice] 26#26: exiting
2022/11/24 08:42:16 [notice] 27#27: exiting
2022/11/24 08:42:16 [notice] 28#28: exiting
2022/11/24 08:42:16 [notice] 29#29: exiting
2022/11/24 08:42:16 [notice] 30#30: exiting
2022/11/24 08:42:16 [notice] 31#31: exiting
2022/11/24 08:42:16 [notice] 32#32: exiting
2022/11/24 08:42:16 [notice] 22#22: exit
2022/11/24 08:42:16 [notice] 33#33: exit
2022/11/24 08:42:16 [notice] 24#24: exit
2022/11/24 08:42:16 [notice] 25#25: exit
2022/11/24 08:42:16 [notice] 26#26: exit
2022/11/24 08:42:16 [notice] 27#27: exit
2022/11/24 08:42:16 [notice] 28#28: exit
2022/11/24 08:42:16 [notice] 29#29: exit
2022/11/24 08:42:16 [notice] 30#30: exit
2022/11/24 08:42:16 [notice] 31#31: exit
2022/11/24 08:42:16 [notice] 32#32: exit
2022/11/24 08:42:16 [notice] 1#1: signal 17 (SIGCHLD) received from 23
2022/11/24 08:42:16 [notice] 1#1: worker process 23 exited with code 0
2022/11/24 08:42:16 [notice] 1#1: signal 29 (SIGIO) received
2022/11/24 08:42:16 [notice] 1#1: signal 17 (SIGCHLD) received from 33
2022/11/24 08:42:16 [notice] 1#1: worker process 25 exited with code 0
2022/11/24 08:42:16 [notice] 1#1: worker process 28 exited with code 0
2022/11/24 08:42:16 [notice] 1#1: worker process 31 exited with code 0
2022/11/24 08:42:16 [notice] 1#1: worker process 33 exited with code 0
2022/11/24 08:42:16 [notice] 1#1: signal 29 (SIGIO) received
2022/11/24 08:42:16 [notice] 1#1: signal 17 (SIGCHLD) received from 25
2022/11/24 08:42:16 [notice] 1#1: signal 17 (SIGCHLD) received from 29
2022/11/24 08:42:16 [notice] 1#1: worker process 24 exited with code 0
2022/11/24 08:42:16 [notice] 1#1: worker process 26 exited with code 0
2022/11/24 08:42:16 [notice] 1#1: worker process 29 exited with code 0
2022/11/24 08:42:16 [notice] 1#1: worker process 32 exited with code 0
2022/11/24 08:42:16 [notice] 1#1: signal 29 (SIGIO) received
2022/11/24 08:42:16 [notice] 1#1: signal 17 (SIGCHLD) received from 32
2022/11/24 08:42:16 [notice] 1#1: signal 17 (SIGCHLD) received from 27
2022/11/24 08:42:16 [notice] 1#1: worker process 22 exited with code 0
2022/11/24 08:42:16 [notice] 1#1: worker process 27 exited with code 0
2022/11/24 08:42:16 [notice] 1#1: worker process 30 exited with code 0
2022/11/24 08:42:16 [notice] 1#1: exit
2022/11/24 08:42:18 [notice] 1#1: using the "epoll" event method
2022/11/24 08:42:18 [notice] 1#1: nginx/1.23.2
2022/11/24 08:42:18 [notice] 1#1: built by gcc 10.2.1 20210110 (Debian 10.2.1-6) 
2022/11/24 08:42:18 [notice] 1#1: OS: Linux 5.10.16.3-microsoft-standard-WSL2
2022/11/24 08:42:18 [notice] 1#1: getrlimit(RLIMIT_NOFILE): 1048576:1048576
2022/11/24 08:42:18 [notice] 1#1: start worker processes
2022/11/24 08:42:18 [notice] 1#1: start worker process 22
2022/11/24 08:42:18 [notice] 1#1: start worker process 23
2022/11/24 08:42:18 [notice] 1#1: start worker process 24
2022/11/24 08:42:18 [notice] 1#1: start worker process 25
2022/11/24 08:42:18 [notice] 1#1: start worker process 26
2022/11/24 08:42:18 [notice] 1#1: start worker process 27
2022/11/24 08:42:18 [notice] 1#1: start worker process 28
2022/11/24 08:42:18 [notice] 1#1: start worker process 29
2022/11/24 08:42:18 [notice] 1#1: start worker process 30
2022/11/24 08:42:18 [notice] 1#1: start worker process 31
2022/11/24 08:42:18 [notice] 1#1: start worker process 32
2022/11/24 08:42:18 [notice] 1#1: start worker process 33
2022/11/24 08:43:51 [error] 26#26: *10 invalid URL prefix in "www.baidu.com", client: 172.23.0.1, server: localhost, request: "GET /expert/model/?notebook_url=www.baidu.com HTTP/1.1", host: "localhost"
2022/11/24 09:02:08 [error] 32#32: *21 "/etc/nginx/html/expert/model/notebook/index.html" is not found (2: No such file or directory), client: 172.23.0.1, server: localhost, request: "GET /expert/model/notebook/ HTTP/1.1", host: "localhost"
2022/11/24 09:02:36 [error] 32#32: *21 invalid URL prefix in "127.0.0.1:80", client: 172.23.0.1, server: localhost, request: "GET /expert/model/?notebook_url=127.0.0.1:80 HTTP/1.1", host: "localhost"
2022/11/24 09:02:53 [notice] 1#1: signal 3 (SIGQUIT) received, shutting down
2022/11/24 09:02:53 [notice] 22#22: gracefully shutting down
2022/11/24 09:02:53 [notice] 23#23: gracefully shutting down
2022/11/24 09:02:53 [notice] 24#24: gracefully shutting down
2022/11/24 09:02:53 [notice] 25#25: gracefully shutting down
2022/11/24 09:02:53 [notice] 26#26: gracefully shutting down
2022/11/24 09:02:53 [notice] 27#27: gracefully shutting down
2022/11/24 09:02:53 [notice] 28#28: gracefully shutting down
2022/11/24 09:02:53 [notice] 29#29: gracefully shutting down
2022/11/24 09:02:53 [notice] 30#30: gracefully shutting down
2022/11/24 09:02:53 [notice] 31#31: gracefully shutting down
2022/11/24 09:02:53 [notice] 32#32: gracefully shutting down
2022/11/24 09:02:53 [notice] 22#22: exiting
2022/11/24 09:02:53 [notice] 33#33: gracefully shutting down
2022/11/24 09:02:53 [notice] 23#23: exiting
2022/11/24 09:02:53 [notice] 24#24: exiting
2022/11/24 09:02:53 [notice] 25#25: exiting
2022/11/24 09:02:53 [notice] 26#26: exiting
2022/11/24 09:02:53 [notice] 27#27: exiting
2022/11/24 09:02:53 [notice] 28#28: exiting
2022/11/24 09:02:53 [notice] 29#29: exiting
2022/11/24 09:02:53 [notice] 30#30: exiting
2022/11/24 09:02:53 [notice] 31#31: exiting
2022/11/24 09:02:53 [notice] 32#32: exiting
2022/11/24 09:02:53 [notice] 22#22: exit
2022/11/24 09:02:53 [notice] 23#23: exit
2022/11/24 09:02:53 [notice] 24#24: exit
2022/11/24 09:02:53 [notice] 25#25: exit
2022/11/24 09:02:53 [notice] 26#26: exit
2022/11/24 09:02:53 [notice] 27#27: exit
2022/11/24 09:02:53 [notice] 28#28: exit
2022/11/24 09:02:53 [notice] 29#29: exit
2022/11/24 09:02:53 [notice] 30#30: exit
2022/11/24 09:02:53 [notice] 31#31: exit
2022/11/24 09:02:53 [notice] 32#32: exit
2022/11/24 09:02:53 [notice] 1#1: signal 17 (SIGCHLD) received from 22
2022/11/24 09:02:53 [notice] 1#1: worker process 22 exited with code 0
2022/11/24 09:02:53 [notice] 1#1: signal 29 (SIGIO) received
2022/11/24 09:02:53 [notice] 1#1: signal 17 (SIGCHLD) received from 25
2022/11/24 09:02:53 [notice] 1#1: worker process 25 exited with code 0
2022/11/24 09:02:53 [notice] 1#1: signal 29 (SIGIO) received
2022/11/24 09:02:53 [notice] 1#1: signal 17 (SIGCHLD) received from 24
2022/11/24 09:02:53 [notice] 1#1: worker process 24 exited with code 0
2022/11/24 09:02:53 [notice] 1#1: worker process 26 exited with code 0
2022/11/24 09:02:53 [notice] 1#1: worker process 28 exited with code 0
2022/11/24 09:02:53 [notice] 1#1: worker process 30 exited with code 0
2022/11/24 09:02:53 [notice] 1#1: signal 29 (SIGIO) received
2022/11/24 09:02:53 [notice] 1#1: signal 17 (SIGCHLD) received from 26
2022/11/24 09:02:53 [notice] 1#1: signal 17 (SIGCHLD) received from 23
2022/11/24 09:02:53 [notice] 1#1: worker process 23 exited with code 0
2022/11/24 09:02:53 [notice] 1#1: worker process 27 exited with code 0
2022/11/24 09:02:53 [notice] 1#1: worker process 32 exited with code 0
2022/11/24 09:02:53 [notice] 1#1: signal 29 (SIGIO) received
2022/11/24 09:02:53 [notice] 1#1: signal 17 (SIGCHLD) received from 32
2022/11/24 09:02:53 [notice] 1#1: signal 17 (SIGCHLD) received from 29
2022/11/24 09:02:53 [notice] 1#1: worker process 29 exited with code 0
2022/11/24 09:02:53 [notice] 1#1: worker process 31 exited with code 0
2022/11/24 09:02:53 [notice] 1#1: signal 29 (SIGIO) received
2022/11/24 09:02:53 [notice] 1#1: signal 17 (SIGCHLD) received from 31
2022/11/24 09:03:02 [notice] 33#33: exiting
2022/11/24 09:03:02 [notice] 33#33: exit
2022/11/24 09:03:02 [notice] 1#1: signal 17 (SIGCHLD) received from 33
2022/11/24 09:03:02 [notice] 1#1: worker process 33 exited with code 0
2022/11/24 09:03:02 [notice] 1#1: exit
2022/11/24 09:03:04 [notice] 1#1: using the "epoll" event method
2022/11/24 09:03:04 [notice] 1#1: nginx/1.23.2
2022/11/24 09:03:04 [notice] 1#1: built by gcc 10.2.1 20210110 (Debian 10.2.1-6) 
2022/11/24 09:03:04 [notice] 1#1: OS: Linux 5.10.16.3-microsoft-standard-WSL2
2022/11/24 09:03:04 [notice] 1#1: getrlimit(RLIMIT_NOFILE): 1048576:1048576
2022/11/24 09:03:04 [notice] 1#1: start worker processes
2022/11/24 09:03:04 [notice] 1#1: start worker process 22
2022/11/24 09:03:04 [notice] 1#1: start worker process 23
2022/11/24 09:03:04 [notice] 1#1: start worker process 24
2022/11/24 09:03:04 [notice] 1#1: start worker process 25
2022/11/24 09:03:04 [notice] 1#1: start worker process 26
2022/11/24 09:03:04 [notice] 1#1: start worker process 27
2022/11/24 09:03:04 [notice] 1#1: start worker process 28
2022/11/24 09:03:04 [notice] 1#1: start worker process 29
2022/11/24 09:03:04 [notice] 1#1: start worker process 30
2022/11/24 09:03:04 [notice] 1#1: start worker process 31
2022/11/24 09:03:04 [notice] 1#1: start worker process 32
2022/11/24 09:03:04 [notice] 1#1: start worker process 33
2022/11/24 09:03:17 [warn] 22#22: 1024 worker_connections are not enough, reusing connections
2022/11/24 09:03:17 [alert] 22#22: *12240 1024 worker_connections are not enough while connecting to upstream, client: 127.0.0.1, server: localhost, request: "GET /expert/model/?notebook_url=127.0.0.1:80 HTTP/1.0", upstream: "http://127.0.0.1:80/expert/model/?notebook_url=127.0.0.1:80", host: "127.0.0.1"
2022/11/24 09:05:26 [notice] 1#1: signal 3 (SIGQUIT) received, shutting down
2022/11/24 09:05:26 [notice] 22#22: gracefully shutting down
2022/11/24 09:05:26 [notice] 31#31: gracefully shutting down
2022/11/24 09:05:26 [notice] 23#23: gracefully shutting down
2022/11/24 09:05:26 [notice] 24#24: gracefully shutting down
2022/11/24 09:05:26 [notice] 25#25: gracefully shutting down
2022/11/24 09:05:26 [notice] 26#26: gracefully shutting down
2022/11/24 09:05:26 [notice] 27#27: gracefully shutting down
2022/11/24 09:05:26 [notice] 28#28: gracefully shutting down
2022/11/24 09:05:26 [notice] 29#29: gracefully shutting down
2022/11/24 09:05:26 [notice] 30#30: gracefully shutting down
2022/11/24 09:05:26 [notice] 33#33: gracefully shutting down
2022/11/24 09:05:26 [notice] 32#32: gracefully shutting down
2022/11/24 09:05:26 [notice] 22#22: exiting
2022/11/24 09:05:26 [notice] 31#31: exiting
2022/11/24 09:05:26 [notice] 23#23: exiting
2022/11/24 09:05:26 [notice] 24#24: exiting
2022/11/24 09:05:26 [notice] 25#25: exiting
2022/11/24 09:05:26 [notice] 26#26: exiting
2022/11/24 09:05:26 [notice] 27#27: exiting
2022/11/24 09:05:26 [notice] 28#28: exiting
2022/11/24 09:05:26 [notice] 29#29: exiting
2022/11/24 09:05:26 [notice] 30#30: exiting
2022/11/24 09:05:26 [notice] 33#33: exiting
2022/11/24 09:05:26 [notice] 32#32: exiting
2022/11/24 09:05:26 [notice] 22#22: exit
2022/11/24 09:05:26 [notice] 31#31: exit
2022/11/24 09:05:26 [notice] 23#23: exit
2022/11/24 09:05:26 [notice] 24#24: exit
2022/11/24 09:05:26 [notice] 25#25: exit
2022/11/24 09:05:26 [notice] 26#26: exit
2022/11/24 09:05:26 [notice] 27#27: exit
2022/11/24 09:05:26 [notice] 28#28: exit
2022/11/24 09:05:26 [notice] 29#29: exit
2022/11/24 09:05:26 [notice] 30#30: exit
2022/11/24 09:05:26 [notice] 33#33: exit
2022/11/24 09:05:26 [notice] 32#32: exit
2022/11/24 09:05:26 [notice] 1#1: signal 17 (SIGCHLD) received from 27
2022/11/24 09:05:26 [notice] 1#1: worker process 22 exited with code 0
2022/11/24 09:05:26 [notice] 1#1: worker process 23 exited with code 0
2022/11/24 09:05:26 [notice] 1#1: worker process 24 exited with code 0
2022/11/24 09:05:26 [notice] 1#1: worker process 25 exited with code 0
2022/11/24 09:05:26 [notice] 1#1: worker process 26 exited with code 0
2022/11/24 09:05:26 [notice] 1#1: worker process 27 exited with code 0
2022/11/24 09:05:26 [notice] 1#1: worker process 28 exited with code 0
2022/11/24 09:05:26 [notice] 1#1: worker process 29 exited with code 0
2022/11/24 09:05:26 [notice] 1#1: worker process 31 exited with code 0
2022/11/24 09:05:26 [notice] 1#1: worker process 32 exited with code 0
2022/11/24 09:05:26 [notice] 1#1: worker process 33 exited with code 0
2022/11/24 09:05:26 [notice] 1#1: signal 29 (SIGIO) received
2022/11/24 09:05:26 [notice] 1#1: signal 17 (SIGCHLD) received from 24
2022/11/24 09:05:26 [notice] 1#1: signal 17 (SIGCHLD) received from 30
2022/11/24 09:05:26 [notice] 1#1: worker process 30 exited with code 0
2022/11/24 09:05:26 [notice] 1#1: exit
2022/11/24 09:05:28 [notice] 1#1: using the "epoll" event method
2022/11/24 09:05:28 [notice] 1#1: nginx/1.23.2
2022/11/24 09:05:28 [notice] 1#1: built by gcc 10.2.1 20210110 (Debian 10.2.1-6) 
2022/11/24 09:05:28 [notice] 1#1: OS: Linux 5.10.16.3-microsoft-standard-WSL2
2022/11/24 09:05:28 [notice] 1#1: getrlimit(RLIMIT_NOFILE): 1048576:1048576
2022/11/24 09:05:28 [notice] 1#1: start worker processes
2022/11/24 09:05:28 [notice] 1#1: start worker process 22
2022/11/24 09:05:28 [notice] 1#1: start worker process 23
2022/11/24 09:05:28 [notice] 1#1: start worker process 24
2022/11/24 09:05:28 [notice] 1#1: start worker process 25
2022/11/24 09:05:28 [notice] 1#1: start worker process 26
2022/11/24 09:05:28 [notice] 1#1: start worker process 27
2022/11/24 09:05:28 [notice] 1#1: start worker process 28
2022/11/24 09:05:28 [notice] 1#1: start worker process 29
2022/11/24 09:05:28 [notice] 1#1: start worker process 30
2022/11/24 09:05:28 [notice] 1#1: start worker process 31
2022/11/24 09:05:28 [notice] 1#1: start worker process 32
2022/11/24 09:05:28 [notice] 1#1: start worker process 33
2022/11/24 09:23:25 [notice] 1#1: signal 3 (SIGQUIT) received, shutting down
2022/11/24 09:23:25 [notice] 22#22: gracefully shutting down
2022/11/24 09:23:25 [notice] 33#33: gracefully shutting down
2022/11/24 09:23:25 [notice] 23#23: gracefully shutting down
2022/11/24 09:23:25 [notice] 23#23: exiting
2022/11/24 09:23:25 [notice] 24#24: gracefully shutting down
2022/11/24 09:23:25 [notice] 25#25: gracefully shutting down
2022/11/24 09:23:25 [notice] 26#26: gracefully shutting down
2022/11/24 09:23:25 [notice] 27#27: gracefully shutting down
2022/11/24 09:23:25 [notice] 28#28: gracefully shutting down
2022/11/24 09:23:25 [notice] 29#29: gracefully shutting down
2022/11/24 09:23:25 [notice] 30#30: gracefully shutting down
2022/11/24 09:23:25 [notice] 31#31: gracefully shutting down
2022/11/24 09:23:25 [notice] 32#32: gracefully shutting down
2022/11/24 09:23:25 [notice] 22#22: exiting
2022/11/24 09:23:25 [notice] 33#33: exiting
2022/11/24 09:23:25 [notice] 23#23: exit
2022/11/24 09:23:25 [notice] 24#24: exiting
2022/11/24 09:23:25 [notice] 25#25: exiting
2022/11/24 09:23:25 [notice] 26#26: exiting
2022/11/24 09:23:25 [notice] 27#27: exiting
2022/11/24 09:23:25 [notice] 28#28: exiting
2022/11/24 09:23:25 [notice] 29#29: exiting
2022/11/24 09:23:25 [notice] 30#30: exiting
2022/11/24 09:23:25 [notice] 31#31: exiting
2022/11/24 09:23:25 [notice] 32#32: exiting
2022/11/24 09:23:25 [notice] 22#22: exit
2022/11/24 09:23:25 [notice] 33#33: exit
2022/11/24 09:23:25 [notice] 24#24: exit
2022/11/24 09:23:25 [notice] 25#25: exit
2022/11/24 09:23:25 [notice] 27#27: exit
2022/11/24 09:23:25 [notice] 28#28: exit
2022/11/24 09:23:25 [notice] 26#26: exit
2022/11/24 09:23:25 [notice] 29#29: exit
2022/11/24 09:23:25 [notice] 30#30: exit
2022/11/24 09:23:25 [notice] 31#31: exit
2022/11/24 09:23:25 [notice] 32#32: exit
2022/11/24 09:23:25 [notice] 1#1: signal 17 (SIGCHLD) received from 31
2022/11/24 09:23:25 [notice] 1#1: worker process 25 exited with code 0
2022/11/24 09:23:25 [notice] 1#1: worker process 31 exited with code 0
2022/11/24 09:23:25 [notice] 1#1: signal 29 (SIGIO) received
2022/11/24 09:23:25 [notice] 1#1: signal 17 (SIGCHLD) received from 29
2022/11/24 09:23:25 [notice] 1#1: worker process 23 exited with code 0
2022/11/24 09:23:25 [notice] 1#1: worker process 29 exited with code 0
2022/11/24 09:23:25 [notice] 1#1: worker process 32 exited with code 0
2022/11/24 09:23:25 [notice] 1#1: worker process 33 exited with code 0
2022/11/24 09:23:25 [notice] 1#1: signal 29 (SIGIO) received
2022/11/24 09:23:25 [notice] 1#1: signal 17 (SIGCHLD) received from 23
2022/11/24 09:23:25 [notice] 1#1: signal 17 (SIGCHLD) received from 28
2022/11/24 09:23:25 [notice] 1#1: worker process 28 exited with code 0
2022/11/24 09:23:25 [notice] 1#1: signal 29 (SIGIO) received
2022/11/24 09:23:25 [notice] 1#1: signal 17 (SIGCHLD) received from 27
2022/11/24 09:23:25 [notice] 1#1: worker process 27 exited with code 0
2022/11/24 09:23:25 [notice] 1#1: signal 29 (SIGIO) received
2022/11/24 09:23:25 [notice] 1#1: signal 17 (SIGCHLD) received from 24
2022/11/24 09:23:25 [notice] 1#1: worker process 24 exited with code 0
2022/11/24 09:23:25 [notice] 1#1: worker process 26 exited with code 0
2022/11/24 09:23:25 [notice] 1#1: signal 29 (SIGIO) received
2022/11/24 09:23:25 [notice] 1#1: signal 17 (SIGCHLD) received from 30
2022/11/24 09:23:25 [notice] 1#1: worker process 22 exited with code 0
2022/11/24 09:23:25 [notice] 1#1: worker process 30 exited with code 0
2022/11/24 09:23:25 [notice] 1#1: exit
2022/11/24 09:23:27 [notice] 1#1: using the "epoll" event method
2022/11/24 09:23:27 [notice] 1#1: nginx/1.23.2
2022/11/24 09:23:27 [notice] 1#1: built by gcc 10.2.1 20210110 (Debian 10.2.1-6) 
2022/11/24 09:23:27 [notice] 1#1: OS: Linux 5.10.16.3-microsoft-standard-WSL2
2022/11/24 09:23:27 [notice] 1#1: getrlimit(RLIMIT_NOFILE): 1048576:1048576
2022/11/24 09:23:27 [notice] 1#1: start worker processes
2022/11/24 09:23:27 [notice] 1#1: start worker process 22
2022/11/24 09:23:27 [notice] 1#1: start worker process 23
2022/11/24 09:23:27 [notice] 1#1: start worker process 24
2022/11/24 09:23:27 [notice] 1#1: start worker process 25
2022/11/24 09:23:27 [notice] 1#1: start worker process 26
2022/11/24 09:23:27 [notice] 1#1: start worker process 27
2022/11/24 09:23:27 [notice] 1#1: start worker process 28
2022/11/24 09:23:27 [notice] 1#1: start worker process 29
2022/11/24 09:23:27 [notice] 1#1: start worker process 30
2022/11/24 09:23:27 [notice] 1#1: start worker process 31
2022/11/24 09:23:27 [notice] 1#1: start worker process 32
2022/11/24 09:23:27 [notice] 1#1: start worker process 33
2022/11/24 09:28:18 [notice] 1#1: signal 3 (SIGQUIT) received, shutting down
2022/11/24 09:28:18 [notice] 22#22: gracefully shutting down
2022/11/24 09:28:18 [notice] 33#33: gracefully shutting down
2022/11/24 09:28:18 [notice] 23#23: gracefully shutting down
2022/11/24 09:28:18 [notice] 24#24: gracefully shutting down
2022/11/24 09:28:18 [notice] 25#25: gracefully shutting down
2022/11/24 09:28:18 [notice] 26#26: gracefully shutting down
2022/11/24 09:28:18 [notice] 27#27: gracefully shutting down
2022/11/24 09:28:18 [notice] 28#28: gracefully shutting down
2022/11/24 09:28:18 [notice] 30#30: gracefully shutting down
2022/11/24 09:28:18 [notice] 29#29: gracefully shutting down
2022/11/24 09:28:18 [notice] 31#31: gracefully shutting down
2022/11/24 09:28:18 [notice] 32#32: gracefully shutting down
2022/11/24 09:28:18 [notice] 22#22: exiting
2022/11/24 09:28:18 [notice] 33#33: exiting
2022/11/24 09:28:18 [notice] 23#23: exiting
2022/11/24 09:28:18 [notice] 24#24: exiting
2022/11/24 09:28:18 [notice] 25#25: exiting
2022/11/24 09:28:18 [notice] 26#26: exiting
2022/11/24 09:28:18 [notice] 27#27: exiting
2022/11/24 09:28:18 [notice] 28#28: exiting
2022/11/24 09:28:18 [notice] 30#30: exiting
2022/11/24 09:28:18 [notice] 29#29: exiting
2022/11/24 09:28:18 [notice] 31#31: exiting
2022/11/24 09:28:18 [notice] 32#32: exiting
2022/11/24 09:28:18 [notice] 22#22: exit
2022/11/24 09:28:18 [notice] 33#33: exit
2022/11/24 09:28:18 [notice] 23#23: exit
2022/11/24 09:28:18 [notice] 24#24: exit
2022/11/24 09:28:18 [notice] 25#25: exit
2022/11/24 09:28:18 [notice] 26#26: exit
2022/11/24 09:28:18 [notice] 27#27: exit
2022/11/24 09:28:18 [notice] 28#28: exit
2022/11/24 09:28:18 [notice] 30#30: exit
2022/11/24 09:28:18 [notice] 29#29: exit
2022/11/24 09:28:18 [notice] 31#31: exit
2022/11/24 09:28:18 [notice] 32#32: exit
2022/11/24 09:28:18 [notice] 1#1: signal 17 (SIGCHLD) received from 26
2022/11/24 09:28:18 [notice] 1#1: worker process 22 exited with code 0
2022/11/24 09:28:18 [notice] 1#1: worker process 24 exited with code 0
2022/11/24 09:28:18 [notice] 1#1: worker process 25 exited with code 0
2022/11/24 09:28:18 [notice] 1#1: worker process 26 exited with code 0
2022/11/24 09:28:18 [notice] 1#1: worker process 28 exited with code 0
2022/11/24 09:28:18 [notice] 1#1: worker process 29 exited with code 0
2022/11/24 09:28:18 [notice] 1#1: worker process 31 exited with code 0
2022/11/24 09:28:18 [notice] 1#1: signal 29 (SIGIO) received
2022/11/24 09:28:18 [notice] 1#1: signal 17 (SIGCHLD) received from 31
2022/11/24 09:28:18 [notice] 1#1: signal 17 (SIGCHLD) received from 32
2022/11/24 09:28:18 [notice] 1#1: worker process 23 exited with code 0
2022/11/24 09:28:18 [notice] 1#1: worker process 27 exited with code 0
2022/11/24 09:28:18 [notice] 1#1: worker process 32 exited with code 0
2022/11/24 09:28:18 [notice] 1#1: signal 29 (SIGIO) received
2022/11/24 09:28:18 [notice] 1#1: signal 17 (SIGCHLD) received from 27
2022/11/24 09:28:18 [notice] 1#1: signal 17 (SIGCHLD) received from 33
2022/11/24 09:28:18 [notice] 1#1: worker process 30 exited with code 0
2022/11/24 09:28:18 [notice] 1#1: worker process 33 exited with code 0
2022/11/24 09:28:18 [notice] 1#1: exit
2022/11/24 09:28:20 [notice] 1#1: using the "epoll" event method
2022/11/24 09:28:20 [notice] 1#1: nginx/1.23.2
2022/11/24 09:28:20 [notice] 1#1: built by gcc 10.2.1 20210110 (Debian 10.2.1-6) 
2022/11/24 09:28:20 [notice] 1#1: OS: Linux 5.10.16.3-microsoft-standard-WSL2
2022/11/24 09:28:20 [notice] 1#1: getrlimit(RLIMIT_NOFILE): 1048576:1048576
2022/11/24 09:28:20 [notice] 1#1: start worker processes
2022/11/24 09:28:20 [notice] 1#1: start worker process 22
2022/11/24 09:28:20 [notice] 1#1: start worker process 23
2022/11/24 09:28:20 [notice] 1#1: start worker process 24
2022/11/24 09:28:20 [notice] 1#1: start worker process 25
2022/11/24 09:28:20 [notice] 1#1: start worker process 26
2022/11/24 09:28:20 [notice] 1#1: start worker process 27
2022/11/24 09:28:20 [notice] 1#1: start worker process 28
2022/11/24 09:28:20 [notice] 1#1: start worker process 29
2022/11/24 09:28:20 [notice] 1#1: start worker process 30
2022/11/24 09:28:20 [notice] 1#1: start worker process 31
2022/11/24 09:28:20 [notice] 1#1: start worker process 32
2022/11/24 09:28:20 [notice] 1#1: start worker process 33
2022/11/24 09:29:32 [notice] 1#1: signal 3 (SIGQUIT) received, shutting down
2022/11/24 09:29:32 [notice] 22#22: gracefully shutting down
2022/11/24 09:29:32 [notice] 23#23: gracefully shutting down
2022/11/24 09:29:32 [notice] 24#24: gracefully shutting down
2022/11/24 09:29:32 [notice] 25#25: gracefully shutting down
2022/11/24 09:29:32 [notice] 26#26: gracefully shutting down
2022/11/24 09:29:32 [notice] 27#27: gracefully shutting down
2022/11/24 09:29:32 [notice] 28#28: gracefully shutting down
2022/11/24 09:29:32 [notice] 29#29: gracefully shutting down
2022/11/24 09:29:32 [notice] 30#30: gracefully shutting down
2022/11/24 09:29:32 [notice] 32#32: gracefully shutting down
2022/11/24 09:29:32 [notice] 31#31: gracefully shutting down
2022/11/24 09:29:32 [notice] 33#33: gracefully shutting down
2022/11/24 09:29:32 [notice] 22#22: exiting
2022/11/24 09:29:32 [notice] 24#24: exiting
2022/11/24 09:29:32 [notice] 25#25: exiting
2022/11/24 09:29:32 [notice] 26#26: exiting
2022/11/24 09:29:32 [notice] 27#27: exiting
2022/11/24 09:29:32 [notice] 28#28: exiting
2022/11/24 09:29:32 [notice] 29#29: exiting
2022/11/24 09:29:32 [notice] 30#30: exiting
2022/11/24 09:29:32 [notice] 32#32: exiting
2022/11/24 09:29:32 [notice] 31#31: exiting
2022/11/24 09:29:32 [notice] 33#33: exiting
2022/11/24 09:29:32 [notice] 22#22: exit
2022/11/24 09:29:32 [notice] 24#24: exit
2022/11/24 09:29:32 [notice] 25#25: exit
2022/11/24 09:29:32 [notice] 26#26: exit
2022/11/24 09:29:32 [notice] 27#27: exit
2022/11/24 09:29:32 [notice] 28#28: exit
2022/11/24 09:29:32 [notice] 29#29: exit
2022/11/24 09:29:32 [notice] 30#30: exit
2022/11/24 09:29:32 [notice] 32#32: exit
2022/11/24 09:29:32 [notice] 31#31: exit
2022/11/24 09:29:32 [notice] 33#33: exit
2022/11/24 09:29:32 [notice] 1#1: signal 17 (SIGCHLD) received from 28
2022/11/24 09:29:32 [notice] 1#1: worker process 22 exited with code 0
2022/11/24 09:29:32 [notice] 1#1: worker process 24 exited with code 0
2022/11/24 09:29:32 [notice] 1#1: worker process 25 exited with code 0
2022/11/24 09:29:32 [notice] 1#1: worker process 26 exited with code 0
2022/11/24 09:29:32 [notice] 1#1: worker process 27 exited with code 0
2022/11/24 09:29:32 [notice] 1#1: worker process 28 exited with code 0
2022/11/24 09:29:32 [notice] 1#1: worker process 29 exited with code 0
2022/11/24 09:29:32 [notice] 1#1: worker process 30 exited with code 0
2022/11/24 09:29:32 [notice] 1#1: worker process 31 exited with code 0
2022/11/24 09:29:32 [notice] 1#1: worker process 32 exited with code 0
2022/11/24 09:29:32 [notice] 1#1: worker process 33 exited with code 0
2022/11/24 09:29:32 [notice] 1#1: signal 29 (SIGIO) received
2022/11/24 09:29:32 [notice] 1#1: signal 17 (SIGCHLD) received from 32
2022/11/24 09:29:44 [notice] 1#1: using the "epoll" event method
2022/11/24 09:29:44 [notice] 1#1: nginx/1.23.2
2022/11/24 09:29:44 [notice] 1#1: built by gcc 10.2.1 20210110 (Debian 10.2.1-6) 
2022/11/24 09:29:44 [notice] 1#1: OS: Linux 5.10.16.3-microsoft-standard-WSL2
2022/11/24 09:29:44 [notice] 1#1: getrlimit(RLIMIT_NOFILE): 1048576:1048576
2022/11/24 09:29:44 [notice] 1#1: start worker processes
2022/11/24 09:29:44 [notice] 1#1: start worker process 22
2022/11/24 09:29:44 [notice] 1#1: start worker process 23
2022/11/24 09:29:44 [notice] 1#1: start worker process 24
2022/11/24 09:29:44 [notice] 1#1: start worker process 25
2022/11/24 09:29:44 [notice] 1#1: start worker process 26
2022/11/24 09:29:44 [notice] 1#1: start worker process 27
2022/11/24 09:29:44 [notice] 1#1: start worker process 28
2022/11/24 09:29:44 [notice] 1#1: start worker process 29
2022/11/24 09:29:44 [notice] 1#1: start worker process 30
2022/11/24 09:29:44 [notice] 1#1: start worker process 31
2022/11/24 09:29:44 [notice] 1#1: start worker process 32
2022/11/24 09:29:44 [notice] 1#1: start worker process 33
2022/11/24 09:29:50 [error] 23#23: *2 open() "/usr/share/nginx/html/sugrec" failed (2: No such file or directory), client: 172.23.0.1, server: localhost, request: "GET /sugrec?prod=pc_his&from=pc_web&json=1&sid=&hisdata=&_t=1669282190300&req=2&csor=0 HTTP/1.1", host: "localhost", referrer: "http://localhost/expert/model/"
2022/11/24 09:29:56 [error] 23#23: *2 open() "/usr/share/nginx/html/sugrec" failed (2: No such file or directory), client: 172.23.0.1, server: localhost, request: "GET /sugrec?prod=pc_his&from=pc_web&json=1&sid=&hisdata=&_t=1669282196769&req=2&csor=0 HTTP/1.1", host: "localhost", referrer: "http://localhost/expert/model/"
2022/11/24 09:30:02 [notice] 1#1: signal 3 (SIGQUIT) received, shutting down
2022/11/24 09:30:02 [notice] 22#22: gracefully shutting down
2022/11/24 09:30:02 [notice] 31#31: gracefully shutting down
2022/11/24 09:30:02 [notice] 23#23: gracefully shutting down
2022/11/24 09:30:02 [notice] 24#24: gracefully shutting down
2022/11/24 09:30:02 [notice] 25#25: gracefully shutting down
2022/11/24 09:30:02 [notice] 26#26: gracefully shutting down
2022/11/24 09:30:02 [notice] 27#27: gracefully shutting down
2022/11/24 09:30:02 [notice] 28#28: gracefully shutting down
2022/11/24 09:30:02 [notice] 29#29: gracefully shutting down
2022/11/24 09:30:02 [notice] 30#30: gracefully shutting down
2022/11/24 09:30:02 [notice] 33#33: gracefully shutting down
2022/11/24 09:30:02 [notice] 32#32: gracefully shutting down
2022/11/24 09:30:02 [notice] 31#31: exiting
2022/11/24 09:30:02 [notice] 23#23: exiting
2022/11/24 09:30:02 [notice] 24#24: exiting
2022/11/24 09:30:02 [notice] 25#25: exiting
2022/11/24 09:30:02 [notice] 26#26: exiting
2022/11/24 09:30:02 [notice] 27#27: exiting
2022/11/24 09:30:02 [notice] 28#28: exiting
2022/11/24 09:30:02 [notice] 29#29: exiting
2022/11/24 09:30:02 [notice] 30#30: exiting
2022/11/24 09:30:02 [notice] 33#33: exiting
2022/11/24 09:30:02 [notice] 32#32: exiting
2022/11/24 09:30:02 [notice] 31#31: exit
2022/11/24 09:30:02 [notice] 23#23: exit
2022/11/24 09:30:02 [notice] 24#24: exit
2022/11/24 09:30:02 [notice] 25#25: exit
2022/11/24 09:30:02 [notice] 26#26: exit
2022/11/24 09:30:02 [notice] 27#27: exit
2022/11/24 09:30:02 [notice] 28#28: exit
2022/11/24 09:30:02 [notice] 29#29: exit
2022/11/24 09:30:02 [notice] 30#30: exit
2022/11/24 09:30:02 [notice] 33#33: exit
2022/11/24 09:30:02 [notice] 32#32: exit
2022/11/24 09:30:02 [notice] 1#1: signal 17 (SIGCHLD) received from 32
2022/11/24 09:30:02 [notice] 1#1: worker process 23 exited with code 0
2022/11/24 09:30:02 [notice] 1#1: worker process 25 exited with code 0
2022/11/24 09:30:02 [notice] 1#1: worker process 26 exited with code 0
2022/11/24 09:30:02 [notice] 1#1: worker process 32 exited with code 0
2022/11/24 09:30:02 [notice] 1#1: worker process 33 exited with code 0
2022/11/24 09:30:02 [notice] 1#1: signal 29 (SIGIO) received
2022/11/24 09:30:02 [notice] 1#1: signal 17 (SIGCHLD) received from 23
2022/11/24 09:30:02 [notice] 1#1: signal 17 (SIGCHLD) received from 29
2022/11/24 09:30:02 [notice] 1#1: worker process 28 exited with code 0
2022/11/24 09:30:02 [notice] 1#1: worker process 29 exited with code 0
2022/11/24 09:30:02 [notice] 1#1: worker process 31 exited with code 0
2022/11/24 09:30:02 [notice] 1#1: signal 29 (SIGIO) received
2022/11/24 09:30:02 [notice] 1#1: signal 17 (SIGCHLD) received from 31
2022/11/24 09:30:02 [notice] 1#1: signal 17 (SIGCHLD) received from 24
2022/11/24 09:30:02 [notice] 1#1: worker process 24 exited with code 0
2022/11/24 09:30:02 [notice] 1#1: signal 29 (SIGIO) received
2022/11/24 09:30:02 [notice] 1#1: signal 17 (SIGCHLD) received from 27
2022/11/24 09:30:02 [notice] 1#1: worker process 27 exited with code 0
2022/11/24 09:30:02 [notice] 1#1: signal 29 (SIGIO) received
2022/11/24 09:30:02 [notice] 1#1: signal 17 (SIGCHLD) received from 30
2022/11/24 09:30:02 [notice] 1#1: worker process 30 exited with code 0
2022/11/24 09:30:02 [notice] 1#1: signal 29 (SIGIO) received
2022/11/24 09:30:10 [notice] 22#22: exiting
2022/11/24 09:30:10 [notice] 22#22: exit
2022/11/24 09:30:10 [notice] 1#1: signal 17 (SIGCHLD) received from 22
2022/11/24 09:30:10 [notice] 1#1: worker process 22 exited with code 0
2022/11/24 09:30:10 [notice] 1#1: exit
2022/11/24 09:30:12 [notice] 1#1: using the "epoll" event method
2022/11/24 09:30:12 [notice] 1#1: nginx/1.23.2
2022/11/24 09:30:12 [notice] 1#1: built by gcc 10.2.1 20210110 (Debian 10.2.1-6) 
2022/11/24 09:30:12 [notice] 1#1: OS: Linux 5.10.16.3-microsoft-standard-WSL2
2022/11/24 09:30:12 [notice] 1#1: getrlimit(RLIMIT_NOFILE): 1048576:1048576
2022/11/24 09:30:12 [notice] 1#1: start worker processes
2022/11/24 09:30:12 [notice] 1#1: start worker process 22
2022/11/24 09:30:12 [notice] 1#1: start worker process 23
2022/11/24 09:30:12 [notice] 1#1: start worker process 24
2022/11/24 09:30:12 [notice] 1#1: start worker process 25
2022/11/24 09:30:12 [notice] 1#1: start worker process 26
2022/11/24 09:30:12 [notice] 1#1: start worker process 27
2022/11/24 09:30:12 [notice] 1#1: start worker process 28
2022/11/24 09:30:12 [notice] 1#1: start worker process 29
2022/11/24 09:30:12 [notice] 1#1: start worker process 30
2022/11/24 09:30:12 [notice] 1#1: start worker process 31
2022/11/24 09:30:12 [notice] 1#1: start worker process 32
2022/11/24 09:30:12 [notice] 1#1: start worker process 33
2022/11/24 09:30:22 [notice] 1#1: signal 3 (SIGQUIT) received, shutting down
2022/11/24 09:30:22 [notice] 22#22: gracefully shutting down
2022/11/24 09:30:22 [notice] 29#29: gracefully shutting down
2022/11/24 09:30:22 [notice] 23#23: gracefully shutting down
2022/11/24 09:30:22 [notice] 24#24: gracefully shutting down
2022/11/24 09:30:22 [notice] 25#25: gracefully shutting down
2022/11/24 09:30:22 [notice] 27#27: gracefully shutting down
2022/11/24 09:30:22 [notice] 28#28: gracefully shutting down
2022/11/24 09:30:22 [notice] 26#26: gracefully shutting down
2022/11/24 09:30:22 [notice] 31#31: gracefully shutting down
2022/11/24 09:30:22 [notice] 32#32: gracefully shutting down
2022/11/24 09:30:22 [notice] 30#30: gracefully shutting down
2022/11/24 09:30:22 [notice] 33#33: gracefully shutting down
2022/11/24 09:30:22 [notice] 29#29: exiting
2022/11/24 09:30:22 [notice] 23#23: exiting
2022/11/24 09:30:22 [notice] 24#24: exiting
2022/11/24 09:30:22 [notice] 25#25: exiting
2022/11/24 09:30:22 [notice] 27#27: exiting
2022/11/24 09:30:22 [notice] 28#28: exiting
2022/11/24 09:30:22 [notice] 26#26: exiting
2022/11/24 09:30:22 [notice] 31#31: exiting
2022/11/24 09:30:22 [notice] 32#32: exiting
2022/11/24 09:30:22 [notice] 30#30: exiting
2022/11/24 09:30:22 [notice] 33#33: exiting
2022/11/24 09:30:22 [notice] 29#29: exit
2022/11/24 09:30:22 [notice] 23#23: exit
2022/11/24 09:30:22 [notice] 24#24: exit
2022/11/24 09:30:22 [notice] 25#25: exit
2022/11/24 09:30:22 [notice] 27#27: exit
2022/11/24 09:30:22 [notice] 28#28: exit
2022/11/24 09:30:22 [notice] 26#26: exit
2022/11/24 09:30:22 [notice] 31#31: exit
2022/11/24 09:30:22 [notice] 32#32: exit
2022/11/24 09:30:22 [notice] 30#30: exit
2022/11/24 09:30:22 [notice] 33#33: exit
2022/11/24 09:30:22 [notice] 1#1: signal 17 (SIGCHLD) received from 29
2022/11/24 09:30:22 [notice] 1#1: worker process 24 exited with code 0
2022/11/24 09:30:22 [notice] 1#1: worker process 29 exited with code 0
2022/11/24 09:30:22 [notice] 1#1: signal 29 (SIGIO) received
2022/11/24 09:30:22 [notice] 1#1: signal 17 (SIGCHLD) received from 27
2022/11/24 09:30:22 [notice] 1#1: worker process 23 exited with code 0
2022/11/24 09:30:22 [notice] 1#1: worker process 25 exited with code 0
2022/11/24 09:30:22 [notice] 1#1: worker process 26 exited with code 0
2022/11/24 09:30:22 [notice] 1#1: worker process 27 exited with code 0
2022/11/24 09:30:22 [notice] 1#1: worker process 28 exited with code 0
2022/11/24 09:30:22 [notice] 1#1: worker process 30 exited with code 0
2022/11/24 09:30:22 [notice] 1#1: worker process 31 exited with code 0
2022/11/24 09:30:22 [notice] 1#1: worker process 32 exited with code 0
2022/11/24 09:30:22 [notice] 1#1: signal 29 (SIGIO) received
2022/11/24 09:30:22 [notice] 1#1: signal 17 (SIGCHLD) received from 25
2022/11/24 09:30:22 [notice] 1#1: signal 17 (SIGCHLD) received from 33
2022/11/24 09:30:22 [notice] 1#1: worker process 33 exited with code 0
2022/11/24 09:30:22 [notice] 1#1: signal 29 (SIGIO) received
2022/11/24 09:30:34 [notice] 1#1: using the "epoll" event method
2022/11/24 09:30:34 [notice] 1#1: nginx/1.23.2
2022/11/24 09:30:34 [notice] 1#1: built by gcc 10.2.1 20210110 (Debian 10.2.1-6) 
2022/11/24 09:30:34 [notice] 1#1: OS: Linux 5.10.16.3-microsoft-standard-WSL2
2022/11/24 09:30:34 [notice] 1#1: getrlimit(RLIMIT_NOFILE): 1048576:1048576
2022/11/24 09:30:34 [notice] 1#1: start worker processes
2022/11/24 09:30:34 [notice] 1#1: start worker process 22
2022/11/24 09:30:34 [notice] 1#1: start worker process 23
2022/11/24 09:30:34 [notice] 1#1: start worker process 24
2022/11/24 09:30:34 [notice] 1#1: start worker process 25
2022/11/24 09:30:34 [notice] 1#1: start worker process 26
2022/11/24 09:30:34 [notice] 1#1: start worker process 27
2022/11/24 09:30:34 [notice] 1#1: start worker process 28
2022/11/24 09:30:34 [notice] 1#1: start worker process 29
2022/11/24 09:30:34 [notice] 1#1: start worker process 30
2022/11/24 09:30:34 [notice] 1#1: start worker process 31
2022/11/24 09:30:34 [notice] 1#1: start worker process 32
2022/11/24 09:30:34 [notice] 1#1: start worker process 33
2022/11/24 09:30:48 [notice] 1#1: signal 3 (SIGQUIT) received, shutting down
2022/11/24 09:30:48 [notice] 22#22: gracefully shutting down
2022/11/24 09:30:48 [notice] 28#28: gracefully shutting down
2022/11/24 09:30:48 [notice] 23#23: gracefully shutting down
2022/11/24 09:30:48 [notice] 24#24: gracefully shutting down
2022/11/24 09:30:48 [notice] 25#25: gracefully shutting down
2022/11/24 09:30:48 [notice] 26#26: gracefully shutting down
2022/11/24 09:30:48 [notice] 27#27: gracefully shutting down
2022/11/24 09:30:48 [notice] 29#29: gracefully shutting down
2022/11/24 09:30:48 [notice] 30#30: gracefully shutting down
2022/11/24 09:30:48 [notice] 31#31: gracefully shutting down
2022/11/24 09:30:48 [notice] 32#32: gracefully shutting down
2022/11/24 09:30:48 [notice] 33#33: gracefully shutting down
2022/11/24 09:30:48 [notice] 22#22: exiting
2022/11/24 09:30:48 [notice] 28#28: exiting
2022/11/24 09:30:48 [notice] 24#24: exiting
2022/11/24 09:30:48 [notice] 25#25: exiting
2022/11/24 09:30:48 [notice] 26#26: exiting
2022/11/24 09:30:48 [notice] 27#27: exiting
2022/11/24 09:30:48 [notice] 29#29: exiting
2022/11/24 09:30:48 [notice] 30#30: exiting
2022/11/24 09:30:48 [notice] 31#31: exiting
2022/11/24 09:30:48 [notice] 32#32: exiting
2022/11/24 09:30:48 [notice] 33#33: exiting
2022/11/24 09:30:48 [notice] 22#22: exit
2022/11/24 09:30:48 [notice] 28#28: exit
2022/11/24 09:30:48 [notice] 24#24: exit
2022/11/24 09:30:48 [notice] 25#25: exit
2022/11/24 09:30:48 [notice] 26#26: exit
2022/11/24 09:30:48 [notice] 27#27: exit
2022/11/24 09:30:48 [notice] 29#29: exit
2022/11/24 09:30:48 [notice] 30#30: exit
2022/11/24 09:30:48 [notice] 31#31: exit
2022/11/24 09:30:48 [notice] 32#32: exit
2022/11/24 09:30:48 [notice] 33#33: exit
2022/11/24 09:30:48 [notice] 1#1: signal 17 (SIGCHLD) received from 28
2022/11/24 09:30:48 [notice] 1#1: worker process 28 exited with code 0
2022/11/24 09:30:48 [notice] 1#1: signal 29 (SIGIO) received
2022/11/24 09:30:48 [notice] 1#1: signal 17 (SIGCHLD) received from 26
2022/11/24 09:30:48 [notice] 1#1: worker process 22 exited with code 0
2022/11/24 09:30:48 [notice] 1#1: worker process 24 exited with code 0
2022/11/24 09:30:48 [notice] 1#1: worker process 26 exited with code 0
2022/11/24 09:30:48 [notice] 1#1: worker process 29 exited with code 0
2022/11/24 09:30:48 [notice] 1#1: worker process 31 exited with code 0
2022/11/24 09:30:48 [notice] 1#1: worker process 33 exited with code 0
2022/11/24 09:30:48 [notice] 1#1: signal 29 (SIGIO) received
2022/11/24 09:30:48 [notice] 1#1: signal 17 (SIGCHLD) received from 24
2022/11/24 09:30:48 [notice] 1#1: signal 17 (SIGCHLD) received from 32
2022/11/24 09:30:48 [notice] 1#1: worker process 25 exited with code 0
2022/11/24 09:30:48 [notice] 1#1: worker process 27 exited with code 0
2022/11/24 09:30:48 [notice] 1#1: worker process 30 exited with code 0
2022/11/24 09:30:48 [notice] 1#1: worker process 32 exited with code 0
2022/11/24 09:30:48 [notice] 1#1: signal 29 (SIGIO) received
2022/11/24 09:30:48 [notice] 1#1: signal 17 (SIGCHLD) received from 30
2022/11/24 09:30:59 [notice] 1#1: using the "epoll" event method
2022/11/24 09:30:59 [notice] 1#1: nginx/1.23.2
2022/11/24 09:30:59 [notice] 1#1: built by gcc 10.2.1 20210110 (Debian 10.2.1-6) 
2022/11/24 09:30:59 [notice] 1#1: OS: Linux 5.10.16.3-microsoft-standard-WSL2
2022/11/24 09:30:59 [notice] 1#1: getrlimit(RLIMIT_NOFILE): 1048576:1048576
2022/11/24 09:30:59 [notice] 1#1: start worker processes
2022/11/24 09:30:59 [notice] 1#1: start worker process 22
2022/11/24 09:30:59 [notice] 1#1: start worker process 23
2022/11/24 09:30:59 [notice] 1#1: start worker process 24
2022/11/24 09:30:59 [notice] 1#1: start worker process 25
2022/11/24 09:30:59 [notice] 1#1: start worker process 26
2022/11/24 09:30:59 [notice] 1#1: start worker process 27
2022/11/24 09:30:59 [notice] 1#1: start worker process 28
2022/11/24 09:30:59 [notice] 1#1: start worker process 29
2022/11/24 09:30:59 [notice] 1#1: start worker process 30
2022/11/24 09:30:59 [notice] 1#1: start worker process 31
2022/11/24 09:30:59 [notice] 1#1: start worker process 32
2022/11/24 09:30:59 [notice] 1#1: start worker process 33
2022/11/24 09:33:10 [notice] 1#1: signal 3 (SIGQUIT) received, shutting down
2022/11/24 09:33:10 [notice] 22#22: gracefully shutting down
2022/11/24 09:33:10 [notice] 23#23: gracefully shutting down
2022/11/24 09:33:10 [notice] 24#24: gracefully shutting down
2022/11/24 09:33:10 [notice] 25#25: gracefully shutting down
2022/11/24 09:33:10 [notice] 26#26: gracefully shutting down
2022/11/24 09:33:10 [notice] 27#27: gracefully shutting down
2022/11/24 09:33:10 [notice] 28#28: gracefully shutting down
2022/11/24 09:33:10 [notice] 29#29: gracefully shutting down
2022/11/24 09:33:10 [notice] 30#30: gracefully shutting down
2022/11/24 09:33:10 [notice] 31#31: gracefully shutting down
2022/11/24 09:33:10 [notice] 32#32: gracefully shutting down
2022/11/24 09:33:10 [notice] 33#33: gracefully shutting down
2022/11/24 09:33:10 [notice] 22#22: exiting
2022/11/24 09:33:10 [notice] 23#23: exiting
2022/11/24 09:33:10 [notice] 24#24: exiting
2022/11/24 09:33:10 [notice] 25#25: exiting
2022/11/24 09:33:10 [notice] 26#26: exiting
2022/11/24 09:33:10 [notice] 27#27: exiting
2022/11/24 09:33:10 [notice] 28#28: exiting
2022/11/24 09:33:10 [notice] 29#29: exiting
2022/11/24 09:33:10 [notice] 30#30: exiting
2022/11/24 09:33:10 [notice] 31#31: exiting
2022/11/24 09:33:10 [notice] 32#32: exiting
2022/11/24 09:33:10 [notice] 33#33: exiting
2022/11/24 09:33:10 [notice] 22#22: exit
2022/11/24 09:33:10 [notice] 23#23: exit
2022/11/24 09:33:10 [notice] 24#24: exit
2022/11/24 09:33:10 [notice] 25#25: exit
2022/11/24 09:33:10 [notice] 26#26: exit
2022/11/24 09:33:10 [notice] 27#27: exit
2022/11/24 09:33:10 [notice] 28#28: exit
2022/11/24 09:33:10 [notice] 29#29: exit
2022/11/24 09:33:10 [notice] 30#30: exit
2022/11/24 09:33:10 [notice] 31#31: exit
2022/11/24 09:33:10 [notice] 32#32: exit
2022/11/24 09:33:10 [notice] 33#33: exit
2022/11/24 09:33:10 [notice] 1#1: signal 17 (SIGCHLD) received from 27
2022/11/24 09:33:10 [notice] 1#1: worker process 27 exited with code 0
2022/11/24 09:33:10 [notice] 1#1: worker process 31 exited with code 0
2022/11/24 09:33:10 [notice] 1#1: signal 29 (SIGIO) received
2022/11/24 09:33:10 [notice] 1#1: signal 17 (SIGCHLD) received from 31
2022/11/24 09:33:10 [notice] 1#1: signal 17 (SIGCHLD) received from 26
2022/11/24 09:33:10 [notice] 1#1: worker process 22 exited with code 0
2022/11/24 09:33:10 [notice] 1#1: worker process 25 exited with code 0
2022/11/24 09:33:10 [notice] 1#1: worker process 26 exited with code 0
2022/11/24 09:33:10 [notice] 1#1: worker process 29 exited with code 0
2022/11/24 09:33:10 [notice] 1#1: worker process 32 exited with code 0
2022/11/24 09:33:10 [notice] 1#1: signal 29 (SIGIO) received
2022/11/24 09:33:10 [notice] 1#1: signal 17 (SIGCHLD) received from 32
2022/11/24 09:33:10 [notice] 1#1: signal 17 (SIGCHLD) received from 24
2022/11/24 09:33:10 [notice] 1#1: worker process 24 exited with code 0
2022/11/24 09:33:10 [notice] 1#1: worker process 28 exited with code 0
2022/11/24 09:33:10 [notice] 1#1: worker process 33 exited with code 0
2022/11/24 09:33:10 [notice] 1#1: signal 29 (SIGIO) received
2022/11/24 09:33:10 [notice] 1#1: signal 17 (SIGCHLD) received from 28
2022/11/24 09:33:10 [notice] 1#1: signal 17 (SIGCHLD) received from 30
2022/11/24 09:33:10 [notice] 1#1: worker process 23 exited with code 0
2022/11/24 09:33:10 [notice] 1#1: worker process 30 exited with code 0
2022/11/24 09:33:10 [notice] 1#1: exit
2022/11/24 09:33:11 [notice] 1#1: using the "epoll" event method
2022/11/24 09:33:11 [notice] 1#1: nginx/1.23.2
2022/11/24 09:33:11 [notice] 1#1: built by gcc 10.2.1 20210110 (Debian 10.2.1-6) 
2022/11/24 09:33:11 [notice] 1#1: OS: Linux 5.10.16.3-microsoft-standard-WSL2
2022/11/24 09:33:11 [notice] 1#1: getrlimit(RLIMIT_NOFILE): 1048576:1048576
2022/11/24 09:33:11 [notice] 1#1: start worker processes
2022/11/24 09:33:11 [notice] 1#1: start worker process 22
2022/11/24 09:33:11 [notice] 1#1: start worker process 23
2022/11/24 09:33:11 [notice] 1#1: start worker process 24
2022/11/24 09:33:11 [notice] 1#1: start worker process 25
2022/11/24 09:33:11 [notice] 1#1: start worker process 26
2022/11/24 09:33:11 [notice] 1#1: start worker process 27
2022/11/24 09:33:11 [notice] 1#1: start worker process 28
2022/11/24 09:33:11 [notice] 1#1: start worker process 29
2022/11/24 09:33:11 [notice] 1#1: start worker process 30
2022/11/24 09:33:11 [notice] 1#1: start worker process 31
2022/11/24 09:33:11 [notice] 1#1: start worker process 32
2022/11/24 09:33:11 [notice] 1#1: start worker process 33
2022/11/24 09:33:18 [error] 23#23: *1 "/etc/nginx/html/expert/model/index.html" is not found (2: No such file or directory), client: 172.23.0.1, server: localhost, request: "GET /expert/model/ HTTP/1.1", host: "localhost"
2022/11/24 09:33:40 [error] 23#23: *1 1 could not be resolved (3: Host not found), client: 172.23.0.1, server: localhost, request: "GET /expert/model/?notebook_url=1 HTTP/1.1", host: "localhost"
2022/11/24 09:33:50 [error] 23#23: *1 connect() failed (111: Connection refused) while connecting to upstream, client: 172.23.0.1, server: localhost, request: "GET /expert/model/?notebook_url=0.0.0.0:6379 HTTP/1.1", upstream: "https://0.0.0.0:6379/expert/model/?notebook_url=0.0.0.0:6379", host: "localhost"
2022/11/24 09:34:26 [error] 23#23: *1 open() "/usr/share/nginx/html/sugrec" failed (2: No such file or directory), client: 172.23.0.1, server: localhost, request: "GET /sugrec?prod=pc_his&from=pc_web&json=1&sid=&hisdata=&_t=1669282466978&req=2&csor=0 HTTP/1.1", host: "localhost", referrer: "http://localhost/expert/model/?notebook_url=www.baidu.com/"
2022/11/24 09:34:31 [error] 23#23: *1 open() "/usr/share/nginx/html/sugrec" failed (2: No such file or directory), client: 172.23.0.1, server: localhost, request: "GET /sugrec?prod=pc_his&from=pc_web&json=1&sid=&hisdata=&_t=1669282471615&req=2&csor=0 HTTP/1.1", host: "localhost", referrer: "http://localhost/expert/model/?notebook_url=www.baidu.com/"
2022/11/24 09:34:53 [error] 23#23: *1 open() "/usr/share/nginx/html/sugrec" failed (2: No such file or directory), client: 172.23.0.1, server: localhost, request: "GET /sugrec?prod=pc_his&from=pc_web&json=1&sid=36549_37495_37628_34812_37777_37722_26350_37488_22159&hisdata=&_t=1669282493804&req=2&bs=APEC%E4%B8%8A%E7%9A%84%E4%B8%AD%E5%9B%BD%E6%99%BA%E6%85%A7&csor=0 HTTP/1.1", host: "localhost", referrer: "http://localhost/expert/model/?notebook_url=www.baidu.com/s?wd=APEC%E4%B8%8A%E7%9A%84%E4%B8%AD%E5%9B%BD%E6%99%BA%E6%85%A7&sa=fyb_n_homepage&rsv_dl=fyb_n_homepage&from=super&cl=3&tn=baidutop10&fr=top1000&rsv_idx=2&hisfilter=1"
2022/11/24 09:35:18 [error] 23#23: *1 connect() failed (111: Connection refused) while connecting to upstream, client: 172.23.0.1, server: localhost, request: "GET /expert/model/?notebook_url=0.0.0.0:6379 HTTP/1.1", upstream: "https://0.0.0.0:6379/expert/model/?notebook_url=0.0.0.0:6379", host: "localhost"
2022/11/24 09:35:26 [error] 23#23: *1 open() "/usr/share/nginx/html/sugrec" failed (2: No such file or directory), client: 172.23.0.1, server: localhost, request: "GET /sugrec?prod=pc_his&from=pc_web&json=1&sid=36559_37769_37829_37777_37822_37723_37795_37715_37742_26350_37479_37787&hisdata=&_t=1669282526463&req=2&bs=APEC%E4%B8%8A%E7%9A%84%E4%B8%AD%E5%9B%BD%E6%99%BA%E6%85%A7&csor=0 HTTP/1.1", host: "localhost", referrer: "http://localhost/expert/model/?notebook_url=www.baidu.com/s?wd=APEC%E4%B8%8A%E7%9A%84%E4%B8%AD%E5%9B%BD%E6%99%BA%E6%85%A7&sa=fyb_n_homepage&rsv_dl=fyb_n_homepage&from=super&cl=3&tn=baidutop10&fr=top1000&rsv_idx=2&hisfilter=1"
2022/11/24 09:35:28 [error] 23#23: *1 open() "/usr/share/nginx/html/sugrec" failed (2: No such file or directory), client: 172.23.0.1, server: localhost, request: "GET /sugrec?prod=pc_his&from=pc_web&json=1&sid=36552_37733_37774_37778_37814_37721_36806_37740_26350_37489&hisdata=&_t=1669282528887&req=2&bs=APEC%E4%B8%8A%E7%9A%84%E4%B8%AD%E5%9B%BD%E6%99%BA%E6%85%A7&csor=0 HTTP/1.1", host: "localhost", referrer: "http://localhost/expert/model/?notebook_url=www.baidu.com/s?wd=APEC%E4%B8%8A%E7%9A%84%E4%B8%AD%E5%9B%BD%E6%99%BA%E6%85%A7&sa=fyb_n_homepage&rsv_dl=fyb_n_homepage&from=super&cl=3&tn=baidutop10&fr=top1000&rsv_idx=2&hisfilter=1"
2022/11/24 09:35:50 [error] 23#23: *1 open() "/usr/share/nginx/html/sugrec" failed (2: No such file or directory), client: 172.23.0.1, server: localhost, request: "GET /sugrec?prod=pc_his&from=pc_web&json=1&sid=36552_37492_37835_37778_37724_37798_37713_37740_26350_37785&hisdata=&_t=1669282550190&req=2&bs=APEC%E4%B8%8A%E7%9A%84%E4%B8%AD%E5%9B%BD%E6%99%BA%E6%85%A7&csor=0 HTTP/1.1", host: "localhost", referrer: "http://localhost/expert/model/?notebook_url=www.baidu.com/s?wd=APEC%E4%B8%8A%E7%9A%84%E4%B8%AD%E5%9B%BD%E6%99%BA%E6%85%A7&sa=fyb_n_homepage&rsv_dl=fyb_n_homepage&from=super&cl=3&tn=baidutop10&fr=top1000&rsv_idx=2&hisfilter=1"
