2022-12-07 11:31:15,553 INFO notifyConnectTimeout:200

2022-12-07 11:31:15,558 INFO notifySocketTimeout:8000

2022-12-07 11:31:15,559 INFO isHealthCheck:true

2022-12-07 11:31:15,559 INFO maxHealthCheckFailCount:12

2022-12-07 11:31:15,560 INFO maxContent:10485760

2022-12-07 11:31:15,561 INFO spring.datasource.platform:mysql

2022-12-07 11:31:23,291 WARN DumpService start

2022-12-07 11:31:23,293 INFO start clear all config-info.

2022-12-07 11:31:23,295 WARN clear all config-info failed.

2022-12-07 11:31:23,295 WARN clear all config-info-tenant failed.

2022-12-07 11:31:23,301 INFO start clear all config-info-beta.

2022-12-07 11:31:23,301 WARN clear all config-info-beta failed.

2022-12-07 11:31:23,302 WARN clear all config-info-beta-tenant failed.

2022-12-07 11:31:23,304 INFO start clear all config-info-tag.

2022-12-07 11:31:23,304 WARN clear all config-info-tag failed.

2022-12-07 11:31:23,304 WARN clear all config-info-tag-tenant failed.

2022-12-07 11:31:23,321 WARN initialDelay:259

2022-12-07 11:44:45,238 INFO notifyConnectTimeout:200

2022-12-07 11:44:45,241 INFO notifySocketTimeout:8000

2022-12-07 11:44:45,241 INFO isHealthCheck:true

2022-12-07 11:44:45,242 INFO maxHealthCheckFailCount:12

2022-12-07 11:44:45,242 INFO maxContent:10485760

2022-12-07 11:44:45,243 INFO spring.datasource.platform:mysql

2022-12-07 11:44:53,182 WARN DumpService start

2022-12-07 11:44:53,184 INFO start clear all config-info.

2022-12-07 11:44:53,185 WARN clear all config-info failed.

2022-12-07 11:44:53,185 WARN clear all config-info-tenant failed.

2022-12-07 11:44:53,191 INFO start clear all config-info-beta.

2022-12-07 11:44:53,191 WARN clear all config-info-beta failed.

2022-12-07 11:44:53,192 WARN clear all config-info-beta-tenant failed.

2022-12-07 11:44:53,193 INFO start clear all config-info-tag.

2022-12-07 11:44:53,193 WARN clear all config-info-tag failed.

2022-12-07 11:44:53,193 WARN clear all config-info-tag-tenant failed.

2022-12-07 11:44:53,209 WARN initialDelay:139

