2022-12-07 11:38:45,753 WARN [LOAD-USERS] load failed

org.springframework.jdbc.BadSqlGrammarException: PreparedStatementCallback; bad SQL grammar [select count(*) from users where  1=1 ]; nested exception is java.sql.SQLSyntaxErrorException: Table 'nacos_config.users' doesn't exist
	at org.springframework.jdbc.support.SQLErrorCodeSQLExceptionTranslator.doTranslate(SQLErrorCodeSQLExceptionTranslator.java:239)
	at org.springframework.jdbc.support.AbstractFallbackSQLExceptionTranslator.translate(AbstractFallbackSQLExceptionTranslator.java:72)
	at org.springframework.jdbc.core.JdbcTemplate.translateException(JdbcTemplate.java:1443)
	at org.springframework.jdbc.core.JdbcTemplate.execute(JdbcTemplate.java:633)
	at org.springframework.jdbc.core.JdbcTemplate.query(JdbcTemplate.java:669)
	at org.springframework.jdbc.core.JdbcTemplate.query(JdbcTemplate.java:700)
	at org.springframework.jdbc.core.JdbcTemplate.query(JdbcTemplate.java:712)
	at org.springframework.jdbc.core.JdbcTemplate.queryForObject(JdbcTemplate.java:783)
	at org.springframework.jdbc.core.JdbcTemplate.queryForObject(JdbcTemplate.java:804)
	at com.alibaba.nacos.config.server.service.repository.extrnal.ExternalStoragePaginationHelperImpl.fetchPage(ExternalStoragePaginationHelperImpl.java:66)
	at com.alibaba.nacos.config.server.service.repository.extrnal.ExternalStoragePaginationHelperImpl.fetchPage(ExternalStoragePaginationHelperImpl.java:56)
	at com.alibaba.nacos.config.server.auth.ExternalUserPersistServiceImpl.getUsers(ExternalUserPersistServiceImpl.java:136)
	at com.alibaba.nacos.console.security.nacos.users.NacosUserDetailsServiceImpl.getUsersFromDatabase(NacosUserDetailsServiceImpl.java:89)
	at com.alibaba.nacos.console.security.nacos.users.NacosUserDetailsServiceImpl.reload(NacosUserDetailsServiceImpl.java:55)
	at sun.reflect.GeneratedMethodAccessor184.invoke(Unknown Source)
	at sun.reflect.DelegatingMethodAccessorImpl.invoke(DelegatingMethodAccessorImpl.java:43)
	at java.lang.reflect.Method.invoke(Method.java:498)
	at org.springframework.scheduling.support.ScheduledMethodRunnable.run(ScheduledMethodRunnable.java:84)
	at org.springframework.scheduling.support.DelegatingErrorHandlingRunnable.run(DelegatingErrorHandlingRunnable.java:54)
	at java.util.concurrent.Executors$RunnableAdapter.call(Executors.java:511)
	at java.util.concurrent.FutureTask.runAndReset(FutureTask.java:308)
	at java.util.concurrent.ScheduledThreadPoolExecutor$ScheduledFutureTask.access$301(ScheduledThreadPoolExecutor.java:180)
	at java.util.concurrent.ScheduledThreadPoolExecutor$ScheduledFutureTask.run(ScheduledThreadPoolExecutor.java:294)
	at java.util.concurrent.ThreadPoolExecutor.runWorker(ThreadPoolExecutor.java:1149)
	at java.util.concurrent.ThreadPoolExecutor$Worker.run(ThreadPoolExecutor.java:624)
	at java.lang.Thread.run(Thread.java:748)
Caused by: java.sql.SQLSyntaxErrorException: Table 'nacos_config.users' doesn't exist
	at com.mysql.cj.jdbc.exceptions.SQLError.createSQLException(SQLError.java:120)
	at com.mysql.cj.jdbc.exceptions.SQLError.createSQLException(SQLError.java:97)
	at com.mysql.cj.jdbc.exceptions.SQLExceptionsMapping.translateException(SQLExceptionsMapping.java:122)
	at com.mysql.cj.jdbc.ClientPreparedStatement.executeInternal(ClientPreparedStatement.java:953)
	at com.mysql.cj.jdbc.ClientPreparedStatement.executeQuery(ClientPreparedStatement.java:1003)
	at com.zaxxer.hikari.pool.ProxyPreparedStatement.executeQuery(ProxyPreparedStatement.java:52)
	at com.zaxxer.hikari.pool.HikariProxyPreparedStatement.executeQuery(HikariProxyPreparedStatement.java)
	at org.springframework.jdbc.core.JdbcTemplate$1.doInPreparedStatement(JdbcTemplate.java:678)
	at org.springframework.jdbc.core.JdbcTemplate.execute(JdbcTemplate.java:617)
	... 22 common frames omitted
2022-12-07 11:38:45,755 WARN [LOAD-ROLES] load failed

org.springframework.jdbc.BadSqlGrammarException: PreparedStatementCallback; bad SQL grammar [select count(*) from roles where  1=1 ]; nested exception is java.sql.SQLSyntaxErrorException: Table 'nacos_config.roles' doesn't exist
	at org.springframework.jdbc.support.SQLErrorCodeSQLExceptionTranslator.doTranslate(SQLErrorCodeSQLExceptionTranslator.java:239)
	at org.springframework.jdbc.support.AbstractFallbackSQLExceptionTranslator.translate(AbstractFallbackSQLExceptionTranslator.java:72)
	at org.springframework.jdbc.core.JdbcTemplate.translateException(JdbcTemplate.java:1443)
	at org.springframework.jdbc.core.JdbcTemplate.execute(JdbcTemplate.java:633)
	at org.springframework.jdbc.core.JdbcTemplate.query(JdbcTemplate.java:669)
	at org.springframework.jdbc.core.JdbcTemplate.query(JdbcTemplate.java:700)
	at org.springframework.jdbc.core.JdbcTemplate.query(JdbcTemplate.java:712)
	at org.springframework.jdbc.core.JdbcTemplate.queryForObject(JdbcTemplate.java:783)
	at org.springframework.jdbc.core.JdbcTemplate.queryForObject(JdbcTemplate.java:804)
	at com.alibaba.nacos.config.server.service.repository.extrnal.ExternalStoragePaginationHelperImpl.fetchPage(ExternalStoragePaginationHelperImpl.java:66)
	at com.alibaba.nacos.config.server.service.repository.extrnal.ExternalStoragePaginationHelperImpl.fetchPage(ExternalStoragePaginationHelperImpl.java:56)
	at com.alibaba.nacos.config.server.auth.ExternalRolePersistServiceImpl.getRolesByUserName(ExternalRolePersistServiceImpl.java:101)
	at com.alibaba.nacos.console.security.nacos.roles.NacosRoleServiceImpl.reload(NacosRoleServiceImpl.java:77)
	at sun.reflect.GeneratedMethodAccessor185.invoke(Unknown Source)
	at sun.reflect.DelegatingMethodAccessorImpl.invoke(DelegatingMethodAccessorImpl.java:43)
	at java.lang.reflect.Method.invoke(Method.java:498)
	at org.springframework.scheduling.support.ScheduledMethodRunnable.run(ScheduledMethodRunnable.java:84)
	at org.springframework.scheduling.support.DelegatingErrorHandlingRunnable.run(DelegatingErrorHandlingRunnable.java:54)
	at java.util.concurrent.Executors$RunnableAdapter.call(Executors.java:511)
	at java.util.concurrent.FutureTask.runAndReset(FutureTask.java:308)
	at java.util.concurrent.ScheduledThreadPoolExecutor$ScheduledFutureTask.access$301(ScheduledThreadPoolExecutor.java:180)
	at java.util.concurrent.ScheduledThreadPoolExecutor$ScheduledFutureTask.run(ScheduledThreadPoolExecutor.java:294)
	at java.util.concurrent.ThreadPoolExecutor.runWorker(ThreadPoolExecutor.java:1149)
	at java.util.concurrent.ThreadPoolExecutor$Worker.run(ThreadPoolExecutor.java:624)
	at java.lang.Thread.run(Thread.java:748)
Caused by: java.sql.SQLSyntaxErrorException: Table 'nacos_config.roles' doesn't exist
	at com.mysql.cj.jdbc.exceptions.SQLError.createSQLException(SQLError.java:120)
	at com.mysql.cj.jdbc.exceptions.SQLError.createSQLException(SQLError.java:97)
	at com.mysql.cj.jdbc.exceptions.SQLExceptionsMapping.translateException(SQLExceptionsMapping.java:122)
	at com.mysql.cj.jdbc.ClientPreparedStatement.executeInternal(ClientPreparedStatement.java:953)
	at com.mysql.cj.jdbc.ClientPreparedStatement.executeQuery(ClientPreparedStatement.java:1003)
	at com.zaxxer.hikari.pool.ProxyPreparedStatement.executeQuery(ProxyPreparedStatement.java:52)
	at com.zaxxer.hikari.pool.HikariProxyPreparedStatement.executeQuery(HikariProxyPreparedStatement.java)
	at org.springframework.jdbc.core.JdbcTemplate$1.doInPreparedStatement(JdbcTemplate.java:678)
	at org.springframework.jdbc.core.JdbcTemplate.execute(JdbcTemplate.java:617)
	... 21 common frames omitted
