2022-12-07 11:31:53,804 INFO PERFORMANCE:|serviceCount|ipCount|subscribeCount|maxPushCost|avgPushCost|totalPushCount|failPushCount

2022-12-07 11:31:53,805 INFO PERFORMANCE:|0|0|0|-1|-1|0|0

2022-12-07 11:31:53,808 INFO Task worker status: 
naming_0%16, pending tasks: 0
naming_1%16, pending tasks: 0
naming_2%16, pending tasks: 0
naming_3%16, pending tasks: 0
naming_4%16, pending tasks: 0
naming_5%16, pending tasks: 0
naming_6%16, pending tasks: 0
naming_7%16, pending tasks: 0
naming_8%16, pending tasks: 0
naming_9%16, pending tasks: 0
naming_10%16, pending tasks: 0
naming_11%16, pending tasks: 0
naming_12%16, pending tasks: 0
naming_13%16, pending tasks: 0
naming_14%16, pending tasks: 0
naming_15%16, pending tasks: 0


2022-12-07 11:32:53,809 INFO PERFORMANCE:|0|0|0|-1|-1|0|0

2022-12-07 11:32:53,810 INFO Task worker status: 
naming_0%16, pending tasks: 0
naming_1%16, pending tasks: 0
naming_2%16, pending tasks: 0
naming_3%16, pending tasks: 0
naming_4%16, pending tasks: 0
naming_5%16, pending tasks: 0
naming_6%16, pending tasks: 0
naming_7%16, pending tasks: 0
naming_8%16, pending tasks: 0
naming_9%16, pending tasks: 0
naming_10%16, pending tasks: 0
naming_11%16, pending tasks: 0
naming_12%16, pending tasks: 0
naming_13%16, pending tasks: 0
naming_14%16, pending tasks: 0
naming_15%16, pending tasks: 0


2022-12-07 11:33:53,810 INFO PERFORMANCE:|0|0|0|-1|-1|0|0

2022-12-07 11:33:53,810 INFO Task worker status: 
naming_0%16, pending tasks: 0
naming_1%16, pending tasks: 0
naming_2%16, pending tasks: 0
naming_3%16, pending tasks: 0
naming_4%16, pending tasks: 0
naming_5%16, pending tasks: 0
naming_6%16, pending tasks: 0
naming_7%16, pending tasks: 0
naming_8%16, pending tasks: 0
naming_9%16, pending tasks: 0
naming_10%16, pending tasks: 0
naming_11%16, pending tasks: 0
naming_12%16, pending tasks: 0
naming_13%16, pending tasks: 0
naming_14%16, pending tasks: 0
naming_15%16, pending tasks: 0


2022-12-07 11:34:53,811 INFO PERFORMANCE:|0|0|0|-1|-1|0|0

2022-12-07 11:34:53,811 INFO Task worker status: 
naming_0%16, pending tasks: 0
naming_1%16, pending tasks: 0
naming_2%16, pending tasks: 0
naming_3%16, pending tasks: 0
naming_4%16, pending tasks: 0
naming_5%16, pending tasks: 0
naming_6%16, pending tasks: 0
naming_7%16, pending tasks: 0
naming_8%16, pending tasks: 0
naming_9%16, pending tasks: 0
naming_10%16, pending tasks: 0
naming_11%16, pending tasks: 0
naming_12%16, pending tasks: 0
naming_13%16, pending tasks: 0
naming_14%16, pending tasks: 0
naming_15%16, pending tasks: 0


2022-12-07 11:35:53,812 INFO PERFORMANCE:|0|0|0|-1|-1|0|0

2022-12-07 11:35:53,812 INFO Task worker status: 
naming_0%16, pending tasks: 0
naming_1%16, pending tasks: 0
naming_2%16, pending tasks: 0
naming_3%16, pending tasks: 0
naming_4%16, pending tasks: 0
naming_5%16, pending tasks: 0
naming_6%16, pending tasks: 0
naming_7%16, pending tasks: 0
naming_8%16, pending tasks: 0
naming_9%16, pending tasks: 0
naming_10%16, pending tasks: 0
naming_11%16, pending tasks: 0
naming_12%16, pending tasks: 0
naming_13%16, pending tasks: 0
naming_14%16, pending tasks: 0
naming_15%16, pending tasks: 0


2022-12-07 11:36:53,812 INFO PERFORMANCE:|0|0|0|-1|-1|0|0

2022-12-07 11:36:53,813 INFO Task worker status: 
naming_0%16, pending tasks: 0
naming_1%16, pending tasks: 0
naming_2%16, pending tasks: 0
naming_3%16, pending tasks: 0
naming_4%16, pending tasks: 0
naming_5%16, pending tasks: 0
naming_6%16, pending tasks: 0
naming_7%16, pending tasks: 0
naming_8%16, pending tasks: 0
naming_9%16, pending tasks: 0
naming_10%16, pending tasks: 0
naming_11%16, pending tasks: 0
naming_12%16, pending tasks: 0
naming_13%16, pending tasks: 0
naming_14%16, pending tasks: 0
naming_15%16, pending tasks: 0


2022-12-07 11:37:53,813 INFO PERFORMANCE:|0|0|0|-1|-1|0|0

2022-12-07 11:37:53,814 INFO Task worker status: 
naming_0%16, pending tasks: 0
naming_1%16, pending tasks: 0
naming_2%16, pending tasks: 0
naming_3%16, pending tasks: 0
naming_4%16, pending tasks: 0
naming_5%16, pending tasks: 0
naming_6%16, pending tasks: 0
naming_7%16, pending tasks: 0
naming_8%16, pending tasks: 0
naming_9%16, pending tasks: 0
naming_10%16, pending tasks: 0
naming_11%16, pending tasks: 0
naming_12%16, pending tasks: 0
naming_13%16, pending tasks: 0
naming_14%16, pending tasks: 0
naming_15%16, pending tasks: 0


2022-12-07 11:38:53,814 INFO PERFORMANCE:|0|0|0|-1|-1|0|0

2022-12-07 11:38:53,815 INFO Task worker status: 
naming_0%16, pending tasks: 0
naming_1%16, pending tasks: 0
naming_2%16, pending tasks: 0
naming_3%16, pending tasks: 0
naming_4%16, pending tasks: 0
naming_5%16, pending tasks: 0
naming_6%16, pending tasks: 0
naming_7%16, pending tasks: 0
naming_8%16, pending tasks: 0
naming_9%16, pending tasks: 0
naming_10%16, pending tasks: 0
naming_11%16, pending tasks: 0
naming_12%16, pending tasks: 0
naming_13%16, pending tasks: 0
naming_14%16, pending tasks: 0
naming_15%16, pending tasks: 0


2022-12-07 11:45:23,587 INFO PERFORMANCE:|serviceCount|ipCount|subscribeCount|maxPushCost|avgPushCost|totalPushCount|failPushCount

2022-12-07 11:45:23,607 INFO DISTRO:|V1SyncDone|V1SyncFail|V2SyncDone|V2SyncFail|V2VerifyFail|

2022-12-07 11:45:23,607 INFO PERFORMANCE:|0|0|0|-1|-1|0|0

2022-12-07 11:45:23,610 INFO Task worker status: 
naming_0%16, pending tasks: 0
naming_1%16, pending tasks: 0
naming_2%16, pending tasks: 0
naming_3%16, pending tasks: 0
naming_4%16, pending tasks: 0
naming_5%16, pending tasks: 0
naming_6%16, pending tasks: 0
naming_7%16, pending tasks: 0
naming_8%16, pending tasks: 0
naming_9%16, pending tasks: 0
naming_10%16, pending tasks: 0
naming_11%16, pending tasks: 0
naming_12%16, pending tasks: 0
naming_13%16, pending tasks: 0
naming_14%16, pending tasks: 0
naming_15%16, pending tasks: 0


2022-12-07 11:45:23,611 INFO DISTRO:|0|0|0|0|0|

2022-12-07 11:46:23,612 INFO PERFORMANCE:|0|0|0|-1|-1|0|0

2022-12-07 11:46:23,612 INFO Task worker status: 
naming_0%16, pending tasks: 0
naming_1%16, pending tasks: 0
naming_2%16, pending tasks: 0
naming_3%16, pending tasks: 0
naming_4%16, pending tasks: 0
naming_5%16, pending tasks: 0
naming_6%16, pending tasks: 0
naming_7%16, pending tasks: 0
naming_8%16, pending tasks: 0
naming_9%16, pending tasks: 0
naming_10%16, pending tasks: 0
naming_11%16, pending tasks: 0
naming_12%16, pending tasks: 0
naming_13%16, pending tasks: 0
naming_14%16, pending tasks: 0
naming_15%16, pending tasks: 0


2022-12-07 11:46:23,613 INFO DISTRO:|0|0|0|0|0|

2022-12-07 11:47:23,613 INFO PERFORMANCE:|0|0|0|-1|-1|0|0

2022-12-07 11:47:23,614 INFO Task worker status: 
naming_0%16, pending tasks: 0
naming_1%16, pending tasks: 0
naming_2%16, pending tasks: 0
naming_3%16, pending tasks: 0
naming_4%16, pending tasks: 0
naming_5%16, pending tasks: 0
naming_6%16, pending tasks: 0
naming_7%16, pending tasks: 0
naming_8%16, pending tasks: 0
naming_9%16, pending tasks: 0
naming_10%16, pending tasks: 0
naming_11%16, pending tasks: 0
naming_12%16, pending tasks: 0
naming_13%16, pending tasks: 0
naming_14%16, pending tasks: 0
naming_15%16, pending tasks: 0


2022-12-07 11:47:23,615 INFO DISTRO:|0|0|0|0|0|

2022-12-07 11:48:23,615 INFO PERFORMANCE:|0|0|0|-1|-1|0|0

2022-12-07 11:48:23,615 INFO Task worker status: 
naming_0%16, pending tasks: 0
naming_1%16, pending tasks: 0
naming_2%16, pending tasks: 0
naming_3%16, pending tasks: 0
naming_4%16, pending tasks: 0
naming_5%16, pending tasks: 0
naming_6%16, pending tasks: 0
naming_7%16, pending tasks: 0
naming_8%16, pending tasks: 0
naming_9%16, pending tasks: 0
naming_10%16, pending tasks: 0
naming_11%16, pending tasks: 0
naming_12%16, pending tasks: 0
naming_13%16, pending tasks: 0
naming_14%16, pending tasks: 0
naming_15%16, pending tasks: 0


2022-12-07 11:48:23,615 INFO DISTRO:|0|0|0|0|0|

2022-12-07 11:49:23,616 INFO PERFORMANCE:|0|0|0|-1|-1|0|0

2022-12-07 11:49:23,617 INFO Task worker status: 
naming_0%16, pending tasks: 0
naming_1%16, pending tasks: 0
naming_2%16, pending tasks: 0
naming_3%16, pending tasks: 0
naming_4%16, pending tasks: 0
naming_5%16, pending tasks: 0
naming_6%16, pending tasks: 0
naming_7%16, pending tasks: 0
naming_8%16, pending tasks: 0
naming_9%16, pending tasks: 0
naming_10%16, pending tasks: 0
naming_11%16, pending tasks: 0
naming_12%16, pending tasks: 0
naming_13%16, pending tasks: 0
naming_14%16, pending tasks: 0
naming_15%16, pending tasks: 0


2022-12-07 11:49:23,617 INFO DISTRO:|0|0|0|0|0|

2022-12-07 11:50:23,617 INFO PERFORMANCE:|0|0|0|-1|-1|0|0

2022-12-07 11:50:23,618 INFO Task worker status: 
naming_0%16, pending tasks: 0
naming_1%16, pending tasks: 0
naming_2%16, pending tasks: 0
naming_3%16, pending tasks: 0
naming_4%16, pending tasks: 0
naming_5%16, pending tasks: 0
naming_6%16, pending tasks: 0
naming_7%16, pending tasks: 0
naming_8%16, pending tasks: 0
naming_9%16, pending tasks: 0
naming_10%16, pending tasks: 0
naming_11%16, pending tasks: 0
naming_12%16, pending tasks: 0
naming_13%16, pending tasks: 0
naming_14%16, pending tasks: 0
naming_15%16, pending tasks: 0


2022-12-07 11:50:23,618 INFO DISTRO:|0|0|0|0|0|

2022-12-07 11:51:23,619 INFO PERFORMANCE:|0|0|0|-1|-1|0|0

2022-12-07 11:51:23,619 INFO Task worker status: 
naming_0%16, pending tasks: 0
naming_1%16, pending tasks: 0
naming_2%16, pending tasks: 0
naming_3%16, pending tasks: 0
naming_4%16, pending tasks: 0
naming_5%16, pending tasks: 0
naming_6%16, pending tasks: 0
naming_7%16, pending tasks: 0
naming_8%16, pending tasks: 0
naming_9%16, pending tasks: 0
naming_10%16, pending tasks: 0
naming_11%16, pending tasks: 0
naming_12%16, pending tasks: 0
naming_13%16, pending tasks: 0
naming_14%16, pending tasks: 0
naming_15%16, pending tasks: 0


2022-12-07 11:51:23,620 INFO DISTRO:|0|0|0|0|0|

2022-12-07 11:52:23,620 INFO PERFORMANCE:|0|0|0|-1|-1|0|0

2022-12-07 11:52:23,620 INFO Task worker status: 
naming_0%16, pending tasks: 0
naming_1%16, pending tasks: 0
naming_2%16, pending tasks: 0
naming_3%16, pending tasks: 0
naming_4%16, pending tasks: 0
naming_5%16, pending tasks: 0
naming_6%16, pending tasks: 0
naming_7%16, pending tasks: 0
naming_8%16, pending tasks: 0
naming_9%16, pending tasks: 0
naming_10%16, pending tasks: 0
naming_11%16, pending tasks: 0
naming_12%16, pending tasks: 0
naming_13%16, pending tasks: 0
naming_14%16, pending tasks: 0
naming_15%16, pending tasks: 0


2022-12-07 11:52:23,621 INFO DISTRO:|0|0|0|0|0|

2022-12-07 11:53:23,621 INFO PERFORMANCE:|0|0|0|-1|-1|0|0

2022-12-07 11:53:23,621 INFO Task worker status: 
naming_0%16, pending tasks: 0
naming_1%16, pending tasks: 0
naming_2%16, pending tasks: 0
naming_3%16, pending tasks: 0
naming_4%16, pending tasks: 0
naming_5%16, pending tasks: 0
naming_6%16, pending tasks: 0
naming_7%16, pending tasks: 0
naming_8%16, pending tasks: 0
naming_9%16, pending tasks: 0
naming_10%16, pending tasks: 0
naming_11%16, pending tasks: 0
naming_12%16, pending tasks: 0
naming_13%16, pending tasks: 0
naming_14%16, pending tasks: 0
naming_15%16, pending tasks: 0


2022-12-07 11:53:23,622 INFO DISTRO:|0|0|0|0|0|

2022-12-07 11:54:23,622 INFO PERFORMANCE:|0|0|0|-1|-1|0|0

2022-12-07 11:54:23,623 INFO Task worker status: 
naming_0%16, pending tasks: 0
naming_1%16, pending tasks: 0
naming_2%16, pending tasks: 0
naming_3%16, pending tasks: 0
naming_4%16, pending tasks: 0
naming_5%16, pending tasks: 0
naming_6%16, pending tasks: 0
naming_7%16, pending tasks: 0
naming_8%16, pending tasks: 0
naming_9%16, pending tasks: 0
naming_10%16, pending tasks: 0
naming_11%16, pending tasks: 0
naming_12%16, pending tasks: 0
naming_13%16, pending tasks: 0
naming_14%16, pending tasks: 0
naming_15%16, pending tasks: 0


2022-12-07 11:54:23,623 INFO DISTRO:|0|0|0|0|0|

2022-12-07 11:55:23,623 INFO PERFORMANCE:|serviceCount|ipCount|subscribeCount|maxPushCost|avgPushCost|totalPushCount|failPushCount

2022-12-07 11:55:23,623 INFO DISTRO:|V1SyncDone|V1SyncFail|V2SyncDone|V2SyncFail|V2VerifyFail|

2022-12-07 11:55:23,624 INFO PERFORMANCE:|0|0|0|-1|-1|0|0

2022-12-07 11:55:23,624 INFO Task worker status: 
naming_0%16, pending tasks: 0
naming_1%16, pending tasks: 0
naming_2%16, pending tasks: 0
naming_3%16, pending tasks: 0
naming_4%16, pending tasks: 0
naming_5%16, pending tasks: 0
naming_6%16, pending tasks: 0
naming_7%16, pending tasks: 0
naming_8%16, pending tasks: 0
naming_9%16, pending tasks: 0
naming_10%16, pending tasks: 0
naming_11%16, pending tasks: 0
naming_12%16, pending tasks: 0
naming_13%16, pending tasks: 0
naming_14%16, pending tasks: 0
naming_15%16, pending tasks: 0


2022-12-07 11:55:23,625 INFO DISTRO:|0|0|0|0|0|

2022-12-07 11:56:23,625 INFO PERFORMANCE:|0|0|0|-1|-1|0|0

2022-12-07 11:56:23,625 INFO Task worker status: 
naming_0%16, pending tasks: 0
naming_1%16, pending tasks: 0
naming_2%16, pending tasks: 0
naming_3%16, pending tasks: 0
naming_4%16, pending tasks: 0
naming_5%16, pending tasks: 0
naming_6%16, pending tasks: 0
naming_7%16, pending tasks: 0
naming_8%16, pending tasks: 0
naming_9%16, pending tasks: 0
naming_10%16, pending tasks: 0
naming_11%16, pending tasks: 0
naming_12%16, pending tasks: 0
naming_13%16, pending tasks: 0
naming_14%16, pending tasks: 0
naming_15%16, pending tasks: 0


2022-12-07 11:56:23,626 INFO DISTRO:|0|0|0|0|0|

2022-12-07 11:57:23,626 INFO PERFORMANCE:|0|0|0|-1|-1|0|0

2022-12-07 11:57:23,627 INFO Task worker status: 
naming_0%16, pending tasks: 0
naming_1%16, pending tasks: 0
naming_2%16, pending tasks: 0
naming_3%16, pending tasks: 0
naming_4%16, pending tasks: 0
naming_5%16, pending tasks: 0
naming_6%16, pending tasks: 0
naming_7%16, pending tasks: 0
naming_8%16, pending tasks: 0
naming_9%16, pending tasks: 0
naming_10%16, pending tasks: 0
naming_11%16, pending tasks: 0
naming_12%16, pending tasks: 0
naming_13%16, pending tasks: 0
naming_14%16, pending tasks: 0
naming_15%16, pending tasks: 0


2022-12-07 11:57:23,627 INFO DISTRO:|0|0|0|0|0|

2022-12-07 11:58:23,627 INFO PERFORMANCE:|0|0|0|-1|-1|0|0

2022-12-07 11:58:23,628 INFO Task worker status: 
naming_0%16, pending tasks: 0
naming_1%16, pending tasks: 0
naming_2%16, pending tasks: 0
naming_3%16, pending tasks: 0
naming_4%16, pending tasks: 0
naming_5%16, pending tasks: 0
naming_6%16, pending tasks: 0
naming_7%16, pending tasks: 0
naming_8%16, pending tasks: 0
naming_9%16, pending tasks: 0
naming_10%16, pending tasks: 0
naming_11%16, pending tasks: 0
naming_12%16, pending tasks: 0
naming_13%16, pending tasks: 0
naming_14%16, pending tasks: 0
naming_15%16, pending tasks: 0


2022-12-07 11:58:23,628 INFO DISTRO:|0|0|0|0|0|

2022-12-07 11:59:23,628 INFO PERFORMANCE:|0|0|0|-1|-1|0|0

2022-12-07 11:59:23,628 INFO Task worker status: 
naming_0%16, pending tasks: 0
naming_1%16, pending tasks: 0
naming_2%16, pending tasks: 0
naming_3%16, pending tasks: 0
naming_4%16, pending tasks: 0
naming_5%16, pending tasks: 0
naming_6%16, pending tasks: 0
naming_7%16, pending tasks: 0
naming_8%16, pending tasks: 0
naming_9%16, pending tasks: 0
naming_10%16, pending tasks: 0
naming_11%16, pending tasks: 0
naming_12%16, pending tasks: 0
naming_13%16, pending tasks: 0
naming_14%16, pending tasks: 0
naming_15%16, pending tasks: 0


2022-12-07 11:59:23,629 INFO DISTRO:|0|0|0|0|0|

2022-12-07 12:00:23,630 INFO PERFORMANCE:|0|0|0|-1|-1|0|0

2022-12-07 12:00:23,630 INFO Task worker status: 
naming_0%16, pending tasks: 0
naming_1%16, pending tasks: 0
naming_2%16, pending tasks: 0
naming_3%16, pending tasks: 0
naming_4%16, pending tasks: 0
naming_5%16, pending tasks: 0
naming_6%16, pending tasks: 0
naming_7%16, pending tasks: 0
naming_8%16, pending tasks: 0
naming_9%16, pending tasks: 0
naming_10%16, pending tasks: 0
naming_11%16, pending tasks: 0
naming_12%16, pending tasks: 0
naming_13%16, pending tasks: 0
naming_14%16, pending tasks: 0
naming_15%16, pending tasks: 0


2022-12-07 12:00:23,631 INFO DISTRO:|0|0|0|0|0|

2022-12-07 12:01:23,631 INFO PERFORMANCE:|0|0|0|-1|-1|0|0

2022-12-07 12:01:23,631 INFO Task worker status: 
naming_0%16, pending tasks: 0
naming_1%16, pending tasks: 0
naming_2%16, pending tasks: 0
naming_3%16, pending tasks: 0
naming_4%16, pending tasks: 0
naming_5%16, pending tasks: 0
naming_6%16, pending tasks: 0
naming_7%16, pending tasks: 0
naming_8%16, pending tasks: 0
naming_9%16, pending tasks: 0
naming_10%16, pending tasks: 0
naming_11%16, pending tasks: 0
naming_12%16, pending tasks: 0
naming_13%16, pending tasks: 0
naming_14%16, pending tasks: 0
naming_15%16, pending tasks: 0


2022-12-07 12:01:23,632 INFO DISTRO:|0|0|0|0|0|

2022-12-07 12:02:23,632 INFO PERFORMANCE:|0|0|0|-1|-1|0|0

2022-12-07 12:02:23,633 INFO Task worker status: 
naming_0%16, pending tasks: 0
naming_1%16, pending tasks: 0
naming_2%16, pending tasks: 0
naming_3%16, pending tasks: 0
naming_4%16, pending tasks: 0
naming_5%16, pending tasks: 0
naming_6%16, pending tasks: 0
naming_7%16, pending tasks: 0
naming_8%16, pending tasks: 0
naming_9%16, pending tasks: 0
naming_10%16, pending tasks: 0
naming_11%16, pending tasks: 0
naming_12%16, pending tasks: 0
naming_13%16, pending tasks: 0
naming_14%16, pending tasks: 0
naming_15%16, pending tasks: 0


2022-12-07 12:02:23,633 INFO DISTRO:|0|0|0|0|0|

2022-12-07 12:03:23,633 INFO PERFORMANCE:|0|0|0|-1|-1|0|0

2022-12-07 12:03:23,634 INFO Task worker status: 
naming_0%16, pending tasks: 0
naming_1%16, pending tasks: 0
naming_2%16, pending tasks: 0
naming_3%16, pending tasks: 0
naming_4%16, pending tasks: 0
naming_5%16, pending tasks: 0
naming_6%16, pending tasks: 0
naming_7%16, pending tasks: 0
naming_8%16, pending tasks: 0
naming_9%16, pending tasks: 0
naming_10%16, pending tasks: 0
naming_11%16, pending tasks: 0
naming_12%16, pending tasks: 0
naming_13%16, pending tasks: 0
naming_14%16, pending tasks: 0
naming_15%16, pending tasks: 0


2022-12-07 12:03:23,634 INFO DISTRO:|0|0|0|0|0|

2022-12-07 12:04:23,635 INFO PERFORMANCE:|0|0|0|-1|-1|0|0

2022-12-07 12:04:23,635 INFO Task worker status: 
naming_0%16, pending tasks: 0
naming_1%16, pending tasks: 0
naming_2%16, pending tasks: 0
naming_3%16, pending tasks: 0
naming_4%16, pending tasks: 0
naming_5%16, pending tasks: 0
naming_6%16, pending tasks: 0
naming_7%16, pending tasks: 0
naming_8%16, pending tasks: 0
naming_9%16, pending tasks: 0
naming_10%16, pending tasks: 0
naming_11%16, pending tasks: 0
naming_12%16, pending tasks: 0
naming_13%16, pending tasks: 0
naming_14%16, pending tasks: 0
naming_15%16, pending tasks: 0


2022-12-07 12:04:23,635 INFO DISTRO:|0|0|0|0|0|

2022-12-07 12:05:23,636 INFO PERFORMANCE:|serviceCount|ipCount|subscribeCount|maxPushCost|avgPushCost|totalPushCount|failPushCount

2022-12-07 12:05:23,636 INFO DISTRO:|V1SyncDone|V1SyncFail|V2SyncDone|V2SyncFail|V2VerifyFail|

2022-12-07 12:05:23,636 INFO PERFORMANCE:|0|0|0|-1|-1|0|0

2022-12-07 12:05:23,637 INFO Task worker status: 
naming_0%16, pending tasks: 0
naming_1%16, pending tasks: 0
naming_2%16, pending tasks: 0
naming_3%16, pending tasks: 0
naming_4%16, pending tasks: 0
naming_5%16, pending tasks: 0
naming_6%16, pending tasks: 0
naming_7%16, pending tasks: 0
naming_8%16, pending tasks: 0
naming_9%16, pending tasks: 0
naming_10%16, pending tasks: 0
naming_11%16, pending tasks: 0
naming_12%16, pending tasks: 0
naming_13%16, pending tasks: 0
naming_14%16, pending tasks: 0
naming_15%16, pending tasks: 0


2022-12-07 12:05:23,637 INFO DISTRO:|0|0|0|0|0|

2022-12-07 12:06:23,637 INFO PERFORMANCE:|0|0|0|-1|-1|0|0

2022-12-07 12:06:23,638 INFO Task worker status: 
naming_0%16, pending tasks: 0
naming_1%16, pending tasks: 0
naming_2%16, pending tasks: 0
naming_3%16, pending tasks: 0
naming_4%16, pending tasks: 0
naming_5%16, pending tasks: 0
naming_6%16, pending tasks: 0
naming_7%16, pending tasks: 0
naming_8%16, pending tasks: 0
naming_9%16, pending tasks: 0
naming_10%16, pending tasks: 0
naming_11%16, pending tasks: 0
naming_12%16, pending tasks: 0
naming_13%16, pending tasks: 0
naming_14%16, pending tasks: 0
naming_15%16, pending tasks: 0


2022-12-07 12:06:23,638 INFO DISTRO:|0|0|0|0|0|

2022-12-07 12:07:23,638 INFO PERFORMANCE:|0|0|0|-1|-1|0|0

2022-12-07 12:07:23,639 INFO Task worker status: 
naming_0%16, pending tasks: 0
naming_1%16, pending tasks: 0
naming_2%16, pending tasks: 0
naming_3%16, pending tasks: 0
naming_4%16, pending tasks: 0
naming_5%16, pending tasks: 0
naming_6%16, pending tasks: 0
naming_7%16, pending tasks: 0
naming_8%16, pending tasks: 0
naming_9%16, pending tasks: 0
naming_10%16, pending tasks: 0
naming_11%16, pending tasks: 0
naming_12%16, pending tasks: 0
naming_13%16, pending tasks: 0
naming_14%16, pending tasks: 0
naming_15%16, pending tasks: 0


2022-12-07 12:07:23,639 INFO DISTRO:|0|0|0|0|0|

2022-12-07 12:08:23,639 INFO PERFORMANCE:|0|0|0|-1|-1|0|0

2022-12-07 12:08:23,640 INFO Task worker status: 
naming_0%16, pending tasks: 0
naming_1%16, pending tasks: 0
naming_2%16, pending tasks: 0
naming_3%16, pending tasks: 0
naming_4%16, pending tasks: 0
naming_5%16, pending tasks: 0
naming_6%16, pending tasks: 0
naming_7%16, pending tasks: 0
naming_8%16, pending tasks: 0
naming_9%16, pending tasks: 0
naming_10%16, pending tasks: 0
naming_11%16, pending tasks: 0
naming_12%16, pending tasks: 0
naming_13%16, pending tasks: 0
naming_14%16, pending tasks: 0
naming_15%16, pending tasks: 0


2022-12-07 12:08:23,640 INFO DISTRO:|0|0|0|0|0|

2022-12-07 12:09:23,641 INFO PERFORMANCE:|0|0|0|-1|-1|0|0

2022-12-07 12:09:23,641 INFO Task worker status: 
naming_0%16, pending tasks: 0
naming_1%16, pending tasks: 0
naming_2%16, pending tasks: 0
naming_3%16, pending tasks: 0
naming_4%16, pending tasks: 0
naming_5%16, pending tasks: 0
naming_6%16, pending tasks: 0
naming_7%16, pending tasks: 0
naming_8%16, pending tasks: 0
naming_9%16, pending tasks: 0
naming_10%16, pending tasks: 0
naming_11%16, pending tasks: 0
naming_12%16, pending tasks: 0
naming_13%16, pending tasks: 0
naming_14%16, pending tasks: 0
naming_15%16, pending tasks: 0


2022-12-07 12:09:23,641 INFO DISTRO:|0|0|0|0|0|

2022-12-07 12:10:23,642 INFO PERFORMANCE:|0|0|0|-1|-1|0|0

2022-12-07 12:10:23,642 INFO Task worker status: 
naming_0%16, pending tasks: 0
naming_1%16, pending tasks: 0
naming_2%16, pending tasks: 0
naming_3%16, pending tasks: 0
naming_4%16, pending tasks: 0
naming_5%16, pending tasks: 0
naming_6%16, pending tasks: 0
naming_7%16, pending tasks: 0
naming_8%16, pending tasks: 0
naming_9%16, pending tasks: 0
naming_10%16, pending tasks: 0
naming_11%16, pending tasks: 0
naming_12%16, pending tasks: 0
naming_13%16, pending tasks: 0
naming_14%16, pending tasks: 0
naming_15%16, pending tasks: 0


2022-12-07 12:10:23,642 INFO DISTRO:|0|0|0|0|0|

2022-12-07 12:11:23,643 INFO PERFORMANCE:|0|0|0|-1|-1|0|0

2022-12-07 12:11:23,643 INFO Task worker status: 
naming_0%16, pending tasks: 0
naming_1%16, pending tasks: 0
naming_2%16, pending tasks: 0
naming_3%16, pending tasks: 0
naming_4%16, pending tasks: 0
naming_5%16, pending tasks: 0
naming_6%16, pending tasks: 0
naming_7%16, pending tasks: 0
naming_8%16, pending tasks: 0
naming_9%16, pending tasks: 0
naming_10%16, pending tasks: 0
naming_11%16, pending tasks: 0
naming_12%16, pending tasks: 0
naming_13%16, pending tasks: 0
naming_14%16, pending tasks: 0
naming_15%16, pending tasks: 0


2022-12-07 12:11:23,644 INFO DISTRO:|0|0|0|0|0|

2022-12-07 12:12:23,644 INFO PERFORMANCE:|0|0|0|-1|-1|0|0

2022-12-07 12:12:23,645 INFO Task worker status: 
naming_0%16, pending tasks: 0
naming_1%16, pending tasks: 0
naming_2%16, pending tasks: 0
naming_3%16, pending tasks: 0
naming_4%16, pending tasks: 0
naming_5%16, pending tasks: 0
naming_6%16, pending tasks: 0
naming_7%16, pending tasks: 0
naming_8%16, pending tasks: 0
naming_9%16, pending tasks: 0
naming_10%16, pending tasks: 0
naming_11%16, pending tasks: 0
naming_12%16, pending tasks: 0
naming_13%16, pending tasks: 0
naming_14%16, pending tasks: 0
naming_15%16, pending tasks: 0


2022-12-07 12:12:23,645 INFO DISTRO:|0|0|0|0|0|

2022-12-07 12:13:23,645 INFO PERFORMANCE:|0|0|0|-1|-1|0|0

2022-12-07 12:13:23,646 INFO Task worker status: 
naming_0%16, pending tasks: 0
naming_1%16, pending tasks: 0
naming_2%16, pending tasks: 0
naming_3%16, pending tasks: 0
naming_4%16, pending tasks: 0
naming_5%16, pending tasks: 0
naming_6%16, pending tasks: 0
naming_7%16, pending tasks: 0
naming_8%16, pending tasks: 0
naming_9%16, pending tasks: 0
naming_10%16, pending tasks: 0
naming_11%16, pending tasks: 0
naming_12%16, pending tasks: 0
naming_13%16, pending tasks: 0
naming_14%16, pending tasks: 0
naming_15%16, pending tasks: 0


2022-12-07 12:13:23,646 INFO DISTRO:|0|0|0|0|0|

2022-12-07 12:14:23,646 INFO PERFORMANCE:|0|0|0|-1|-1|0|0

2022-12-07 12:14:23,647 INFO Task worker status: 
naming_0%16, pending tasks: 0
naming_1%16, pending tasks: 0
naming_2%16, pending tasks: 0
naming_3%16, pending tasks: 0
naming_4%16, pending tasks: 0
naming_5%16, pending tasks: 0
naming_6%16, pending tasks: 0
naming_7%16, pending tasks: 0
naming_8%16, pending tasks: 0
naming_9%16, pending tasks: 0
naming_10%16, pending tasks: 0
naming_11%16, pending tasks: 0
naming_12%16, pending tasks: 0
naming_13%16, pending tasks: 0
naming_14%16, pending tasks: 0
naming_15%16, pending tasks: 0


2022-12-07 12:14:23,647 INFO DISTRO:|0|0|0|0|0|

2022-12-07 12:15:23,647 INFO PERFORMANCE:|serviceCount|ipCount|subscribeCount|maxPushCost|avgPushCost|totalPushCount|failPushCount

2022-12-07 12:15:23,648 INFO DISTRO:|V1SyncDone|V1SyncFail|V2SyncDone|V2SyncFail|V2VerifyFail|

2022-12-07 12:15:23,648 INFO PERFORMANCE:|0|0|0|-1|-1|0|0

2022-12-07 12:15:23,648 INFO Task worker status: 
naming_0%16, pending tasks: 0
naming_1%16, pending tasks: 0
naming_2%16, pending tasks: 0
naming_3%16, pending tasks: 0
naming_4%16, pending tasks: 0
naming_5%16, pending tasks: 0
naming_6%16, pending tasks: 0
naming_7%16, pending tasks: 0
naming_8%16, pending tasks: 0
naming_9%16, pending tasks: 0
naming_10%16, pending tasks: 0
naming_11%16, pending tasks: 0
naming_12%16, pending tasks: 0
naming_13%16, pending tasks: 0
naming_14%16, pending tasks: 0
naming_15%16, pending tasks: 0


2022-12-07 12:15:23,649 INFO DISTRO:|0|0|0|0|0|

2022-12-07 12:16:23,649 INFO PERFORMANCE:|0|0|0|-1|-1|0|0

2022-12-07 12:16:23,650 INFO Task worker status: 
naming_0%16, pending tasks: 0
naming_1%16, pending tasks: 0
naming_2%16, pending tasks: 0
naming_3%16, pending tasks: 0
naming_4%16, pending tasks: 0
naming_5%16, pending tasks: 0
naming_6%16, pending tasks: 0
naming_7%16, pending tasks: 0
naming_8%16, pending tasks: 0
naming_9%16, pending tasks: 0
naming_10%16, pending tasks: 0
naming_11%16, pending tasks: 0
naming_12%16, pending tasks: 0
naming_13%16, pending tasks: 0
naming_14%16, pending tasks: 0
naming_15%16, pending tasks: 0


2022-12-07 12:16:23,650 INFO DISTRO:|0|0|0|0|0|

2022-12-07 12:17:23,650 INFO PERFORMANCE:|0|0|0|-1|-1|0|0

2022-12-07 12:17:23,651 INFO Task worker status: 
naming_0%16, pending tasks: 0
naming_1%16, pending tasks: 0
naming_2%16, pending tasks: 0
naming_3%16, pending tasks: 0
naming_4%16, pending tasks: 0
naming_5%16, pending tasks: 0
naming_6%16, pending tasks: 0
naming_7%16, pending tasks: 0
naming_8%16, pending tasks: 0
naming_9%16, pending tasks: 0
naming_10%16, pending tasks: 0
naming_11%16, pending tasks: 0
naming_12%16, pending tasks: 0
naming_13%16, pending tasks: 0
naming_14%16, pending tasks: 0
naming_15%16, pending tasks: 0


2022-12-07 12:17:23,651 INFO DISTRO:|0|0|0|0|0|

2022-12-07 12:18:23,652 INFO PERFORMANCE:|0|0|0|-1|-1|0|0

2022-12-07 12:18:23,652 INFO Task worker status: 
naming_0%16, pending tasks: 0
naming_1%16, pending tasks: 0
naming_2%16, pending tasks: 0
naming_3%16, pending tasks: 0
naming_4%16, pending tasks: 0
naming_5%16, pending tasks: 0
naming_6%16, pending tasks: 0
naming_7%16, pending tasks: 0
naming_8%16, pending tasks: 0
naming_9%16, pending tasks: 0
naming_10%16, pending tasks: 0
naming_11%16, pending tasks: 0
naming_12%16, pending tasks: 0
naming_13%16, pending tasks: 0
naming_14%16, pending tasks: 0
naming_15%16, pending tasks: 0


2022-12-07 12:18:23,652 INFO DISTRO:|0|0|0|0|0|

2022-12-07 12:19:23,653 INFO PERFORMANCE:|0|0|0|-1|-1|0|0

2022-12-07 12:19:23,653 INFO Task worker status: 
naming_0%16, pending tasks: 0
naming_1%16, pending tasks: 0
naming_2%16, pending tasks: 0
naming_3%16, pending tasks: 0
naming_4%16, pending tasks: 0
naming_5%16, pending tasks: 0
naming_6%16, pending tasks: 0
naming_7%16, pending tasks: 0
naming_8%16, pending tasks: 0
naming_9%16, pending tasks: 0
naming_10%16, pending tasks: 0
naming_11%16, pending tasks: 0
naming_12%16, pending tasks: 0
naming_13%16, pending tasks: 0
naming_14%16, pending tasks: 0
naming_15%16, pending tasks: 0


2022-12-07 12:19:23,653 INFO DISTRO:|0|0|0|0|0|

2022-12-07 12:20:23,654 INFO PERFORMANCE:|0|0|0|-1|-1|0|0

2022-12-07 12:20:23,654 INFO Task worker status: 
naming_0%16, pending tasks: 0
naming_1%16, pending tasks: 0
naming_2%16, pending tasks: 0
naming_3%16, pending tasks: 0
naming_4%16, pending tasks: 0
naming_5%16, pending tasks: 0
naming_6%16, pending tasks: 0
naming_7%16, pending tasks: 0
naming_8%16, pending tasks: 0
naming_9%16, pending tasks: 0
naming_10%16, pending tasks: 0
naming_11%16, pending tasks: 0
naming_12%16, pending tasks: 0
naming_13%16, pending tasks: 0
naming_14%16, pending tasks: 0
naming_15%16, pending tasks: 0


2022-12-07 12:20:23,655 INFO DISTRO:|0|0|0|0|0|

2022-12-07 12:21:23,655 INFO PERFORMANCE:|0|0|0|-1|-1|0|0

2022-12-07 12:21:23,655 INFO Task worker status: 
naming_0%16, pending tasks: 0
naming_1%16, pending tasks: 0
naming_2%16, pending tasks: 0
naming_3%16, pending tasks: 0
naming_4%16, pending tasks: 0
naming_5%16, pending tasks: 0
naming_6%16, pending tasks: 0
naming_7%16, pending tasks: 0
naming_8%16, pending tasks: 0
naming_9%16, pending tasks: 0
naming_10%16, pending tasks: 0
naming_11%16, pending tasks: 0
naming_12%16, pending tasks: 0
naming_13%16, pending tasks: 0
naming_14%16, pending tasks: 0
naming_15%16, pending tasks: 0


2022-12-07 12:21:23,655 INFO DISTRO:|0|0|0|0|0|

2022-12-07 12:22:23,656 INFO PERFORMANCE:|0|0|0|-1|-1|0|0

2022-12-07 12:22:23,657 INFO Task worker status: 
naming_0%16, pending tasks: 0
naming_1%16, pending tasks: 0
naming_2%16, pending tasks: 0
naming_3%16, pending tasks: 0
naming_4%16, pending tasks: 0
naming_5%16, pending tasks: 0
naming_6%16, pending tasks: 0
naming_7%16, pending tasks: 0
naming_8%16, pending tasks: 0
naming_9%16, pending tasks: 0
naming_10%16, pending tasks: 0
naming_11%16, pending tasks: 0
naming_12%16, pending tasks: 0
naming_13%16, pending tasks: 0
naming_14%16, pending tasks: 0
naming_15%16, pending tasks: 0


2022-12-07 12:22:23,657 INFO DISTRO:|0|0|0|0|0|

2022-12-07 12:23:23,657 INFO PERFORMANCE:|0|0|0|-1|-1|0|0

2022-12-07 12:23:23,658 INFO Task worker status: 
naming_0%16, pending tasks: 0
naming_1%16, pending tasks: 0
naming_2%16, pending tasks: 0
naming_3%16, pending tasks: 0
naming_4%16, pending tasks: 0
naming_5%16, pending tasks: 0
naming_6%16, pending tasks: 0
naming_7%16, pending tasks: 0
naming_8%16, pending tasks: 0
naming_9%16, pending tasks: 0
naming_10%16, pending tasks: 0
naming_11%16, pending tasks: 0
naming_12%16, pending tasks: 0
naming_13%16, pending tasks: 0
naming_14%16, pending tasks: 0
naming_15%16, pending tasks: 0


2022-12-07 12:23:23,658 INFO DISTRO:|0|0|0|0|0|

2022-12-07 12:24:23,659 INFO PERFORMANCE:|0|0|0|-1|-1|0|0

2022-12-07 12:24:23,659 INFO Task worker status: 
naming_0%16, pending tasks: 0
naming_1%16, pending tasks: 0
naming_2%16, pending tasks: 0
naming_3%16, pending tasks: 0
naming_4%16, pending tasks: 0
naming_5%16, pending tasks: 0
naming_6%16, pending tasks: 0
naming_7%16, pending tasks: 0
naming_8%16, pending tasks: 0
naming_9%16, pending tasks: 0
naming_10%16, pending tasks: 0
naming_11%16, pending tasks: 0
naming_12%16, pending tasks: 0
naming_13%16, pending tasks: 0
naming_14%16, pending tasks: 0
naming_15%16, pending tasks: 0


2022-12-07 12:24:23,659 INFO DISTRO:|0|0|0|0|0|

2022-12-07 12:25:23,660 INFO PERFORMANCE:|serviceCount|ipCount|subscribeCount|maxPushCost|avgPushCost|totalPushCount|failPushCount

2022-12-07 12:25:23,660 INFO DISTRO:|V1SyncDone|V1SyncFail|V2SyncDone|V2SyncFail|V2VerifyFail|

2022-12-07 12:25:23,661 INFO PERFORMANCE:|0|0|0|-1|-1|0|0

2022-12-07 12:25:23,661 INFO Task worker status: 
naming_0%16, pending tasks: 0
naming_1%16, pending tasks: 0
naming_2%16, pending tasks: 0
naming_3%16, pending tasks: 0
naming_4%16, pending tasks: 0
naming_5%16, pending tasks: 0
naming_6%16, pending tasks: 0
naming_7%16, pending tasks: 0
naming_8%16, pending tasks: 0
naming_9%16, pending tasks: 0
naming_10%16, pending tasks: 0
naming_11%16, pending tasks: 0
naming_12%16, pending tasks: 0
naming_13%16, pending tasks: 0
naming_14%16, pending tasks: 0
naming_15%16, pending tasks: 0


2022-12-07 12:25:23,661 INFO DISTRO:|0|0|0|0|0|

2022-12-07 12:26:23,661 INFO PERFORMANCE:|0|0|0|-1|-1|0|0

2022-12-07 12:26:23,662 INFO Task worker status: 
naming_0%16, pending tasks: 0
naming_1%16, pending tasks: 0
naming_2%16, pending tasks: 0
naming_3%16, pending tasks: 0
naming_4%16, pending tasks: 0
naming_5%16, pending tasks: 0
naming_6%16, pending tasks: 0
naming_7%16, pending tasks: 0
naming_8%16, pending tasks: 0
naming_9%16, pending tasks: 0
naming_10%16, pending tasks: 0
naming_11%16, pending tasks: 0
naming_12%16, pending tasks: 0
naming_13%16, pending tasks: 0
naming_14%16, pending tasks: 0
naming_15%16, pending tasks: 0


2022-12-07 12:26:23,662 INFO DISTRO:|0|0|0|0|0|

2022-12-07 12:27:23,663 INFO PERFORMANCE:|0|0|0|-1|-1|0|0

2022-12-07 12:27:23,663 INFO Task worker status: 
naming_0%16, pending tasks: 0
naming_1%16, pending tasks: 0
naming_2%16, pending tasks: 0
naming_3%16, pending tasks: 0
naming_4%16, pending tasks: 0
naming_5%16, pending tasks: 0
naming_6%16, pending tasks: 0
naming_7%16, pending tasks: 0
naming_8%16, pending tasks: 0
naming_9%16, pending tasks: 0
naming_10%16, pending tasks: 0
naming_11%16, pending tasks: 0
naming_12%16, pending tasks: 0
naming_13%16, pending tasks: 0
naming_14%16, pending tasks: 0
naming_15%16, pending tasks: 0


2022-12-07 12:27:23,664 INFO DISTRO:|0|0|0|0|0|

2022-12-07 12:28:23,664 INFO PERFORMANCE:|0|0|0|-1|-1|0|0

2022-12-07 12:28:23,664 INFO Task worker status: 
naming_0%16, pending tasks: 0
naming_1%16, pending tasks: 0
naming_2%16, pending tasks: 0
naming_3%16, pending tasks: 0
naming_4%16, pending tasks: 0
naming_5%16, pending tasks: 0
naming_6%16, pending tasks: 0
naming_7%16, pending tasks: 0
naming_8%16, pending tasks: 0
naming_9%16, pending tasks: 0
naming_10%16, pending tasks: 0
naming_11%16, pending tasks: 0
naming_12%16, pending tasks: 0
naming_13%16, pending tasks: 0
naming_14%16, pending tasks: 0
naming_15%16, pending tasks: 0


2022-12-07 12:28:23,665 INFO DISTRO:|0|0|0|0|0|

2022-12-07 12:29:23,665 INFO PERFORMANCE:|0|0|0|-1|-1|0|0

2022-12-07 12:29:23,666 INFO Task worker status: 
naming_0%16, pending tasks: 0
naming_1%16, pending tasks: 0
naming_2%16, pending tasks: 0
naming_3%16, pending tasks: 0
naming_4%16, pending tasks: 0
naming_5%16, pending tasks: 0
naming_6%16, pending tasks: 0
naming_7%16, pending tasks: 0
naming_8%16, pending tasks: 0
naming_9%16, pending tasks: 0
naming_10%16, pending tasks: 0
naming_11%16, pending tasks: 0
naming_12%16, pending tasks: 0
naming_13%16, pending tasks: 0
naming_14%16, pending tasks: 0
naming_15%16, pending tasks: 0


2022-12-07 12:29:23,666 INFO DISTRO:|0|0|0|0|0|

2022-12-07 12:30:23,666 INFO PERFORMANCE:|0|0|0|-1|-1|0|0

2022-12-07 12:30:23,667 INFO Task worker status: 
naming_0%16, pending tasks: 0
naming_1%16, pending tasks: 0
naming_2%16, pending tasks: 0
naming_3%16, pending tasks: 0
naming_4%16, pending tasks: 0
naming_5%16, pending tasks: 0
naming_6%16, pending tasks: 0
naming_7%16, pending tasks: 0
naming_8%16, pending tasks: 0
naming_9%16, pending tasks: 0
naming_10%16, pending tasks: 0
naming_11%16, pending tasks: 0
naming_12%16, pending tasks: 0
naming_13%16, pending tasks: 0
naming_14%16, pending tasks: 0
naming_15%16, pending tasks: 0


2022-12-07 12:30:23,667 INFO DISTRO:|0|0|0|0|0|

2022-12-07 12:31:23,667 INFO PERFORMANCE:|0|0|0|-1|-1|0|0

2022-12-07 12:31:23,668 INFO Task worker status: 
naming_0%16, pending tasks: 0
naming_1%16, pending tasks: 0
naming_2%16, pending tasks: 0
naming_3%16, pending tasks: 0
naming_4%16, pending tasks: 0
naming_5%16, pending tasks: 0
naming_6%16, pending tasks: 0
naming_7%16, pending tasks: 0
naming_8%16, pending tasks: 0
naming_9%16, pending tasks: 0
naming_10%16, pending tasks: 0
naming_11%16, pending tasks: 0
naming_12%16, pending tasks: 0
naming_13%16, pending tasks: 0
naming_14%16, pending tasks: 0
naming_15%16, pending tasks: 0


2022-12-07 12:31:23,668 INFO DISTRO:|0|0|0|0|0|

2022-12-07 12:32:23,668 INFO PERFORMANCE:|0|0|0|-1|-1|0|0

2022-12-07 12:32:23,669 INFO Task worker status: 
naming_0%16, pending tasks: 0
naming_1%16, pending tasks: 0
naming_2%16, pending tasks: 0
naming_3%16, pending tasks: 0
naming_4%16, pending tasks: 0
naming_5%16, pending tasks: 0
naming_6%16, pending tasks: 0
naming_7%16, pending tasks: 0
naming_8%16, pending tasks: 0
naming_9%16, pending tasks: 0
naming_10%16, pending tasks: 0
naming_11%16, pending tasks: 0
naming_12%16, pending tasks: 0
naming_13%16, pending tasks: 0
naming_14%16, pending tasks: 0
naming_15%16, pending tasks: 0


2022-12-07 12:32:23,669 INFO DISTRO:|0|0|0|0|0|

2022-12-07 12:33:23,670 INFO PERFORMANCE:|0|0|0|-1|-1|0|0

2022-12-07 12:33:23,670 INFO Task worker status: 
naming_0%16, pending tasks: 0
naming_1%16, pending tasks: 0
naming_2%16, pending tasks: 0
naming_3%16, pending tasks: 0
naming_4%16, pending tasks: 0
naming_5%16, pending tasks: 0
naming_6%16, pending tasks: 0
naming_7%16, pending tasks: 0
naming_8%16, pending tasks: 0
naming_9%16, pending tasks: 0
naming_10%16, pending tasks: 0
naming_11%16, pending tasks: 0
naming_12%16, pending tasks: 0
naming_13%16, pending tasks: 0
naming_14%16, pending tasks: 0
naming_15%16, pending tasks: 0


2022-12-07 12:33:23,670 INFO DISTRO:|0|0|0|0|0|

2022-12-07 12:34:23,671 INFO PERFORMANCE:|0|0|0|-1|-1|0|0

2022-12-07 12:34:23,671 INFO Task worker status: 
naming_0%16, pending tasks: 0
naming_1%16, pending tasks: 0
naming_2%16, pending tasks: 0
naming_3%16, pending tasks: 0
naming_4%16, pending tasks: 0
naming_5%16, pending tasks: 0
naming_6%16, pending tasks: 0
naming_7%16, pending tasks: 0
naming_8%16, pending tasks: 0
naming_9%16, pending tasks: 0
naming_10%16, pending tasks: 0
naming_11%16, pending tasks: 0
naming_12%16, pending tasks: 0
naming_13%16, pending tasks: 0
naming_14%16, pending tasks: 0
naming_15%16, pending tasks: 0


2022-12-07 12:34:23,672 INFO DISTRO:|0|0|0|0|0|

2022-12-07 12:35:23,672 INFO PERFORMANCE:|serviceCount|ipCount|subscribeCount|maxPushCost|avgPushCost|totalPushCount|failPushCount

2022-12-07 12:35:23,672 INFO DISTRO:|V1SyncDone|V1SyncFail|V2SyncDone|V2SyncFail|V2VerifyFail|

2022-12-07 12:35:23,673 INFO PERFORMANCE:|0|0|0|-1|-1|0|0

2022-12-07 12:35:23,673 INFO Task worker status: 
naming_0%16, pending tasks: 0
naming_1%16, pending tasks: 0
naming_2%16, pending tasks: 0
naming_3%16, pending tasks: 0
naming_4%16, pending tasks: 0
naming_5%16, pending tasks: 0
naming_6%16, pending tasks: 0
naming_7%16, pending tasks: 0
naming_8%16, pending tasks: 0
naming_9%16, pending tasks: 0
naming_10%16, pending tasks: 0
naming_11%16, pending tasks: 0
naming_12%16, pending tasks: 0
naming_13%16, pending tasks: 0
naming_14%16, pending tasks: 0
naming_15%16, pending tasks: 0


2022-12-07 12:35:23,673 INFO DISTRO:|0|0|0|0|0|

2022-12-07 12:36:23,673 INFO PERFORMANCE:|0|0|0|-1|-1|0|0

2022-12-07 12:36:23,674 INFO Task worker status: 
naming_0%16, pending tasks: 0
naming_1%16, pending tasks: 0
naming_2%16, pending tasks: 0
naming_3%16, pending tasks: 0
naming_4%16, pending tasks: 0
naming_5%16, pending tasks: 0
naming_6%16, pending tasks: 0
naming_7%16, pending tasks: 0
naming_8%16, pending tasks: 0
naming_9%16, pending tasks: 0
naming_10%16, pending tasks: 0
naming_11%16, pending tasks: 0
naming_12%16, pending tasks: 0
naming_13%16, pending tasks: 0
naming_14%16, pending tasks: 0
naming_15%16, pending tasks: 0


2022-12-07 12:36:23,674 INFO DISTRO:|0|0|0|0|0|

2022-12-07 12:37:23,675 INFO PERFORMANCE:|0|0|0|-1|-1|0|0

2022-12-07 12:37:23,675 INFO Task worker status: 
naming_0%16, pending tasks: 0
naming_1%16, pending tasks: 0
naming_2%16, pending tasks: 0
naming_3%16, pending tasks: 0
naming_4%16, pending tasks: 0
naming_5%16, pending tasks: 0
naming_6%16, pending tasks: 0
naming_7%16, pending tasks: 0
naming_8%16, pending tasks: 0
naming_9%16, pending tasks: 0
naming_10%16, pending tasks: 0
naming_11%16, pending tasks: 0
naming_12%16, pending tasks: 0
naming_13%16, pending tasks: 0
naming_14%16, pending tasks: 0
naming_15%16, pending tasks: 0


2022-12-07 12:37:23,676 INFO DISTRO:|0|0|0|0|0|

2022-12-07 12:38:23,676 INFO PERFORMANCE:|0|0|0|-1|-1|0|0

2022-12-07 12:38:23,677 INFO Task worker status: 
naming_0%16, pending tasks: 0
naming_1%16, pending tasks: 0
naming_2%16, pending tasks: 0
naming_3%16, pending tasks: 0
naming_4%16, pending tasks: 0
naming_5%16, pending tasks: 0
naming_6%16, pending tasks: 0
naming_7%16, pending tasks: 0
naming_8%16, pending tasks: 0
naming_9%16, pending tasks: 0
naming_10%16, pending tasks: 0
naming_11%16, pending tasks: 0
naming_12%16, pending tasks: 0
naming_13%16, pending tasks: 0
naming_14%16, pending tasks: 0
naming_15%16, pending tasks: 0


2022-12-07 12:38:23,677 INFO DISTRO:|0|0|0|0|0|

2022-12-07 12:39:23,677 INFO PERFORMANCE:|0|0|0|-1|-1|0|0

2022-12-07 12:39:23,678 INFO Task worker status: 
naming_0%16, pending tasks: 0
naming_1%16, pending tasks: 0
naming_2%16, pending tasks: 0
naming_3%16, pending tasks: 0
naming_4%16, pending tasks: 0
naming_5%16, pending tasks: 0
naming_6%16, pending tasks: 0
naming_7%16, pending tasks: 0
naming_8%16, pending tasks: 0
naming_9%16, pending tasks: 0
naming_10%16, pending tasks: 0
naming_11%16, pending tasks: 0
naming_12%16, pending tasks: 0
naming_13%16, pending tasks: 0
naming_14%16, pending tasks: 0
naming_15%16, pending tasks: 0


2022-12-07 12:39:23,678 INFO DISTRO:|0|0|0|0|0|

2022-12-07 12:40:23,678 INFO PERFORMANCE:|0|0|0|-1|-1|0|0

2022-12-07 12:40:23,679 INFO Task worker status: 
naming_0%16, pending tasks: 0
naming_1%16, pending tasks: 0
naming_2%16, pending tasks: 0
naming_3%16, pending tasks: 0
naming_4%16, pending tasks: 0
naming_5%16, pending tasks: 0
naming_6%16, pending tasks: 0
naming_7%16, pending tasks: 0
naming_8%16, pending tasks: 0
naming_9%16, pending tasks: 0
naming_10%16, pending tasks: 0
naming_11%16, pending tasks: 0
naming_12%16, pending tasks: 0
naming_13%16, pending tasks: 0
naming_14%16, pending tasks: 0
naming_15%16, pending tasks: 0


2022-12-07 12:40:23,679 INFO DISTRO:|0|0|0|0|0|

2022-12-07 12:41:23,680 INFO PERFORMANCE:|0|0|0|-1|-1|0|0

2022-12-07 12:41:23,680 INFO Task worker status: 
naming_0%16, pending tasks: 0
naming_1%16, pending tasks: 0
naming_2%16, pending tasks: 0
naming_3%16, pending tasks: 0
naming_4%16, pending tasks: 0
naming_5%16, pending tasks: 0
naming_6%16, pending tasks: 0
naming_7%16, pending tasks: 0
naming_8%16, pending tasks: 0
naming_9%16, pending tasks: 0
naming_10%16, pending tasks: 0
naming_11%16, pending tasks: 0
naming_12%16, pending tasks: 0
naming_13%16, pending tasks: 0
naming_14%16, pending tasks: 0
naming_15%16, pending tasks: 0


2022-12-07 12:41:23,680 INFO DISTRO:|0|0|0|0|0|

2022-12-07 12:42:23,681 INFO PERFORMANCE:|0|0|0|-1|-1|0|0

2022-12-07 12:42:23,681 INFO Task worker status: 
naming_0%16, pending tasks: 0
naming_1%16, pending tasks: 0
naming_2%16, pending tasks: 0
naming_3%16, pending tasks: 0
naming_4%16, pending tasks: 0
naming_5%16, pending tasks: 0
naming_6%16, pending tasks: 0
naming_7%16, pending tasks: 0
naming_8%16, pending tasks: 0
naming_9%16, pending tasks: 0
naming_10%16, pending tasks: 0
naming_11%16, pending tasks: 0
naming_12%16, pending tasks: 0
naming_13%16, pending tasks: 0
naming_14%16, pending tasks: 0
naming_15%16, pending tasks: 0


2022-12-07 12:42:23,681 INFO DISTRO:|0|0|0|0|0|

2022-12-07 12:43:23,682 INFO PERFORMANCE:|0|0|0|-1|-1|0|0

2022-12-07 12:43:23,682 INFO Task worker status: 
naming_0%16, pending tasks: 0
naming_1%16, pending tasks: 0
naming_2%16, pending tasks: 0
naming_3%16, pending tasks: 0
naming_4%16, pending tasks: 0
naming_5%16, pending tasks: 0
naming_6%16, pending tasks: 0
naming_7%16, pending tasks: 0
naming_8%16, pending tasks: 0
naming_9%16, pending tasks: 0
naming_10%16, pending tasks: 0
naming_11%16, pending tasks: 0
naming_12%16, pending tasks: 0
naming_13%16, pending tasks: 0
naming_14%16, pending tasks: 0
naming_15%16, pending tasks: 0


2022-12-07 12:43:23,682 INFO DISTRO:|0|0|0|0|0|

2022-12-07 12:44:23,683 INFO PERFORMANCE:|0|0|0|-1|-1|0|0

2022-12-07 12:44:23,683 INFO Task worker status: 
naming_0%16, pending tasks: 0
naming_1%16, pending tasks: 0
naming_2%16, pending tasks: 0
naming_3%16, pending tasks: 0
naming_4%16, pending tasks: 0
naming_5%16, pending tasks: 0
naming_6%16, pending tasks: 0
naming_7%16, pending tasks: 0
naming_8%16, pending tasks: 0
naming_9%16, pending tasks: 0
naming_10%16, pending tasks: 0
naming_11%16, pending tasks: 0
naming_12%16, pending tasks: 0
naming_13%16, pending tasks: 0
naming_14%16, pending tasks: 0
naming_15%16, pending tasks: 0


2022-12-07 12:44:23,683 INFO DISTRO:|0|0|0|0|0|

2022-12-07 12:45:23,684 INFO PERFORMANCE:|serviceCount|ipCount|subscribeCount|maxPushCost|avgPushCost|totalPushCount|failPushCount

2022-12-07 12:45:23,684 INFO DISTRO:|V1SyncDone|V1SyncFail|V2SyncDone|V2SyncFail|V2VerifyFail|

2022-12-07 12:45:23,684 INFO PERFORMANCE:|0|0|0|-1|-1|0|0

2022-12-07 12:45:23,685 INFO Task worker status: 
naming_0%16, pending tasks: 0
naming_1%16, pending tasks: 0
naming_2%16, pending tasks: 0
naming_3%16, pending tasks: 0
naming_4%16, pending tasks: 0
naming_5%16, pending tasks: 0
naming_6%16, pending tasks: 0
naming_7%16, pending tasks: 0
naming_8%16, pending tasks: 0
naming_9%16, pending tasks: 0
naming_10%16, pending tasks: 0
naming_11%16, pending tasks: 0
naming_12%16, pending tasks: 0
naming_13%16, pending tasks: 0
naming_14%16, pending tasks: 0
naming_15%16, pending tasks: 0


2022-12-07 12:45:23,685 INFO DISTRO:|0|0|0|0|0|

2022-12-07 12:46:23,685 INFO PERFORMANCE:|0|0|0|-1|-1|0|0

2022-12-07 12:46:23,686 INFO Task worker status: 
naming_0%16, pending tasks: 0
naming_1%16, pending tasks: 0
naming_2%16, pending tasks: 0
naming_3%16, pending tasks: 0
naming_4%16, pending tasks: 0
naming_5%16, pending tasks: 0
naming_6%16, pending tasks: 0
naming_7%16, pending tasks: 0
naming_8%16, pending tasks: 0
naming_9%16, pending tasks: 0
naming_10%16, pending tasks: 0
naming_11%16, pending tasks: 0
naming_12%16, pending tasks: 0
naming_13%16, pending tasks: 0
naming_14%16, pending tasks: 0
naming_15%16, pending tasks: 0


2022-12-07 12:46:23,686 INFO DISTRO:|0|0|0|0|0|

2022-12-07 12:47:23,686 INFO PERFORMANCE:|0|0|0|-1|-1|0|0

2022-12-07 12:47:23,687 INFO Task worker status: 
naming_0%16, pending tasks: 0
naming_1%16, pending tasks: 0
naming_2%16, pending tasks: 0
naming_3%16, pending tasks: 0
naming_4%16, pending tasks: 0
naming_5%16, pending tasks: 0
naming_6%16, pending tasks: 0
naming_7%16, pending tasks: 0
naming_8%16, pending tasks: 0
naming_9%16, pending tasks: 0
naming_10%16, pending tasks: 0
naming_11%16, pending tasks: 0
naming_12%16, pending tasks: 0
naming_13%16, pending tasks: 0
naming_14%16, pending tasks: 0
naming_15%16, pending tasks: 0


2022-12-07 12:47:23,687 INFO DISTRO:|0|0|0|0|0|

2022-12-07 12:48:23,688 INFO PERFORMANCE:|0|0|0|-1|-1|0|0

2022-12-07 12:48:23,688 INFO Task worker status: 
naming_0%16, pending tasks: 0
naming_1%16, pending tasks: 0
naming_2%16, pending tasks: 0
naming_3%16, pending tasks: 0
naming_4%16, pending tasks: 0
naming_5%16, pending tasks: 0
naming_6%16, pending tasks: 0
naming_7%16, pending tasks: 0
naming_8%16, pending tasks: 0
naming_9%16, pending tasks: 0
naming_10%16, pending tasks: 0
naming_11%16, pending tasks: 0
naming_12%16, pending tasks: 0
naming_13%16, pending tasks: 0
naming_14%16, pending tasks: 0
naming_15%16, pending tasks: 0


2022-12-07 12:48:23,688 INFO DISTRO:|0|0|0|0|0|

2022-12-07 12:49:23,689 INFO PERFORMANCE:|0|0|0|-1|-1|0|0

2022-12-07 12:49:23,689 INFO Task worker status: 
naming_0%16, pending tasks: 0
naming_1%16, pending tasks: 0
naming_2%16, pending tasks: 0
naming_3%16, pending tasks: 0
naming_4%16, pending tasks: 0
naming_5%16, pending tasks: 0
naming_6%16, pending tasks: 0
naming_7%16, pending tasks: 0
naming_8%16, pending tasks: 0
naming_9%16, pending tasks: 0
naming_10%16, pending tasks: 0
naming_11%16, pending tasks: 0
naming_12%16, pending tasks: 0
naming_13%16, pending tasks: 0
naming_14%16, pending tasks: 0
naming_15%16, pending tasks: 0


2022-12-07 12:49:23,690 INFO DISTRO:|0|0|0|0|0|

2022-12-07 12:50:23,690 INFO PERFORMANCE:|0|0|0|-1|-1|0|0

2022-12-07 12:50:23,691 INFO Task worker status: 
naming_0%16, pending tasks: 0
naming_1%16, pending tasks: 0
naming_2%16, pending tasks: 0
naming_3%16, pending tasks: 0
naming_4%16, pending tasks: 0
naming_5%16, pending tasks: 0
naming_6%16, pending tasks: 0
naming_7%16, pending tasks: 0
naming_8%16, pending tasks: 0
naming_9%16, pending tasks: 0
naming_10%16, pending tasks: 0
naming_11%16, pending tasks: 0
naming_12%16, pending tasks: 0
naming_13%16, pending tasks: 0
naming_14%16, pending tasks: 0
naming_15%16, pending tasks: 0


2022-12-07 12:50:23,691 INFO DISTRO:|0|0|0|0|0|

2022-12-07 12:51:23,691 INFO PERFORMANCE:|0|0|0|-1|-1|0|0

2022-12-07 12:51:23,692 INFO Task worker status: 
naming_0%16, pending tasks: 0
naming_1%16, pending tasks: 0
naming_2%16, pending tasks: 0
naming_3%16, pending tasks: 0
naming_4%16, pending tasks: 0
naming_5%16, pending tasks: 0
naming_6%16, pending tasks: 0
naming_7%16, pending tasks: 0
naming_8%16, pending tasks: 0
naming_9%16, pending tasks: 0
naming_10%16, pending tasks: 0
naming_11%16, pending tasks: 0
naming_12%16, pending tasks: 0
naming_13%16, pending tasks: 0
naming_14%16, pending tasks: 0
naming_15%16, pending tasks: 0


2022-12-07 12:51:23,692 INFO DISTRO:|0|0|0|0|0|

2022-12-07 12:52:23,692 INFO PERFORMANCE:|0|0|0|-1|-1|0|0

2022-12-07 12:52:23,693 INFO Task worker status: 
naming_0%16, pending tasks: 0
naming_1%16, pending tasks: 0
naming_2%16, pending tasks: 0
naming_3%16, pending tasks: 0
naming_4%16, pending tasks: 0
naming_5%16, pending tasks: 0
naming_6%16, pending tasks: 0
naming_7%16, pending tasks: 0
naming_8%16, pending tasks: 0
naming_9%16, pending tasks: 0
naming_10%16, pending tasks: 0
naming_11%16, pending tasks: 0
naming_12%16, pending tasks: 0
naming_13%16, pending tasks: 0
naming_14%16, pending tasks: 0
naming_15%16, pending tasks: 0


2022-12-07 12:52:23,693 INFO DISTRO:|0|0|0|0|0|

2022-12-07 12:53:23,693 INFO PERFORMANCE:|0|0|0|-1|-1|0|0

2022-12-07 12:53:23,694 INFO Task worker status: 
naming_0%16, pending tasks: 0
naming_1%16, pending tasks: 0
naming_2%16, pending tasks: 0
naming_3%16, pending tasks: 0
naming_4%16, pending tasks: 0
naming_5%16, pending tasks: 0
naming_6%16, pending tasks: 0
naming_7%16, pending tasks: 0
naming_8%16, pending tasks: 0
naming_9%16, pending tasks: 0
naming_10%16, pending tasks: 0
naming_11%16, pending tasks: 0
naming_12%16, pending tasks: 0
naming_13%16, pending tasks: 0
naming_14%16, pending tasks: 0
naming_15%16, pending tasks: 0


2022-12-07 12:53:23,694 INFO DISTRO:|0|0|0|0|0|

2022-12-07 12:54:23,694 INFO PERFORMANCE:|0|0|0|-1|-1|0|0

2022-12-07 12:54:23,694 INFO Task worker status: 
naming_0%16, pending tasks: 0
naming_1%16, pending tasks: 0
naming_2%16, pending tasks: 0
naming_3%16, pending tasks: 0
naming_4%16, pending tasks: 0
naming_5%16, pending tasks: 0
naming_6%16, pending tasks: 0
naming_7%16, pending tasks: 0
naming_8%16, pending tasks: 0
naming_9%16, pending tasks: 0
naming_10%16, pending tasks: 0
naming_11%16, pending tasks: 0
naming_12%16, pending tasks: 0
naming_13%16, pending tasks: 0
naming_14%16, pending tasks: 0
naming_15%16, pending tasks: 0


2022-12-07 12:54:23,695 INFO DISTRO:|0|0|0|0|0|

2022-12-07 12:55:23,696 INFO PERFORMANCE:|serviceCount|ipCount|subscribeCount|maxPushCost|avgPushCost|totalPushCount|failPushCount

2022-12-07 12:55:23,696 INFO DISTRO:|V1SyncDone|V1SyncFail|V2SyncDone|V2SyncFail|V2VerifyFail|

2022-12-07 12:55:23,697 INFO PERFORMANCE:|0|0|0|-1|-1|0|0

2022-12-07 12:55:23,697 INFO Task worker status: 
naming_0%16, pending tasks: 0
naming_1%16, pending tasks: 0
naming_2%16, pending tasks: 0
naming_3%16, pending tasks: 0
naming_4%16, pending tasks: 0
naming_5%16, pending tasks: 0
naming_6%16, pending tasks: 0
naming_7%16, pending tasks: 0
naming_8%16, pending tasks: 0
naming_9%16, pending tasks: 0
naming_10%16, pending tasks: 0
naming_11%16, pending tasks: 0
naming_12%16, pending tasks: 0
naming_13%16, pending tasks: 0
naming_14%16, pending tasks: 0
naming_15%16, pending tasks: 0


2022-12-07 12:55:23,697 INFO DISTRO:|0|0|0|0|0|

2022-12-07 12:56:23,697 INFO PERFORMANCE:|0|0|0|-1|-1|0|0

2022-12-07 12:56:23,698 INFO Task worker status: 
naming_0%16, pending tasks: 0
naming_1%16, pending tasks: 0
naming_2%16, pending tasks: 0
naming_3%16, pending tasks: 0
naming_4%16, pending tasks: 0
naming_5%16, pending tasks: 0
naming_6%16, pending tasks: 0
naming_7%16, pending tasks: 0
naming_8%16, pending tasks: 0
naming_9%16, pending tasks: 0
naming_10%16, pending tasks: 0
naming_11%16, pending tasks: 0
naming_12%16, pending tasks: 0
naming_13%16, pending tasks: 0
naming_14%16, pending tasks: 0
naming_15%16, pending tasks: 0


2022-12-07 12:56:23,698 INFO DISTRO:|0|0|0|0|0|

2022-12-07 12:57:23,699 INFO PERFORMANCE:|0|0|0|-1|-1|0|0

2022-12-07 12:57:23,699 INFO Task worker status: 
naming_0%16, pending tasks: 0
naming_1%16, pending tasks: 0
naming_2%16, pending tasks: 0
naming_3%16, pending tasks: 0
naming_4%16, pending tasks: 0
naming_5%16, pending tasks: 0
naming_6%16, pending tasks: 0
naming_7%16, pending tasks: 0
naming_8%16, pending tasks: 0
naming_9%16, pending tasks: 0
naming_10%16, pending tasks: 0
naming_11%16, pending tasks: 0
naming_12%16, pending tasks: 0
naming_13%16, pending tasks: 0
naming_14%16, pending tasks: 0
naming_15%16, pending tasks: 0


2022-12-07 12:57:23,699 INFO DISTRO:|0|0|0|0|0|

2022-12-07 12:58:23,699 INFO PERFORMANCE:|0|0|0|-1|-1|0|0

2022-12-07 12:58:23,700 INFO Task worker status: 
naming_0%16, pending tasks: 0
naming_1%16, pending tasks: 0
naming_2%16, pending tasks: 0
naming_3%16, pending tasks: 0
naming_4%16, pending tasks: 0
naming_5%16, pending tasks: 0
naming_6%16, pending tasks: 0
naming_7%16, pending tasks: 0
naming_8%16, pending tasks: 0
naming_9%16, pending tasks: 0
naming_10%16, pending tasks: 0
naming_11%16, pending tasks: 0
naming_12%16, pending tasks: 0
naming_13%16, pending tasks: 0
naming_14%16, pending tasks: 0
naming_15%16, pending tasks: 0


2022-12-07 12:58:23,700 INFO DISTRO:|0|0|0|0|0|

2022-12-07 12:59:23,701 INFO PERFORMANCE:|0|0|0|-1|-1|0|0

2022-12-07 12:59:23,701 INFO Task worker status: 
naming_0%16, pending tasks: 0
naming_1%16, pending tasks: 0
naming_2%16, pending tasks: 0
naming_3%16, pending tasks: 0
naming_4%16, pending tasks: 0
naming_5%16, pending tasks: 0
naming_6%16, pending tasks: 0
naming_7%16, pending tasks: 0
naming_8%16, pending tasks: 0
naming_9%16, pending tasks: 0
naming_10%16, pending tasks: 0
naming_11%16, pending tasks: 0
naming_12%16, pending tasks: 0
naming_13%16, pending tasks: 0
naming_14%16, pending tasks: 0
naming_15%16, pending tasks: 0


2022-12-07 12:59:23,702 INFO DISTRO:|0|0|0|0|0|

2022-12-07 13:00:23,702 INFO PERFORMANCE:|0|0|0|-1|-1|0|0

2022-12-07 13:00:23,702 INFO Task worker status: 
naming_0%16, pending tasks: 0
naming_1%16, pending tasks: 0
naming_2%16, pending tasks: 0
naming_3%16, pending tasks: 0
naming_4%16, pending tasks: 0
naming_5%16, pending tasks: 0
naming_6%16, pending tasks: 0
naming_7%16, pending tasks: 0
naming_8%16, pending tasks: 0
naming_9%16, pending tasks: 0
naming_10%16, pending tasks: 0
naming_11%16, pending tasks: 0
naming_12%16, pending tasks: 0
naming_13%16, pending tasks: 0
naming_14%16, pending tasks: 0
naming_15%16, pending tasks: 0


2022-12-07 13:00:23,703 INFO DISTRO:|0|0|0|0|0|

2022-12-07 13:01:23,703 INFO PERFORMANCE:|0|0|0|-1|-1|0|0

2022-12-07 13:01:23,703 INFO Task worker status: 
naming_0%16, pending tasks: 0
naming_1%16, pending tasks: 0
naming_2%16, pending tasks: 0
naming_3%16, pending tasks: 0
naming_4%16, pending tasks: 0
naming_5%16, pending tasks: 0
naming_6%16, pending tasks: 0
naming_7%16, pending tasks: 0
naming_8%16, pending tasks: 0
naming_9%16, pending tasks: 0
naming_10%16, pending tasks: 0
naming_11%16, pending tasks: 0
naming_12%16, pending tasks: 0
naming_13%16, pending tasks: 0
naming_14%16, pending tasks: 0
naming_15%16, pending tasks: 0


2022-12-07 13:01:23,703 INFO DISTRO:|0|0|0|0|0|

2022-12-07 13:02:23,704 INFO PERFORMANCE:|0|0|0|-1|-1|0|0

2022-12-07 13:02:23,705 INFO Task worker status: 
naming_0%16, pending tasks: 0
naming_1%16, pending tasks: 0
naming_2%16, pending tasks: 0
naming_3%16, pending tasks: 0
naming_4%16, pending tasks: 0
naming_5%16, pending tasks: 0
naming_6%16, pending tasks: 0
naming_7%16, pending tasks: 0
naming_8%16, pending tasks: 0
naming_9%16, pending tasks: 0
naming_10%16, pending tasks: 0
naming_11%16, pending tasks: 0
naming_12%16, pending tasks: 0
naming_13%16, pending tasks: 0
naming_14%16, pending tasks: 0
naming_15%16, pending tasks: 0


2022-12-07 13:02:23,705 INFO DISTRO:|0|0|0|0|0|

2022-12-07 13:03:23,705 INFO PERFORMANCE:|0|0|0|-1|-1|0|0

2022-12-07 13:03:23,706 INFO Task worker status: 
naming_0%16, pending tasks: 0
naming_1%16, pending tasks: 0
naming_2%16, pending tasks: 0
naming_3%16, pending tasks: 0
naming_4%16, pending tasks: 0
naming_5%16, pending tasks: 0
naming_6%16, pending tasks: 0
naming_7%16, pending tasks: 0
naming_8%16, pending tasks: 0
naming_9%16, pending tasks: 0
naming_10%16, pending tasks: 0
naming_11%16, pending tasks: 0
naming_12%16, pending tasks: 0
naming_13%16, pending tasks: 0
naming_14%16, pending tasks: 0
naming_15%16, pending tasks: 0


2022-12-07 13:03:23,706 INFO DISTRO:|0|0|0|0|0|

2022-12-07 13:04:23,707 INFO PERFORMANCE:|0|0|0|-1|-1|0|0

2022-12-07 13:04:23,707 INFO Task worker status: 
naming_0%16, pending tasks: 0
naming_1%16, pending tasks: 0
naming_2%16, pending tasks: 0
naming_3%16, pending tasks: 0
naming_4%16, pending tasks: 0
naming_5%16, pending tasks: 0
naming_6%16, pending tasks: 0
naming_7%16, pending tasks: 0
naming_8%16, pending tasks: 0
naming_9%16, pending tasks: 0
naming_10%16, pending tasks: 0
naming_11%16, pending tasks: 0
naming_12%16, pending tasks: 0
naming_13%16, pending tasks: 0
naming_14%16, pending tasks: 0
naming_15%16, pending tasks: 0


2022-12-07 13:04:23,707 INFO DISTRO:|0|0|0|0|0|

2022-12-07 13:05:23,707 INFO PERFORMANCE:|serviceCount|ipCount|subscribeCount|maxPushCost|avgPushCost|totalPushCount|failPushCount

2022-12-07 13:05:23,708 INFO DISTRO:|V1SyncDone|V1SyncFail|V2SyncDone|V2SyncFail|V2VerifyFail|

2022-12-07 13:05:23,708 INFO PERFORMANCE:|0|0|0|-1|-1|0|0

2022-12-07 13:05:23,709 INFO Task worker status: 
naming_0%16, pending tasks: 0
naming_1%16, pending tasks: 0
naming_2%16, pending tasks: 0
naming_3%16, pending tasks: 0
naming_4%16, pending tasks: 0
naming_5%16, pending tasks: 0
naming_6%16, pending tasks: 0
naming_7%16, pending tasks: 0
naming_8%16, pending tasks: 0
naming_9%16, pending tasks: 0
naming_10%16, pending tasks: 0
naming_11%16, pending tasks: 0
naming_12%16, pending tasks: 0
naming_13%16, pending tasks: 0
naming_14%16, pending tasks: 0
naming_15%16, pending tasks: 0


2022-12-07 13:05:23,709 INFO DISTRO:|0|0|0|0|0|

2022-12-07 13:06:23,709 INFO PERFORMANCE:|0|0|0|-1|-1|0|0

2022-12-07 13:06:23,710 INFO Task worker status: 
naming_0%16, pending tasks: 0
naming_1%16, pending tasks: 0
naming_2%16, pending tasks: 0
naming_3%16, pending tasks: 0
naming_4%16, pending tasks: 0
naming_5%16, pending tasks: 0
naming_6%16, pending tasks: 0
naming_7%16, pending tasks: 0
naming_8%16, pending tasks: 0
naming_9%16, pending tasks: 0
naming_10%16, pending tasks: 0
naming_11%16, pending tasks: 0
naming_12%16, pending tasks: 0
naming_13%16, pending tasks: 0
naming_14%16, pending tasks: 0
naming_15%16, pending tasks: 0


2022-12-07 13:06:23,710 INFO DISTRO:|0|0|0|0|0|

2022-12-07 13:07:23,711 INFO PERFORMANCE:|0|0|0|-1|-1|0|0

2022-12-07 13:07:23,711 INFO Task worker status: 
naming_0%16, pending tasks: 0
naming_1%16, pending tasks: 0
naming_2%16, pending tasks: 0
naming_3%16, pending tasks: 0
naming_4%16, pending tasks: 0
naming_5%16, pending tasks: 0
naming_6%16, pending tasks: 0
naming_7%16, pending tasks: 0
naming_8%16, pending tasks: 0
naming_9%16, pending tasks: 0
naming_10%16, pending tasks: 0
naming_11%16, pending tasks: 0
naming_12%16, pending tasks: 0
naming_13%16, pending tasks: 0
naming_14%16, pending tasks: 0
naming_15%16, pending tasks: 0


2022-12-07 13:07:23,711 INFO DISTRO:|0|0|0|0|0|

2022-12-07 13:08:23,712 INFO PERFORMANCE:|0|0|0|-1|-1|0|0

2022-12-07 13:08:23,712 INFO Task worker status: 
naming_0%16, pending tasks: 0
naming_1%16, pending tasks: 0
naming_2%16, pending tasks: 0
naming_3%16, pending tasks: 0
naming_4%16, pending tasks: 0
naming_5%16, pending tasks: 0
naming_6%16, pending tasks: 0
naming_7%16, pending tasks: 0
naming_8%16, pending tasks: 0
naming_9%16, pending tasks: 0
naming_10%16, pending tasks: 0
naming_11%16, pending tasks: 0
naming_12%16, pending tasks: 0
naming_13%16, pending tasks: 0
naming_14%16, pending tasks: 0
naming_15%16, pending tasks: 0


2022-12-07 13:08:23,712 INFO DISTRO:|0|0|0|0|0|

2022-12-07 13:09:23,713 INFO PERFORMANCE:|0|0|0|-1|-1|0|0

2022-12-07 13:09:23,713 INFO Task worker status: 
naming_0%16, pending tasks: 0
naming_1%16, pending tasks: 0
naming_2%16, pending tasks: 0
naming_3%16, pending tasks: 0
naming_4%16, pending tasks: 0
naming_5%16, pending tasks: 0
naming_6%16, pending tasks: 0
naming_7%16, pending tasks: 0
naming_8%16, pending tasks: 0
naming_9%16, pending tasks: 0
naming_10%16, pending tasks: 0
naming_11%16, pending tasks: 0
naming_12%16, pending tasks: 0
naming_13%16, pending tasks: 0
naming_14%16, pending tasks: 0
naming_15%16, pending tasks: 0


2022-12-07 13:09:23,714 INFO DISTRO:|0|0|0|0|0|

2022-12-07 13:10:23,714 INFO PERFORMANCE:|0|0|0|-1|-1|0|0

2022-12-07 13:10:23,714 INFO Task worker status: 
naming_0%16, pending tasks: 0
naming_1%16, pending tasks: 0
naming_2%16, pending tasks: 0
naming_3%16, pending tasks: 0
naming_4%16, pending tasks: 0
naming_5%16, pending tasks: 0
naming_6%16, pending tasks: 0
naming_7%16, pending tasks: 0
naming_8%16, pending tasks: 0
naming_9%16, pending tasks: 0
naming_10%16, pending tasks: 0
naming_11%16, pending tasks: 0
naming_12%16, pending tasks: 0
naming_13%16, pending tasks: 0
naming_14%16, pending tasks: 0
naming_15%16, pending tasks: 0


2022-12-07 13:10:23,715 INFO DISTRO:|0|0|0|0|0|

2022-12-07 13:11:23,715 INFO PERFORMANCE:|0|0|0|-1|-1|0|0

2022-12-07 13:11:23,715 INFO Task worker status: 
naming_0%16, pending tasks: 0
naming_1%16, pending tasks: 0
naming_2%16, pending tasks: 0
naming_3%16, pending tasks: 0
naming_4%16, pending tasks: 0
naming_5%16, pending tasks: 0
naming_6%16, pending tasks: 0
naming_7%16, pending tasks: 0
naming_8%16, pending tasks: 0
naming_9%16, pending tasks: 0
naming_10%16, pending tasks: 0
naming_11%16, pending tasks: 0
naming_12%16, pending tasks: 0
naming_13%16, pending tasks: 0
naming_14%16, pending tasks: 0
naming_15%16, pending tasks: 0


2022-12-07 13:11:23,716 INFO DISTRO:|0|0|0|0|0|

2022-12-07 13:12:23,716 INFO PERFORMANCE:|0|0|0|-1|-1|0|0

2022-12-07 13:12:23,717 INFO Task worker status: 
naming_0%16, pending tasks: 0
naming_1%16, pending tasks: 0
naming_2%16, pending tasks: 0
naming_3%16, pending tasks: 0
naming_4%16, pending tasks: 0
naming_5%16, pending tasks: 0
naming_6%16, pending tasks: 0
naming_7%16, pending tasks: 0
naming_8%16, pending tasks: 0
naming_9%16, pending tasks: 0
naming_10%16, pending tasks: 0
naming_11%16, pending tasks: 0
naming_12%16, pending tasks: 0
naming_13%16, pending tasks: 0
naming_14%16, pending tasks: 0
naming_15%16, pending tasks: 0


2022-12-07 13:12:23,717 INFO DISTRO:|0|0|0|0|0|

2022-12-07 13:13:23,717 INFO PERFORMANCE:|0|0|0|-1|-1|0|0

2022-12-07 13:13:23,718 INFO Task worker status: 
naming_0%16, pending tasks: 0
naming_1%16, pending tasks: 0
naming_2%16, pending tasks: 0
naming_3%16, pending tasks: 0
naming_4%16, pending tasks: 0
naming_5%16, pending tasks: 0
naming_6%16, pending tasks: 0
naming_7%16, pending tasks: 0
naming_8%16, pending tasks: 0
naming_9%16, pending tasks: 0
naming_10%16, pending tasks: 0
naming_11%16, pending tasks: 0
naming_12%16, pending tasks: 0
naming_13%16, pending tasks: 0
naming_14%16, pending tasks: 0
naming_15%16, pending tasks: 0


2022-12-07 13:13:23,718 INFO DISTRO:|0|0|0|0|0|

2022-12-07 13:14:23,718 INFO PERFORMANCE:|0|0|0|-1|-1|0|0

2022-12-07 13:14:23,719 INFO Task worker status: 
naming_0%16, pending tasks: 0
naming_1%16, pending tasks: 0
naming_2%16, pending tasks: 0
naming_3%16, pending tasks: 0
naming_4%16, pending tasks: 0
naming_5%16, pending tasks: 0
naming_6%16, pending tasks: 0
naming_7%16, pending tasks: 0
naming_8%16, pending tasks: 0
naming_9%16, pending tasks: 0
naming_10%16, pending tasks: 0
naming_11%16, pending tasks: 0
naming_12%16, pending tasks: 0
naming_13%16, pending tasks: 0
naming_14%16, pending tasks: 0
naming_15%16, pending tasks: 0


2022-12-07 13:14:23,719 INFO DISTRO:|0|0|0|0|0|

2022-12-07 13:15:23,719 INFO PERFORMANCE:|serviceCount|ipCount|subscribeCount|maxPushCost|avgPushCost|totalPushCount|failPushCount

2022-12-07 13:15:23,719 INFO DISTRO:|V1SyncDone|V1SyncFail|V2SyncDone|V2SyncFail|V2VerifyFail|

2022-12-07 13:15:23,720 INFO PERFORMANCE:|0|0|0|-1|-1|0|0

2022-12-07 13:15:23,720 INFO Task worker status: 
naming_0%16, pending tasks: 0
naming_1%16, pending tasks: 0
naming_2%16, pending tasks: 0
naming_3%16, pending tasks: 0
naming_4%16, pending tasks: 0
naming_5%16, pending tasks: 0
naming_6%16, pending tasks: 0
naming_7%16, pending tasks: 0
naming_8%16, pending tasks: 0
naming_9%16, pending tasks: 0
naming_10%16, pending tasks: 0
naming_11%16, pending tasks: 0
naming_12%16, pending tasks: 0
naming_13%16, pending tasks: 0
naming_14%16, pending tasks: 0
naming_15%16, pending tasks: 0


2022-12-07 13:15:23,720 INFO DISTRO:|0|0|0|0|0|

2022-12-07 13:16:23,721 INFO PERFORMANCE:|0|0|0|-1|-1|0|0

2022-12-07 13:16:23,722 INFO Task worker status: 
naming_0%16, pending tasks: 0
naming_1%16, pending tasks: 0
naming_2%16, pending tasks: 0
naming_3%16, pending tasks: 0
naming_4%16, pending tasks: 0
naming_5%16, pending tasks: 0
naming_6%16, pending tasks: 0
naming_7%16, pending tasks: 0
naming_8%16, pending tasks: 0
naming_9%16, pending tasks: 0
naming_10%16, pending tasks: 0
naming_11%16, pending tasks: 0
naming_12%16, pending tasks: 0
naming_13%16, pending tasks: 0
naming_14%16, pending tasks: 0
naming_15%16, pending tasks: 0


2022-12-07 13:16:23,722 INFO DISTRO:|0|0|0|0|0|

2022-12-07 13:17:23,722 INFO PERFORMANCE:|0|0|0|-1|-1|0|0

2022-12-07 13:17:23,723 INFO Task worker status: 
naming_0%16, pending tasks: 0
naming_1%16, pending tasks: 0
naming_2%16, pending tasks: 0
naming_3%16, pending tasks: 0
naming_4%16, pending tasks: 0
naming_5%16, pending tasks: 0
naming_6%16, pending tasks: 0
naming_7%16, pending tasks: 0
naming_8%16, pending tasks: 0
naming_9%16, pending tasks: 0
naming_10%16, pending tasks: 0
naming_11%16, pending tasks: 0
naming_12%16, pending tasks: 0
naming_13%16, pending tasks: 0
naming_14%16, pending tasks: 0
naming_15%16, pending tasks: 0


2022-12-07 13:17:23,723 INFO DISTRO:|0|0|0|0|0|

2022-12-07 13:18:23,723 INFO PERFORMANCE:|0|0|0|-1|-1|0|0

2022-12-07 13:18:23,724 INFO Task worker status: 
naming_0%16, pending tasks: 0
naming_1%16, pending tasks: 0
naming_2%16, pending tasks: 0
naming_3%16, pending tasks: 0
naming_4%16, pending tasks: 0
naming_5%16, pending tasks: 0
naming_6%16, pending tasks: 0
naming_7%16, pending tasks: 0
naming_8%16, pending tasks: 0
naming_9%16, pending tasks: 0
naming_10%16, pending tasks: 0
naming_11%16, pending tasks: 0
naming_12%16, pending tasks: 0
naming_13%16, pending tasks: 0
naming_14%16, pending tasks: 0
naming_15%16, pending tasks: 0


2022-12-07 13:18:23,724 INFO DISTRO:|0|0|0|0|0|

2022-12-07 13:19:23,725 INFO PERFORMANCE:|0|0|0|-1|-1|0|0

2022-12-07 13:19:23,725 INFO Task worker status: 
naming_0%16, pending tasks: 0
naming_1%16, pending tasks: 0
naming_2%16, pending tasks: 0
naming_3%16, pending tasks: 0
naming_4%16, pending tasks: 0
naming_5%16, pending tasks: 0
naming_6%16, pending tasks: 0
naming_7%16, pending tasks: 0
naming_8%16, pending tasks: 0
naming_9%16, pending tasks: 0
naming_10%16, pending tasks: 0
naming_11%16, pending tasks: 0
naming_12%16, pending tasks: 0
naming_13%16, pending tasks: 0
naming_14%16, pending tasks: 0
naming_15%16, pending tasks: 0


2022-12-07 13:19:23,726 INFO DISTRO:|0|0|0|0|0|

2022-12-07 13:20:23,726 INFO PERFORMANCE:|0|0|0|-1|-1|0|0

2022-12-07 13:20:23,727 INFO Task worker status: 
naming_0%16, pending tasks: 0
naming_1%16, pending tasks: 0
naming_2%16, pending tasks: 0
naming_3%16, pending tasks: 0
naming_4%16, pending tasks: 0
naming_5%16, pending tasks: 0
naming_6%16, pending tasks: 0
naming_7%16, pending tasks: 0
naming_8%16, pending tasks: 0
naming_9%16, pending tasks: 0
naming_10%16, pending tasks: 0
naming_11%16, pending tasks: 0
naming_12%16, pending tasks: 0
naming_13%16, pending tasks: 0
naming_14%16, pending tasks: 0
naming_15%16, pending tasks: 0


2022-12-07 13:20:23,727 INFO DISTRO:|0|0|0|0|0|

2022-12-07 13:21:23,727 INFO PERFORMANCE:|0|0|0|-1|-1|0|0

2022-12-07 13:21:23,728 INFO Task worker status: 
naming_0%16, pending tasks: 0
naming_1%16, pending tasks: 0
naming_2%16, pending tasks: 0
naming_3%16, pending tasks: 0
naming_4%16, pending tasks: 0
naming_5%16, pending tasks: 0
naming_6%16, pending tasks: 0
naming_7%16, pending tasks: 0
naming_8%16, pending tasks: 0
naming_9%16, pending tasks: 0
naming_10%16, pending tasks: 0
naming_11%16, pending tasks: 0
naming_12%16, pending tasks: 0
naming_13%16, pending tasks: 0
naming_14%16, pending tasks: 0
naming_15%16, pending tasks: 0


2022-12-07 13:21:23,728 INFO DISTRO:|0|0|0|0|0|

2022-12-07 13:22:26,858 INFO PERFORMANCE:|0|0|0|-1|-1|0|0

2022-12-07 13:22:26,871 INFO Task worker status: 
naming_0%16, pending tasks: 0
naming_1%16, pending tasks: 0
naming_2%16, pending tasks: 0
naming_3%16, pending tasks: 0
naming_4%16, pending tasks: 0
naming_5%16, pending tasks: 0
naming_6%16, pending tasks: 0
naming_7%16, pending tasks: 0
naming_8%16, pending tasks: 0
naming_9%16, pending tasks: 0
naming_10%16, pending tasks: 0
naming_11%16, pending tasks: 0
naming_12%16, pending tasks: 0
naming_13%16, pending tasks: 0
naming_14%16, pending tasks: 0
naming_15%16, pending tasks: 0


2022-12-07 13:22:26,871 INFO DISTRO:|0|0|0|0|0|

2022-12-07 13:23:26,872 INFO PERFORMANCE:|0|0|0|-1|-1|0|0

2022-12-07 13:23:26,873 INFO Task worker status: 
naming_0%16, pending tasks: 0
naming_1%16, pending tasks: 0
naming_2%16, pending tasks: 0
naming_3%16, pending tasks: 0
naming_4%16, pending tasks: 0
naming_5%16, pending tasks: 0
naming_6%16, pending tasks: 0
naming_7%16, pending tasks: 0
naming_8%16, pending tasks: 0
naming_9%16, pending tasks: 0
naming_10%16, pending tasks: 0
naming_11%16, pending tasks: 0
naming_12%16, pending tasks: 0
naming_13%16, pending tasks: 0
naming_14%16, pending tasks: 0
naming_15%16, pending tasks: 0


2022-12-07 13:23:26,873 INFO DISTRO:|0|0|0|0|0|

2022-12-07 13:24:26,873 INFO PERFORMANCE:|0|0|0|-1|-1|0|0

2022-12-07 13:24:26,874 INFO Task worker status: 
naming_0%16, pending tasks: 0
naming_1%16, pending tasks: 0
naming_2%16, pending tasks: 0
naming_3%16, pending tasks: 0
naming_4%16, pending tasks: 0
naming_5%16, pending tasks: 0
naming_6%16, pending tasks: 0
naming_7%16, pending tasks: 0
naming_8%16, pending tasks: 0
naming_9%16, pending tasks: 0
naming_10%16, pending tasks: 0
naming_11%16, pending tasks: 0
naming_12%16, pending tasks: 0
naming_13%16, pending tasks: 0
naming_14%16, pending tasks: 0
naming_15%16, pending tasks: 0


2022-12-07 13:24:26,875 INFO DISTRO:|0|0|0|0|0|

2022-12-07 13:25:26,875 INFO PERFORMANCE:|serviceCount|ipCount|subscribeCount|maxPushCost|avgPushCost|totalPushCount|failPushCount

2022-12-07 13:25:26,876 INFO DISTRO:|V1SyncDone|V1SyncFail|V2SyncDone|V2SyncFail|V2VerifyFail|

2022-12-07 13:25:26,876 INFO PERFORMANCE:|0|0|0|-1|-1|0|0

2022-12-07 13:25:26,877 INFO Task worker status: 
naming_0%16, pending tasks: 0
naming_1%16, pending tasks: 0
naming_2%16, pending tasks: 0
naming_3%16, pending tasks: 0
naming_4%16, pending tasks: 0
naming_5%16, pending tasks: 0
naming_6%16, pending tasks: 0
naming_7%16, pending tasks: 0
naming_8%16, pending tasks: 0
naming_9%16, pending tasks: 0
naming_10%16, pending tasks: 0
naming_11%16, pending tasks: 0
naming_12%16, pending tasks: 0
naming_13%16, pending tasks: 0
naming_14%16, pending tasks: 0
naming_15%16, pending tasks: 0


2022-12-07 13:25:26,877 INFO DISTRO:|0|0|0|0|0|

2022-12-07 13:26:26,878 INFO PERFORMANCE:|0|0|0|-1|-1|0|0

2022-12-07 13:26:26,878 INFO Task worker status: 
naming_0%16, pending tasks: 0
naming_1%16, pending tasks: 0
naming_2%16, pending tasks: 0
naming_3%16, pending tasks: 0
naming_4%16, pending tasks: 0
naming_5%16, pending tasks: 0
naming_6%16, pending tasks: 0
naming_7%16, pending tasks: 0
naming_8%16, pending tasks: 0
naming_9%16, pending tasks: 0
naming_10%16, pending tasks: 0
naming_11%16, pending tasks: 0
naming_12%16, pending tasks: 0
naming_13%16, pending tasks: 0
naming_14%16, pending tasks: 0
naming_15%16, pending tasks: 0


2022-12-07 13:26:26,878 INFO DISTRO:|0|0|0|0|0|

2022-12-07 13:27:26,879 INFO PERFORMANCE:|0|0|0|-1|-1|0|0

2022-12-07 13:27:26,881 INFO Task worker status: 
naming_0%16, pending tasks: 0
naming_1%16, pending tasks: 0
naming_2%16, pending tasks: 0
naming_3%16, pending tasks: 0
naming_4%16, pending tasks: 0
naming_5%16, pending tasks: 0
naming_6%16, pending tasks: 0
naming_7%16, pending tasks: 0
naming_8%16, pending tasks: 0
naming_9%16, pending tasks: 0
naming_10%16, pending tasks: 0
naming_11%16, pending tasks: 0
naming_12%16, pending tasks: 0
naming_13%16, pending tasks: 0
naming_14%16, pending tasks: 0
naming_15%16, pending tasks: 0


2022-12-07 13:27:26,881 INFO DISTRO:|0|0|0|0|0|

2022-12-07 13:28:26,882 INFO PERFORMANCE:|0|0|0|-1|-1|0|0

2022-12-07 13:28:26,882 INFO Task worker status: 
naming_0%16, pending tasks: 0
naming_1%16, pending tasks: 0
naming_2%16, pending tasks: 0
naming_3%16, pending tasks: 0
naming_4%16, pending tasks: 0
naming_5%16, pending tasks: 0
naming_6%16, pending tasks: 0
naming_7%16, pending tasks: 0
naming_8%16, pending tasks: 0
naming_9%16, pending tasks: 0
naming_10%16, pending tasks: 0
naming_11%16, pending tasks: 0
naming_12%16, pending tasks: 0
naming_13%16, pending tasks: 0
naming_14%16, pending tasks: 0
naming_15%16, pending tasks: 0


2022-12-07 13:28:26,883 INFO DISTRO:|0|0|0|0|0|

2022-12-07 13:29:26,943 INFO PERFORMANCE:|0|0|0|-1|-1|0|0

2022-12-07 13:29:26,953 INFO Task worker status: 
naming_0%16, pending tasks: 0
naming_1%16, pending tasks: 0
naming_2%16, pending tasks: 0
naming_3%16, pending tasks: 0
naming_4%16, pending tasks: 0
naming_5%16, pending tasks: 0
naming_6%16, pending tasks: 0
naming_7%16, pending tasks: 0
naming_8%16, pending tasks: 0
naming_9%16, pending tasks: 0
naming_10%16, pending tasks: 0
naming_11%16, pending tasks: 0
naming_12%16, pending tasks: 0
naming_13%16, pending tasks: 0
naming_14%16, pending tasks: 0
naming_15%16, pending tasks: 0


2022-12-07 13:29:26,954 INFO DISTRO:|0|0|0|0|0|

2022-12-07 13:30:26,955 INFO PERFORMANCE:|0|0|0|-1|-1|0|0

2022-12-07 13:30:26,956 INFO Task worker status: 
naming_0%16, pending tasks: 0
naming_1%16, pending tasks: 0
naming_2%16, pending tasks: 0
naming_3%16, pending tasks: 0
naming_4%16, pending tasks: 0
naming_5%16, pending tasks: 0
naming_6%16, pending tasks: 0
naming_7%16, pending tasks: 0
naming_8%16, pending tasks: 0
naming_9%16, pending tasks: 0
naming_10%16, pending tasks: 0
naming_11%16, pending tasks: 0
naming_12%16, pending tasks: 0
naming_13%16, pending tasks: 0
naming_14%16, pending tasks: 0
naming_15%16, pending tasks: 0


2022-12-07 13:30:26,956 INFO DISTRO:|0|0|0|0|0|

2022-12-07 13:31:26,956 INFO PERFORMANCE:|0|0|0|-1|-1|0|0

2022-12-07 13:31:26,957 INFO Task worker status: 
naming_0%16, pending tasks: 0
naming_1%16, pending tasks: 0
naming_2%16, pending tasks: 0
naming_3%16, pending tasks: 0
naming_4%16, pending tasks: 0
naming_5%16, pending tasks: 0
naming_6%16, pending tasks: 0
naming_7%16, pending tasks: 0
naming_8%16, pending tasks: 0
naming_9%16, pending tasks: 0
naming_10%16, pending tasks: 0
naming_11%16, pending tasks: 0
naming_12%16, pending tasks: 0
naming_13%16, pending tasks: 0
naming_14%16, pending tasks: 0
naming_15%16, pending tasks: 0


2022-12-07 13:31:26,958 INFO DISTRO:|0|0|0|0|0|

