2022-12-07 11:31:22,454 INFO [DISTRO-INIT] waiting distro data storage register...

2022-12-07 11:31:23,455 INFO [DISTRO-INIT] waiting distro data storage register...

2022-12-07 11:31:24,456 INFO [DISTRO-INIT] load snapshot com.alibaba.nacos.naming.iplist. from 10.11.0.101:8848

2022-12-07 11:31:24,548 INFO [DISTRO-INIT] load snapshot com.alibaba.nacos.naming.iplist. from 10.11.0.101:8848 result: true

2022-12-07 11:31:24,549 INFO [DISTRO-INIT] load snapshot Nacos:Naming:v2:ClientData from 10.11.0.101:8848

2022-12-07 11:31:24,552 ERROR [DISTRO-INIT] load snapshot Nacos:Naming:v2:ClientData from 10.11.0.101:8848 failed.

com.alibaba.nacos.core.distributed.distro.exception.DistroException: [DISTRO-EXCEPTION][DISTRO-FAILED] Get distro snapshot failed! 
	at com.alibaba.nacos.naming.consistency.ephemeral.distro.v2.DistroClientTransportAgent.getDatumSnapshot(DistroClientTransportAgent.java:182)
	at com.alibaba.nacos.core.distributed.distro.task.load.DistroLoadDataTask.loadAllDataSnapshotFromRemote(DistroLoadDataTask.java:103)
	at com.alibaba.nacos.core.distributed.distro.task.load.DistroLoadDataTask.load(DistroLoadDataTask.java:87)
	at com.alibaba.nacos.core.distributed.distro.task.load.DistroLoadDataTask.run(DistroLoadDataTask.java:63)
	at java.util.concurrent.Executors$RunnableAdapter.call(Executors.java:511)
	at java.util.concurrent.FutureTask.run(FutureTask.java:266)
	at java.util.concurrent.ScheduledThreadPoolExecutor$ScheduledFutureTask.access$201(ScheduledThreadPoolExecutor.java:180)
	at java.util.concurrent.ScheduledThreadPoolExecutor$ScheduledFutureTask.run(ScheduledThreadPoolExecutor.java:293)
	at java.util.concurrent.ThreadPoolExecutor.runWorker(ThreadPoolExecutor.java:1149)
	at java.util.concurrent.ThreadPoolExecutor$Worker.run(ThreadPoolExecutor.java:624)
	at java.lang.Thread.run(Thread.java:748)
Caused by: com.alibaba.nacos.api.exception.NacosException: No rpc client related to member: Member{ip='10.11.0.101', port=8848, state=UP, extendInfo={raftPort=7848}}
	at com.alibaba.nacos.core.cluster.remote.ClusterRpcClientProxy.sendRequest(ClusterRpcClientProxy.java:176)
	at com.alibaba.nacos.core.cluster.remote.ClusterRpcClientProxy.sendRequest(ClusterRpcClientProxy.java:159)
	at com.alibaba.nacos.naming.consistency.ephemeral.distro.v2.DistroClientTransportAgent.getDatumSnapshot(DistroClientTransportAgent.java:173)
	... 10 common frames omitted
2022-12-07 11:31:24,553 INFO [DISTRO-INIT] load snapshot Nacos:Naming:v2:ClientData from 10.11.0.103:8848

2022-12-07 11:31:24,553 ERROR [DISTRO-INIT] load snapshot Nacos:Naming:v2:ClientData from 10.11.0.103:8848 failed.

com.alibaba.nacos.core.distributed.distro.exception.DistroException: [DISTRO-EXCEPTION][DISTRO-FAILED] Get distro snapshot failed! 
	at com.alibaba.nacos.naming.consistency.ephemeral.distro.v2.DistroClientTransportAgent.getDatumSnapshot(DistroClientTransportAgent.java:182)
	at com.alibaba.nacos.core.distributed.distro.task.load.DistroLoadDataTask.loadAllDataSnapshotFromRemote(DistroLoadDataTask.java:103)
	at com.alibaba.nacos.core.distributed.distro.task.load.DistroLoadDataTask.load(DistroLoadDataTask.java:87)
	at com.alibaba.nacos.core.distributed.distro.task.load.DistroLoadDataTask.run(DistroLoadDataTask.java:63)
	at java.util.concurrent.Executors$RunnableAdapter.call(Executors.java:511)
	at java.util.concurrent.FutureTask.run(FutureTask.java:266)
	at java.util.concurrent.ScheduledThreadPoolExecutor$ScheduledFutureTask.access$201(ScheduledThreadPoolExecutor.java:180)
	at java.util.concurrent.ScheduledThreadPoolExecutor$ScheduledFutureTask.run(ScheduledThreadPoolExecutor.java:293)
	at java.util.concurrent.ThreadPoolExecutor.runWorker(ThreadPoolExecutor.java:1149)
	at java.util.concurrent.ThreadPoolExecutor$Worker.run(ThreadPoolExecutor.java:624)
	at java.lang.Thread.run(Thread.java:748)
Caused by: com.alibaba.nacos.api.exception.NacosException: No rpc client related to member: Member{ip='10.11.0.103', port=8848, state=UP, extendInfo={raftPort=7848}}
	at com.alibaba.nacos.core.cluster.remote.ClusterRpcClientProxy.sendRequest(ClusterRpcClientProxy.java:176)
	at com.alibaba.nacos.core.cluster.remote.ClusterRpcClientProxy.sendRequest(ClusterRpcClientProxy.java:159)
	at com.alibaba.nacos.naming.consistency.ephemeral.distro.v2.DistroClientTransportAgent.getDatumSnapshot(DistroClientTransportAgent.java:173)
	... 10 common frames omitted
2022-12-07 11:31:27,453 WARN data storage DistroClientDataProcessor has not finished initial step, do not send verify data

2022-12-07 11:31:32,454 WARN data storage DistroClientDataProcessor has not finished initial step, do not send verify data

2022-12-07 11:31:37,455 WARN data storage DistroClientDataProcessor has not finished initial step, do not send verify data

2022-12-07 11:31:42,456 WARN data storage DistroClientDataProcessor has not finished initial step, do not send verify data

2022-12-07 11:31:47,457 WARN data storage DistroClientDataProcessor has not finished initial step, do not send verify data

2022-12-07 11:31:52,458 WARN data storage DistroClientDataProcessor has not finished initial step, do not send verify data

2022-12-07 11:31:57,459 WARN data storage DistroClientDataProcessor has not finished initial step, do not send verify data

2022-12-07 11:32:02,460 WARN data storage DistroClientDataProcessor has not finished initial step, do not send verify data

2022-12-07 11:32:07,461 WARN data storage DistroClientDataProcessor has not finished initial step, do not send verify data

2022-12-07 11:32:12,461 WARN data storage DistroClientDataProcessor has not finished initial step, do not send verify data

2022-12-07 11:32:17,462 WARN data storage DistroClientDataProcessor has not finished initial step, do not send verify data

2022-12-07 11:32:22,463 WARN data storage DistroClientDataProcessor has not finished initial step, do not send verify data

2022-12-07 11:32:24,554 INFO [DISTRO-INIT] load snapshot Nacos:Naming:v2:ClientData from 10.11.0.101:8848

2022-12-07 11:32:24,572 INFO [DISTRO-INIT] load snapshot Nacos:Naming:v2:ClientData from 10.11.0.101:8848 result: true

2022-12-07 11:32:24,572 INFO [DISTRO-INIT] load snapshot data success

2022-12-07 11:44:52,481 INFO [DISTRO-INIT] waiting distro data storage register...

2022-12-07 11:44:53,482 INFO [DISTRO-INIT] waiting distro data storage register...

2022-12-07 11:44:54,483 INFO [DISTRO-INIT] load snapshot com.alibaba.nacos.naming.iplist. from 10.11.0.101:8848

2022-12-07 11:44:54,741 INFO [DISTRO-INIT] load snapshot com.alibaba.nacos.naming.iplist. from 10.11.0.101:8848 result: true

2022-12-07 11:44:54,742 INFO [DISTRO-INIT] load snapshot Nacos:Naming:v2:ClientData from 10.11.0.101:8848

2022-12-07 11:44:54,745 ERROR [DISTRO-INIT] load snapshot Nacos:Naming:v2:ClientData from 10.11.0.101:8848 failed.

com.alibaba.nacos.core.distributed.distro.exception.DistroException: [DISTRO-EXCEPTION][DISTRO-FAILED] Get distro snapshot failed! 
	at com.alibaba.nacos.naming.consistency.ephemeral.distro.v2.DistroClientTransportAgent.getDatumSnapshot(DistroClientTransportAgent.java:186)
	at com.alibaba.nacos.core.distributed.distro.task.load.DistroLoadDataTask.loadAllDataSnapshotFromRemote(DistroLoadDataTask.java:103)
	at com.alibaba.nacos.core.distributed.distro.task.load.DistroLoadDataTask.load(DistroLoadDataTask.java:87)
	at com.alibaba.nacos.core.distributed.distro.task.load.DistroLoadDataTask.run(DistroLoadDataTask.java:63)
	at java.util.concurrent.Executors$RunnableAdapter.call(Executors.java:511)
	at java.util.concurrent.FutureTask.run(FutureTask.java:266)
	at java.util.concurrent.ScheduledThreadPoolExecutor$ScheduledFutureTask.access$201(ScheduledThreadPoolExecutor.java:180)
	at java.util.concurrent.ScheduledThreadPoolExecutor$ScheduledFutureTask.run(ScheduledThreadPoolExecutor.java:293)
	at java.util.concurrent.ThreadPoolExecutor.runWorker(ThreadPoolExecutor.java:1149)
	at java.util.concurrent.ThreadPoolExecutor$Worker.run(ThreadPoolExecutor.java:624)
	at java.lang.Thread.run(Thread.java:748)
Caused by: com.alibaba.nacos.api.exception.NacosException: No rpc client related to member: Member{ip='10.11.0.101', port=8848, state=UP, extendInfo={raftPort=7848}}
	at com.alibaba.nacos.core.cluster.remote.ClusterRpcClientProxy.sendRequest(ClusterRpcClientProxy.java:177)
	at com.alibaba.nacos.core.cluster.remote.ClusterRpcClientProxy.sendRequest(ClusterRpcClientProxy.java:161)
	at com.alibaba.nacos.naming.consistency.ephemeral.distro.v2.DistroClientTransportAgent.getDatumSnapshot(DistroClientTransportAgent.java:177)
	... 10 common frames omitted
2022-12-07 11:44:54,746 INFO [DISTRO-INIT] load snapshot Nacos:Naming:v2:ClientData from 10.11.0.103:8848

2022-12-07 11:44:54,746 ERROR [DISTRO-INIT] load snapshot Nacos:Naming:v2:ClientData from 10.11.0.103:8848 failed.

com.alibaba.nacos.core.distributed.distro.exception.DistroException: [DISTRO-EXCEPTION][DISTRO-FAILED] Get distro snapshot failed! 
	at com.alibaba.nacos.naming.consistency.ephemeral.distro.v2.DistroClientTransportAgent.getDatumSnapshot(DistroClientTransportAgent.java:186)
	at com.alibaba.nacos.core.distributed.distro.task.load.DistroLoadDataTask.loadAllDataSnapshotFromRemote(DistroLoadDataTask.java:103)
	at com.alibaba.nacos.core.distributed.distro.task.load.DistroLoadDataTask.load(DistroLoadDataTask.java:87)
	at com.alibaba.nacos.core.distributed.distro.task.load.DistroLoadDataTask.run(DistroLoadDataTask.java:63)
	at java.util.concurrent.Executors$RunnableAdapter.call(Executors.java:511)
	at java.util.concurrent.FutureTask.run(FutureTask.java:266)
	at java.util.concurrent.ScheduledThreadPoolExecutor$ScheduledFutureTask.access$201(ScheduledThreadPoolExecutor.java:180)
	at java.util.concurrent.ScheduledThreadPoolExecutor$ScheduledFutureTask.run(ScheduledThreadPoolExecutor.java:293)
	at java.util.concurrent.ThreadPoolExecutor.runWorker(ThreadPoolExecutor.java:1149)
	at java.util.concurrent.ThreadPoolExecutor$Worker.run(ThreadPoolExecutor.java:624)
	at java.lang.Thread.run(Thread.java:748)
Caused by: com.alibaba.nacos.api.exception.NacosException: No rpc client related to member: Member{ip='10.11.0.103', port=8848, state=UP, extendInfo={raftPort=7848}}
	at com.alibaba.nacos.core.cluster.remote.ClusterRpcClientProxy.sendRequest(ClusterRpcClientProxy.java:177)
	at com.alibaba.nacos.core.cluster.remote.ClusterRpcClientProxy.sendRequest(ClusterRpcClientProxy.java:161)
	at com.alibaba.nacos.naming.consistency.ephemeral.distro.v2.DistroClientTransportAgent.getDatumSnapshot(DistroClientTransportAgent.java:177)
	... 10 common frames omitted
2022-12-07 11:44:57,481 WARN data storage DistroClientDataProcessor has not finished initial step, do not send verify data

2022-12-07 11:45:02,482 WARN data storage DistroClientDataProcessor has not finished initial step, do not send verify data

2022-12-07 11:45:07,482 WARN data storage DistroClientDataProcessor has not finished initial step, do not send verify data

2022-12-07 11:45:12,483 WARN data storage DistroClientDataProcessor has not finished initial step, do not send verify data

2022-12-07 11:45:17,484 WARN data storage DistroClientDataProcessor has not finished initial step, do not send verify data

2022-12-07 11:45:22,486 WARN data storage DistroClientDataProcessor has not finished initial step, do not send verify data

2022-12-07 11:45:27,486 WARN data storage DistroClientDataProcessor has not finished initial step, do not send verify data

2022-12-07 11:45:32,487 WARN data storage DistroClientDataProcessor has not finished initial step, do not send verify data

2022-12-07 11:45:37,488 WARN data storage DistroClientDataProcessor has not finished initial step, do not send verify data

2022-12-07 11:45:42,489 WARN data storage DistroClientDataProcessor has not finished initial step, do not send verify data

2022-12-07 11:45:47,490 WARN data storage DistroClientDataProcessor has not finished initial step, do not send verify data

2022-12-07 11:45:52,491 WARN data storage DistroClientDataProcessor has not finished initial step, do not send verify data

2022-12-07 11:45:54,747 INFO [DISTRO-INIT] load snapshot Nacos:Naming:v2:ClientData from 10.11.0.101:8848

2022-12-07 11:45:54,775 INFO [DISTRO-INIT] load snapshot Nacos:Naming:v2:ClientData from 10.11.0.101:8848 result: true

2022-12-07 11:45:54,776 INFO [DISTRO-INIT] load snapshot data success

