2022-12-07 11:31:23,256 INFO Init loader limit rule from local,rule=

2022-12-07 11:31:23,516 INFO [ClientConnectionEventListenerRegistry] registry listener - ConfigConnectionEventListener

2022-12-07 11:31:23,561 INFO [ClientConnectionEventListenerRegistry] registry listener - RpcAckCallbackInitorOrCleaner

2022-12-07 11:31:23,784 INFO Nacos GrpcSdkServer Rpc server starting at port 9848

2022-12-07 11:31:23,791 INFO Nacos GrpcSdkServer Rpc server started at port 9848

2022-12-07 11:31:23,793 INFO Nacos GrpcClusterServer Rpc server starting at port 9849

2022-12-07 11:31:23,795 INFO Nacos GrpcClusterServer Rpc server started at port 9849

2022-12-07 11:31:23,820 INFO [ClientConnectionEventListenerRegistry] registry listener - ConnectionBasedClientManager

2022-12-07 11:44:53,113 INFO Init loader limit rule from local,rule=

2022-12-07 11:44:53,366 INFO [ClientConnectionEventListenerRegistry] registry listener - ConfigConnectionEventListener

2022-12-07 11:44:53,397 INFO [ClientConnectionEventListenerRegistry] registry listener - RpcAckCallbackInitorOrCleaner

2022-12-07 11:44:53,561 INFO Nacos GrpcSdkServer Rpc server starting at port 9848

2022-12-07 11:44:53,569 INFO Nacos GrpcSdkServer Rpc server started at port 9848

2022-12-07 11:44:53,571 INFO Nacos GrpcClusterServer Rpc server starting at port 9849

2022-12-07 11:44:53,573 INFO Nacos GrpcClusterServer Rpc server started at port 9849

2022-12-07 11:44:53,602 INFO [ClientConnectionEventListenerRegistry] registry listener - ConnectionBasedClientManager

2022-12-07 13:32:20,275 INFO Nacos GrpcSdkServer Rpc server stopping

2022-12-07 13:32:20,276 INFO Nacos GrpcClusterServer Rpc server stopping

2022-12-07 13:32:20,326 INFO Nacos GrpcSdkServer Rpc server stopped successfully...

2022-12-07 13:32:20,326 INFO Nacos GrpcClusterServer Rpc server stopped successfully...

