
         ,--.
       ,--.'|
   ,--,:  : |                                           Nacos 2.0.0
,`--.'`|  ' :                       ,---.               Running in cluster mode, All function modules
|   :  :  | |                      '   ,'\   .--.--.    Port: 8848
:   |   \ | :  ,--.--.     ,---.  /   /   | /  /    '   Pid: 33
|   : '  '; | /       \   /     \.   ; ,. :|  :  /`./   Console: http://10.11.0.102:8848/nacos/index.html
'   ' ;.    ;.--.  .-. | /    / ''   | |: :|  :  ;_
|   | | \   | \__\/: . ..    ' / '   | .; : \  \    `.      https://nacos.io
'   : |  ; .' ," .--.; |'   ; :__|   :    |  `----.   \
|   | '`--'  /  /  ,.  |'   | '.'|\   \  /  /  /`--'  /
'   : |     ;  :   .'   \   :    : `----'  '--'.     /
;   |.'     |  ,     .-./\   \  /            `--'---'
'---'        `--`---'     `----'

2022-12-07 11:31:15,569 INFO The server IP list of Nacos is [10.11.0.101:8848, 10.11.0.102:8848, 10.11.0.103:8848]

2022-12-07 11:31:16,571 INFO Nacos is starting...

2022-12-07 11:31:17,572 INFO Nacos is starting...

2022-12-07 11:31:18,573 INFO Nacos is starting...

2022-12-07 11:31:19,574 INFO Nacos is starting...

2022-12-07 11:31:20,575 INFO Nacos is starting...

2022-12-07 11:31:21,576 INFO Nacos is starting...

2022-12-07 11:31:22,577 INFO Nacos is starting...

2022-12-07 11:31:23,578 INFO Nacos is starting...

2022-12-07 11:31:24,579 INFO Nacos is starting...

2022-12-07 11:31:25,581 INFO Nacos is starting...

2022-12-07 11:31:25,717 INFO Nacos started successfully in cluster mode. use external storage

